** Drc report for tesla-dual-lin-rev-a.kicad_pcb **
** Created on 2026-05-30T21:58:33 **
** Report includes: Errors, Warnings **

** Found 287 DRC violations **
[clearance]: Clearance violation ( clearance 0.2000 mm; actual 0.0500 mm)
    Local override; error
    @(91.9550 mm, 15.2500 mm): Pad A1 [GND] of J1 on F.Cu
    @(91.9550 mm, 13.7500 mm): Pad B8 [<no net>] of J1 on F.Cu
[shorting_items]: Items shorting two nets (nets GND and USB_VBUS)
    Local override; error
    @(91.9550 mm, 15.2500 mm): Pad A1 [GND] of J1 on F.Cu
    @(91.9550 mm, 14.4500 mm): Pad A4 [USB_VBUS] of J1 on F.Cu
[shorting_items]: Items shorting two nets (nets GND and USB_VBUS)
    Local override; error
    @(91.9550 mm, 15.2500 mm): Pad A1 [GND] of J1 on F.Cu
    @(91.9550 mm, 14.4500 mm): Pad B9 [USB_VBUS] of J1 on F.Cu
[clearance]: Clearance violation ( clearance 0.2000 mm; actual 0.0000 mm)
    Local override; error
    @(91.9550 mm, 14.4500 mm): Pad A4 [USB_VBUS] of J1 on F.Cu
    @(91.9550 mm, 13.7500 mm): Pad B8 [<no net>] of J1 on F.Cu
[shorting_items]: Items shorting two nets (nets USB_VBUS and GND)
    Local override; error
    @(91.9550 mm, 14.4500 mm): Pad A4 [USB_VBUS] of J1 on F.Cu
    @(91.9550 mm, 15.2500 mm): Pad B12 [GND] of J1 on F.Cu
[shorting_items]: Items shorting two nets (nets USB_VBUS and CC1)
    Local override; error
    @(91.9550 mm, 14.4500 mm): Pad A4 [USB_VBUS] of J1 on F.Cu
    @(91.9550 mm, 13.2500 mm): Pad A5 [CC1] of J1 on F.Cu
[clearance]: Clearance violation ( clearance 0.2000 mm; actual 0.0000 mm)
    Local override; error
    @(91.9550 mm, 13.2500 mm): Pad A5 [CC1] of J1 on F.Cu
    @(91.9550 mm, 13.7500 mm): Pad B8 [<no net>] of J1 on F.Cu
[shorting_items]: Items shorting two nets (nets CC1 and USB_VBUS)
    Local override; error
    @(91.9550 mm, 13.2500 mm): Pad A5 [CC1] of J1 on F.Cu
    @(91.9550 mm, 14.4500 mm): Pad B9 [USB_VBUS] of J1 on F.Cu
[shorting_items]: Items shorting two nets (nets CC1 and USB_D_PLUS)
    Local override; error
    @(91.9550 mm, 13.2500 mm): Pad A5 [CC1] of J1 on F.Cu
    @(91.9550 mm, 12.2500 mm): Pad A6 [USB_D_PLUS] of J1 on F.Cu
[shorting_items]: Items shorting two nets (nets CC1 and USB_D_MINUS)
    Local override; error
    @(91.9550 mm, 13.2500 mm): Pad A5 [CC1] of J1 on F.Cu
    @(91.9550 mm, 12.7500 mm): Pad B7 [USB_D_MINUS] of J1 on F.Cu
[clearance]: Clearance violation ( clearance 0.2000 mm; actual 0.0500 mm)
    Local override; error
    @(91.9550 mm, 13.2500 mm): Pad A5 [CC1] of J1 on F.Cu
    @(91.9550 mm, 11.7500 mm): Pad A7 [USB_D_MINUS] of J1 on F.Cu
[clearance]: Clearance violation ( clearance 0.2000 mm; actual 0.0500 mm)
    Local override; error
    @(91.9550 mm, 12.2500 mm): Pad A6 [USB_D_PLUS] of J1 on F.Cu
    @(91.9550 mm, 13.7500 mm): Pad B8 [<no net>] of J1 on F.Cu
[shorting_items]: Items shorting two nets (nets USB_D_PLUS and USB_D_MINUS)
    Local override; error
    @(91.9550 mm, 12.2500 mm): Pad A6 [USB_D_PLUS] of J1 on F.Cu
    @(91.9550 mm, 11.7500 mm): Pad A7 [USB_D_MINUS] of J1 on F.Cu
[clearance]: Clearance violation ( clearance 0.2000 mm; actual 0.0500 mm)
    Local override; error
    @(91.9550 mm, 12.2500 mm): Pad A6 [USB_D_PLUS] of J1 on F.Cu
    @(91.9550 mm, 10.7500 mm): Pad A8 [<no net>] of J1 on F.Cu
[shorting_items]: Items shorting two nets (nets USB_D_PLUS and USB_D_MINUS)
    Local override; error
    @(91.9550 mm, 12.2500 mm): Pad A6 [USB_D_PLUS] of J1 on F.Cu
    @(91.9550 mm, 12.7500 mm): Pad B7 [USB_D_MINUS] of J1 on F.Cu
[clearance]: Clearance violation ( clearance 0.2000 mm; actual 0.0000 mm)
    Local override; error
    @(91.9550 mm, 11.7500 mm): Pad A7 [USB_D_MINUS] of J1 on F.Cu
    @(91.9550 mm, 10.7500 mm): Pad A8 [<no net>] of J1 on F.Cu
[clearance]: Clearance violation ( clearance 0.2000 mm; actual 0.0500 mm)
    Local override; error
    @(91.9550 mm, 11.7500 mm): Pad A7 [USB_D_MINUS] of J1 on F.Cu
    @(91.9550 mm, 10.2500 mm): Pad B5 [CC2] of J1 on F.Cu
[shorting_items]: Items shorting two nets (nets USB_D_MINUS and USB_D_PLUS)
    Local override; error
    @(91.9550 mm, 11.7500 mm): Pad A7 [USB_D_MINUS] of J1 on F.Cu
    @(91.9550 mm, 11.2500 mm): Pad B6 [USB_D_PLUS] of J1 on F.Cu
[clearance]: Clearance violation ( clearance 0.2000 mm; actual 0.0000 mm)
    Local override; error
    @(91.9550 mm, 10.7500 mm): Pad A8 [<no net>] of J1 on F.Cu
    @(91.9550 mm, 9.5500 mm): Pad A9 [USB_VBUS] of J1 on F.Cu
[clearance]: Clearance violation ( clearance 0.2000 mm; actual 0.0000 mm)
    Local override; error
    @(91.9550 mm, 10.7500 mm): Pad A8 [<no net>] of J1 on F.Cu
    @(91.9550 mm, 10.2500 mm): Pad B5 [CC2] of J1 on F.Cu
[clearance]: Clearance violation ( clearance 0.2000 mm; actual 0.0000 mm)
    Local override; error
    @(91.9550 mm, 10.7500 mm): Pad A8 [<no net>] of J1 on F.Cu
    @(91.9550 mm, 11.2500 mm): Pad B6 [USB_D_PLUS] of J1 on F.Cu
[clearance]: Clearance violation ( clearance 0.2000 mm; actual 0.0000 mm)
    Local override; error
    @(91.9550 mm, 10.7500 mm): Pad A8 [<no net>] of J1 on F.Cu
    @(91.9550 mm, 9.5500 mm): Pad B4 [USB_VBUS] of J1 on F.Cu
[shorting_items]: Items shorting two nets (nets USB_VBUS and GND)
    Local override; error
    @(91.9550 mm, 9.5500 mm): Pad A9 [USB_VBUS] of J1 on F.Cu
    @(91.9550 mm, 8.7500 mm): Pad B1 [GND] of J1 on F.Cu
[shorting_items]: Items shorting two nets (nets USB_VBUS and CC2)
    Local override; error
    @(91.9550 mm, 9.5500 mm): Pad A9 [USB_VBUS] of J1 on F.Cu
    @(91.9550 mm, 10.2500 mm): Pad B5 [CC2] of J1 on F.Cu
[shorting_items]: Items shorting two nets (nets USB_VBUS and GND)
    Local override; error
    @(91.9550 mm, 9.5500 mm): Pad A9 [USB_VBUS] of J1 on F.Cu
    @(91.9550 mm, 8.7500 mm): Pad A12 [GND] of J1 on F.Cu
[shorting_items]: Items shorting two nets (nets GND and USB_VBUS)
    Local override; error
    @(91.9550 mm, 8.7500 mm): Pad A12 [GND] of J1 on F.Cu
    @(91.9550 mm, 9.5500 mm): Pad B4 [USB_VBUS] of J1 on F.Cu
[clearance]: Clearance violation ( clearance 0.2000 mm; actual 0.0500 mm)
    Local override; error
    @(91.9550 mm, 8.7500 mm): Pad A12 [GND] of J1 on F.Cu
    @(91.9550 mm, 10.2500 mm): Pad B5 [CC2] of J1 on F.Cu
[shorting_items]: Items shorting two nets (nets GND and USB_VBUS)
    Local override; error
    @(91.9550 mm, 8.7500 mm): Pad B1 [GND] of J1 on F.Cu
    @(91.9550 mm, 9.5500 mm): Pad B4 [USB_VBUS] of J1 on F.Cu
[clearance]: Clearance violation ( clearance 0.2000 mm; actual 0.0500 mm)
    Local override; error
    @(91.9550 mm, 8.7500 mm): Pad B1 [GND] of J1 on F.Cu
    @(91.9550 mm, 10.2500 mm): Pad B5 [CC2] of J1 on F.Cu
[shorting_items]: Items shorting two nets (nets USB_VBUS and CC2)
    Local override; error
    @(91.9550 mm, 9.5500 mm): Pad B4 [USB_VBUS] of J1 on F.Cu
    @(91.9550 mm, 10.2500 mm): Pad B5 [CC2] of J1 on F.Cu
[shorting_items]: Items shorting two nets (nets CC2 and USB_D_PLUS)
    Local override; error
    @(91.9550 mm, 10.2500 mm): Pad B5 [CC2] of J1 on F.Cu
    @(91.9550 mm, 11.2500 mm): Pad B6 [USB_D_PLUS] of J1 on F.Cu
[clearance]: Clearance violation ( clearance 0.2000 mm; actual 0.0500 mm)
    Local override; error
    @(91.9550 mm, 11.2500 mm): Pad B6 [USB_D_PLUS] of J1 on F.Cu
    @(91.9550 mm, 12.7500 mm): Pad B7 [USB_D_MINUS] of J1 on F.Cu
[clearance]: Clearance violation ( clearance 0.2000 mm; actual 0.0000 mm)
    Local override; error
    @(91.9550 mm, 12.7500 mm): Pad B7 [USB_D_MINUS] of J1 on F.Cu
    @(91.9550 mm, 13.7500 mm): Pad B8 [<no net>] of J1 on F.Cu
[clearance]: Clearance violation ( clearance 0.2000 mm; actual 0.0000 mm)
    Local override; error
    @(91.9550 mm, 13.7500 mm): Pad B8 [<no net>] of J1 on F.Cu
    @(91.9550 mm, 14.4500 mm): Pad B9 [USB_VBUS] of J1 on F.Cu
[clearance]: Clearance violation ( clearance 0.2000 mm; actual 0.0500 mm)
    Local override; error
    @(91.9550 mm, 13.7500 mm): Pad B8 [<no net>] of J1 on F.Cu
    @(91.9550 mm, 15.2500 mm): Pad B12 [GND] of J1 on F.Cu
[shorting_items]: Items shorting two nets (nets USB_VBUS and GND)
    Local override; error
    @(91.9550 mm, 14.4500 mm): Pad B9 [USB_VBUS] of J1 on F.Cu
    @(91.9550 mm, 15.2500 mm): Pad B12 [GND] of J1 on F.Cu
[drill_out_of_range]: Hole size out of range (board setup constraints min hole 0.3000 mm; actual 0.2000 mm)
    Rule: board setup constraints; error
    @(15.0450 mm, 10.7000 mm): PTH pad 9 [GND] of U4
[drill_out_of_range]: Hole size out of range (board setup constraints min hole 0.3000 mm; actual 0.2000 mm)
    Rule: board setup constraints; error
    @(15.0450 mm, 12.0000 mm): PTH pad 9 [GND] of U4
[drill_out_of_range]: Hole size out of range (board setup constraints min hole 0.3000 mm; actual 0.2000 mm)
    Rule: board setup constraints; error
    @(15.0450 mm, 13.3000 mm): PTH pad 9 [GND] of U4
[drill_out_of_range]: Hole size out of range (board setup constraints min hole 0.3000 mm; actual 0.2000 mm)
    Rule: board setup constraints; error
    @(16.9550 mm, 10.7000 mm): PTH pad 9 [GND] of U4
[drill_out_of_range]: Hole size out of range (board setup constraints min hole 0.3000 mm; actual 0.2000 mm)
    Rule: board setup constraints; error
    @(16.9550 mm, 12.0000 mm): PTH pad 9 [GND] of U4
[drill_out_of_range]: Hole size out of range (board setup constraints min hole 0.3000 mm; actual 0.2000 mm)
    Rule: board setup constraints; error
    @(16.9550 mm, 13.3000 mm): PTH pad 9 [GND] of U4
[drill_out_of_range]: Hole size out of range (board setup constraints min hole 0.3000 mm; actual 0.2000 mm)
    Rule: board setup constraints; error
    @(87.1000 mm, 30.6100 mm): PTH pad 41 [GND] of U1
[drill_out_of_range]: Hole size out of range (board setup constraints min hole 0.3000 mm; actual 0.2000 mm)
    Rule: board setup constraints; error
    @(87.1000 mm, 32.0100 mm): PTH pad 41 [GND] of U1
[drill_out_of_range]: Hole size out of range (board setup constraints min hole 0.3000 mm; actual 0.2000 mm)
    Rule: board setup constraints; error
    @(87.8000 mm, 29.9100 mm): PTH pad 41 [GND] of U1
[drill_out_of_range]: Hole size out of range (board setup constraints min hole 0.3000 mm; actual 0.2000 mm)
    Rule: board setup constraints; error
    @(87.8000 mm, 31.3100 mm): PTH pad 41 [GND] of U1
[drill_out_of_range]: Hole size out of range (board setup constraints min hole 0.3000 mm; actual 0.2000 mm)
    Rule: board setup constraints; error
    @(87.8000 mm, 32.7100 mm): PTH pad 41 [GND] of U1
[drill_out_of_range]: Hole size out of range (board setup constraints min hole 0.3000 mm; actual 0.2000 mm)
    Rule: board setup constraints; error
    @(88.5000 mm, 30.6100 mm): PTH pad 41 [GND] of U1
[drill_out_of_range]: Hole size out of range (board setup constraints min hole 0.3000 mm; actual 0.2000 mm)
    Rule: board setup constraints; error
    @(88.5000 mm, 32.0100 mm): PTH pad 41 [GND] of U1
[drill_out_of_range]: Hole size out of range (board setup constraints min hole 0.3000 mm; actual 0.2000 mm)
    Rule: board setup constraints; error
    @(89.2000 mm, 29.9100 mm): PTH pad 41 [GND] of U1
[drill_out_of_range]: Hole size out of range (board setup constraints min hole 0.3000 mm; actual 0.2000 mm)
    Rule: board setup constraints; error
    @(89.2000 mm, 31.3100 mm): PTH pad 41 [GND] of U1
[drill_out_of_range]: Hole size out of range (board setup constraints min hole 0.3000 mm; actual 0.2000 mm)
    Rule: board setup constraints; error
    @(89.2000 mm, 32.7100 mm): PTH pad 41 [GND] of U1
[drill_out_of_range]: Hole size out of range (board setup constraints min hole 0.3000 mm; actual 0.2000 mm)
    Rule: board setup constraints; error
    @(89.9000 mm, 30.6100 mm): PTH pad 41 [GND] of U1
[drill_out_of_range]: Hole size out of range (board setup constraints min hole 0.3000 mm; actual 0.2000 mm)
    Rule: board setup constraints; error
    @(89.9000 mm, 32.0100 mm): PTH pad 41 [GND] of U1
[solder_mask_bridge]: Front solder mask aperture bridges items with different nets
    Rule: board setup solder mask min width; error
    @(91.9550 mm, 15.2500 mm): Pad A1 [GND] of J1 on F.Cu
    @(91.9550 mm, 14.4500 mm): Pad A4 [USB_VBUS] of J1 on F.Cu
[solder_mask_bridge]: Front solder mask aperture bridges items with different nets
    Rule: board setup solder mask min width; error
    @(91.9550 mm, 15.2500 mm): Pad A1 [GND] of J1 on F.Cu
    @(91.9550 mm, 14.4500 mm): Pad B9 [USB_VBUS] of J1 on F.Cu
[solder_mask_bridge]: Front solder mask aperture bridges items with different nets
    Rule: board setup solder mask min width; error
    @(91.9550 mm, 14.4500 mm): Pad A4 [USB_VBUS] of J1 on F.Cu
    @(91.9550 mm, 13.7500 mm): Pad B8 [<no net>] of J1 on F.Cu
[solder_mask_bridge]: Front solder mask aperture bridges items with different nets
    Rule: board setup solder mask min width; error
    @(91.9550 mm, 14.4500 mm): Pad A4 [USB_VBUS] of J1 on F.Cu
    @(91.9550 mm, 15.2500 mm): Pad B12 [GND] of J1 on F.Cu
[solder_mask_bridge]: Front solder mask aperture bridges items with different nets
    Rule: board setup solder mask min width; error
    @(91.9550 mm, 14.4500 mm): Pad A4 [USB_VBUS] of J1 on F.Cu
    @(91.9550 mm, 13.2500 mm): Pad A5 [CC1] of J1 on F.Cu
[solder_mask_bridge]: Front solder mask aperture bridges items with different nets
    Rule: board setup solder mask min width; error
    @(91.9550 mm, 12.7500 mm): Pad B7 [USB_D_MINUS] of J1 on F.Cu
    @(91.9550 mm, 13.7500 mm): Pad B8 [<no net>] of J1 on F.Cu
[solder_mask_bridge]: Front solder mask aperture bridges items with different nets
    Rule: board setup solder mask min width; error
    @(91.9550 mm, 13.2500 mm): Pad A5 [CC1] of J1 on F.Cu
    @(91.9550 mm, 13.7500 mm): Pad B8 [<no net>] of J1 on F.Cu
[solder_mask_bridge]: Front solder mask aperture bridges items with different nets
    Rule: board setup solder mask min width; error
    @(91.9550 mm, 13.2500 mm): Pad A5 [CC1] of J1 on F.Cu
    @(91.9550 mm, 14.4500 mm): Pad B9 [USB_VBUS] of J1 on F.Cu
[solder_mask_bridge]: Front solder mask aperture bridges items with different nets
    Rule: board setup solder mask min width; error
    @(91.9550 mm, 12.7500 mm): Pad B7 [USB_D_MINUS] of J1 on F.Cu
    @(91.9550 mm, 13.2500 mm): Pad A5 [CC1] of J1 on F.Cu
[solder_mask_bridge]: Front solder mask aperture bridges items with different nets
    Rule: board setup solder mask min width; error
    @(91.9550 mm, 13.2500 mm): Pad A5 [CC1] of J1 on F.Cu
    @(91.9550 mm, 12.2500 mm): Pad A6 [USB_D_PLUS] of J1 on F.Cu
[solder_mask_bridge]: Front solder mask aperture bridges items with different nets
    Rule: board setup solder mask min width; error
    @(91.9550 mm, 12.7500 mm): Pad B7 [USB_D_MINUS] of J1 on F.Cu
    @(91.9550 mm, 12.2500 mm): Pad A6 [USB_D_PLUS] of J1 on F.Cu
[solder_mask_bridge]: Front solder mask aperture bridges items with different nets
    Rule: board setup solder mask min width; error
    @(91.9550 mm, 13.7500 mm): Pad B8 [<no net>] of J1 on F.Cu
    @(91.9550 mm, 14.4500 mm): Pad B9 [USB_VBUS] of J1 on F.Cu
[solder_mask_bridge]: Front solder mask aperture bridges items with different nets
    Rule: board setup solder mask min width; error
    @(91.9550 mm, 14.4500 mm): Pad B9 [USB_VBUS] of J1 on F.Cu
    @(91.9550 mm, 15.2500 mm): Pad B12 [GND] of J1 on F.Cu
[solder_mask_bridge]: Front solder mask aperture bridges items with different nets
    Rule: board setup solder mask min width; error
    @(91.9550 mm, 12.2500 mm): Pad A6 [USB_D_PLUS] of J1 on F.Cu
    @(91.9550 mm, 11.7500 mm): Pad A7 [USB_D_MINUS] of J1 on F.Cu
[solder_mask_bridge]: Front solder mask aperture bridges items with different nets
    Rule: board setup solder mask min width; error
    @(91.9550 mm, 11.7500 mm): Pad A7 [USB_D_MINUS] of J1 on F.Cu
    @(91.9550 mm, 10.7500 mm): Pad A8 [<no net>] of J1 on F.Cu
[solder_mask_bridge]: Front solder mask aperture bridges items with different nets
    Rule: board setup solder mask min width; error
    @(91.9550 mm, 11.7500 mm): Pad A7 [USB_D_MINUS] of J1 on F.Cu
    @(91.9550 mm, 11.2500 mm): Pad B6 [USB_D_PLUS] of J1 on F.Cu
[solder_mask_bridge]: Front solder mask aperture bridges items with different nets
    Rule: board setup solder mask min width; error
    @(91.9550 mm, 10.7500 mm): Pad A8 [<no net>] of J1 on F.Cu
    @(91.9550 mm, 9.5500 mm): Pad A9 [USB_VBUS] of J1 on F.Cu
[solder_mask_bridge]: Front solder mask aperture bridges items with different nets
    Rule: board setup solder mask min width; error
    @(91.9550 mm, 10.7500 mm): Pad A8 [<no net>] of J1 on F.Cu
    @(91.9550 mm, 10.2500 mm): Pad B5 [CC2] of J1 on F.Cu
[solder_mask_bridge]: Front solder mask aperture bridges items with different nets
    Rule: board setup solder mask min width; error
    @(91.9550 mm, 10.7500 mm): Pad A8 [<no net>] of J1 on F.Cu
    @(91.9550 mm, 11.2500 mm): Pad B6 [USB_D_PLUS] of J1 on F.Cu
[solder_mask_bridge]: Front solder mask aperture bridges items with different nets
    Rule: board setup solder mask min width; error
    @(91.9550 mm, 10.7500 mm): Pad A8 [<no net>] of J1 on F.Cu
    @(91.9550 mm, 9.5500 mm): Pad B4 [USB_VBUS] of J1 on F.Cu
[solder_mask_bridge]: Front solder mask aperture bridges items with different nets
    Rule: board setup solder mask min width; error
    @(91.9550 mm, 9.5500 mm): Pad A9 [USB_VBUS] of J1 on F.Cu
    @(91.9550 mm, 8.7500 mm): Pad B1 [GND] of J1 on F.Cu
[solder_mask_bridge]: Front solder mask aperture bridges items with different nets
    Rule: board setup solder mask min width; error
    @(91.9550 mm, 9.5500 mm): Pad A9 [USB_VBUS] of J1 on F.Cu
    @(91.9550 mm, 10.2500 mm): Pad B5 [CC2] of J1 on F.Cu
[solder_mask_bridge]: Front solder mask aperture bridges items with different nets
    Rule: board setup solder mask min width; error
    @(91.9550 mm, 9.5500 mm): Pad A9 [USB_VBUS] of J1 on F.Cu
    @(91.9550 mm, 8.7500 mm): Pad A12 [GND] of J1 on F.Cu
[solder_mask_bridge]: Front solder mask aperture bridges items with different nets
    Rule: board setup solder mask min width; error
    @(91.9550 mm, 8.7500 mm): Pad A12 [GND] of J1 on F.Cu
    @(91.9550 mm, 9.5500 mm): Pad B4 [USB_VBUS] of J1 on F.Cu
[solder_mask_bridge]: Front solder mask aperture bridges items with different nets
    Rule: board setup solder mask min width; error
    @(91.9550 mm, 8.7500 mm): Pad B1 [GND] of J1 on F.Cu
    @(91.9550 mm, 9.5500 mm): Pad B4 [USB_VBUS] of J1 on F.Cu
[solder_mask_bridge]: Front solder mask aperture bridges items with different nets
    Rule: board setup solder mask min width; error
    @(91.9550 mm, 9.5500 mm): Pad B4 [USB_VBUS] of J1 on F.Cu
    @(91.9550 mm, 10.2500 mm): Pad B5 [CC2] of J1 on F.Cu
[solder_mask_bridge]: Front solder mask aperture bridges items with different nets
    Rule: board setup solder mask min width; error
    @(91.9550 mm, 10.2500 mm): Pad B5 [CC2] of J1 on F.Cu
    @(91.9550 mm, 11.2500 mm): Pad B6 [USB_D_PLUS] of J1 on F.Cu
[lib_footprint_issues]: The current configuration does not include the footprint library 'MountingHole'
    Local override; warning
    @(4.0000 mm, 4.0000 mm): Footprint REF**
[lib_footprint_issues]: The current configuration does not include the footprint library 'MountingHole'
    Local override; warning
    @(96.0000 mm, 4.0000 mm): Footprint REF**
[lib_footprint_issues]: The current configuration does not include the footprint library 'MountingHole'
    Local override; warning
    @(4.0000 mm, 56.0000 mm): Footprint REF**
[lib_footprint_issues]: The current configuration does not include the footprint library 'MountingHole'
    Local override; warning
    @(96.0000 mm, 56.0000 mm): Footprint REF**
[lib_footprint_issues]: The current configuration does not include the footprint library 'Package_SO'
    Local override; warning
    @(16.0000 mm, 12.0000 mm): Footprint U4
[lib_footprint_issues]: The current configuration does not include the footprint library 'Capacitor_SMD'
    Local override; warning
    @(30.0000 mm, 12.0000 mm): Footprint C_IN
[lib_footprint_issues]: The current configuration does not include the footprint library 'Inductor_SMD'
    Local override; warning
    @(16.0000 mm, 24.0000 mm): Footprint L1
[lib_footprint_issues]: The current configuration does not include the footprint library 'Capacitor_SMD'
    Local override; warning
    @(30.0000 mm, 24.0000 mm): Footprint C_3V3
[lib_footprint_issues]: The current configuration does not include the footprint library 'Capacitor_SMD'
    Local override; warning
    @(22.0000 mm, 36.0000 mm): Footprint C_BST
[lib_footprint_issues]: The current configuration does not include the footprint library 'Resistor_SMD'
    Local override; warning
    @(10.0000 mm, 40.0000 mm): Footprint R_FB_TOP
[lib_footprint_issues]: The current configuration does not include the footprint library 'Resistor_SMD'
    Local override; warning
    @(15.0000 mm, 40.0000 mm): Footprint R_FB_BOT
[lib_footprint_issues]: The current configuration does not include the footprint library 'Resistor_SMD'
    Local override; warning
    @(20.0000 mm, 40.0000 mm): Footprint R_BUCK_EN
[lib_footprint_issues]: The current configuration does not include the footprint library 'Resistor_SMD'
    Local override; warning
    @(25.0000 mm, 40.0000 mm): Footprint R_BUCK_RON
[lib_footprint_issues]: The current configuration does not include the footprint library 'Resistor_SMD'
    Local override; warning
    @(30.0000 mm, 40.0000 mm): Footprint R_PGOOD_PU
[lib_footprint_issues]: The current configuration does not include the footprint library 'Package_SO'
    Local override; warning
    @(10.0000 mm, 44.0000 mm): Footprint Q1
[lib_footprint_issues]: The current configuration does not include the footprint library 'Fuse'
    Local override; warning
    @(16.0000 mm, 50.0000 mm): Footprint F1
[lib_footprint_issues]: The current configuration does not include the footprint library 'Diode_SMD'
    Local override; warning
    @(30.0000 mm, 48.0000 mm): Footprint D1
[lib_footprint_issues]: The current configuration does not include the footprint library 'Inductor_SMD'
    Local override; warning
    @(44.0000 mm, 48.0000 mm): Footprint FB1
[lib_footprint_issues]: The current configuration does not include the footprint library 'Package_SO'
    Local override; warning
    @(48.0000 mm, 8.0000 mm): Footprint U2
[lib_footprint_issues]: The current configuration does not include the footprint library 'Package_SO'
    Local override; warning
    @(48.0000 mm, 32.0000 mm): Footprint U3
[lib_footprint_issues]: The current configuration does not include the footprint library 'Resistor_SMD'
    Local override; warning
    @(68.0000 mm, 8.0000 mm): Footprint R_WAKE_A
[lib_footprint_issues]: The current configuration does not include the footprint library 'Resistor_SMD'
    Local override; warning
    @(73.0000 mm, 8.0000 mm): Footprint R_WAKE_B
[lib_footprint_issues]: The current configuration does not include the footprint library 'Resistor_SMD'
    Local override; warning
    @(78.0000 mm, 8.0000 mm): Footprint R_LINA_SER
[lib_footprint_issues]: The current configuration does not include the footprint library 'Resistor_SMD'
    Local override; warning
    @(68.0000 mm, 32.0000 mm): Footprint R_LINB_SER
[lib_footprint_issues]: The current configuration does not include the footprint library 'Resistor_SMD'
    Local override; warning
    @(73.0000 mm, 32.0000 mm): Footprint R_LINEN_PD
[lib_footprint_issues]: The current configuration does not include the footprint library 'Resistor_SMD'
    Local override; warning
    @(78.0000 mm, 32.0000 mm): Footprint R_ARMSENSE_PD
[lib_footprint_issues]: The current configuration does not include the footprint library 'Diode_SMD'
    Local override; warning
    @(68.0000 mm, 20.0000 mm): Footprint D2
[lib_footprint_issues]: The current configuration does not include the footprint library 'Diode_SMD'
    Local override; warning
    @(78.0000 mm, 40.0000 mm): Footprint D3
[lib_footprint_issues]: The current configuration does not include the footprint library 'RF_Module'
    Local override; warning
    @(90.0000 mm, 32.0000 mm): Footprint U1
[lib_footprint_issues]: The current configuration does not include the footprint library 'Button_Switch_SMD'
    Local override; warning
    @(66.0000 mm, 46.0000 mm): Footprint SW1
[lib_footprint_issues]: The current configuration does not include the footprint library 'Connector_USB'
    Local override; warning
    @(96.0000 mm, 12.0000 mm): Footprint J1
[lib_footprint_issues]: The current configuration does not include the footprint library 'Package_TO_SOT_SMD'
    Local override; warning
    @(84.0000 mm, 10.0000 mm): Footprint D4
[lib_footprint_issues]: The current configuration does not include the footprint library 'Resistor_SMD'
    Local override; warning
    @(76.0000 mm, 46.0000 mm): Footprint R_EN
[lib_footprint_issues]: The current configuration does not include the footprint library 'Resistor_SMD'
    Local override; warning
    @(81.0000 mm, 46.0000 mm): Footprint R_BOOT
[lib_footprint_issues]: The current configuration does not include the footprint library 'Resistor_SMD'
    Local override; warning
    @(76.0000 mm, 52.0000 mm): Footprint R_CC1
[lib_footprint_issues]: The current configuration does not include the footprint library 'Resistor_SMD'
    Local override; warning
    @(81.0000 mm, 52.0000 mm): Footprint R_CC2
[lib_footprint_issues]: The current configuration does not include the footprint library 'TestPoint'
    Local override; warning
    @(7.0000 mm, 54.0000 mm): Footprint TP1
[lib_footprint_issues]: The current configuration does not include the footprint library 'TestPoint'
    Local override; warning
    @(11.5000 mm, 54.0000 mm): Footprint TP2
[lib_footprint_issues]: The current configuration does not include the footprint library 'TestPoint'
    Local override; warning
    @(16.0000 mm, 54.0000 mm): Footprint TP3
[lib_footprint_issues]: The current configuration does not include the footprint library 'TestPoint'
    Local override; warning
    @(20.5000 mm, 54.0000 mm): Footprint TP4
[lib_footprint_issues]: The current configuration does not include the footprint library 'TestPoint'
    Local override; warning
    @(25.0000 mm, 54.0000 mm): Footprint TP5
[lib_footprint_issues]: The current configuration does not include the footprint library 'TestPoint'
    Local override; warning
    @(29.5000 mm, 54.0000 mm): Footprint TP6
[lib_footprint_issues]: The current configuration does not include the footprint library 'TestPoint'
    Local override; warning
    @(34.0000 mm, 54.0000 mm): Footprint TP7
[lib_footprint_issues]: The current configuration does not include the footprint library 'TestPoint'
    Local override; warning
    @(38.5000 mm, 54.0000 mm): Footprint TP8
[lib_footprint_issues]: The current configuration does not include the footprint library 'TestPoint'
    Local override; warning
    @(43.0000 mm, 54.0000 mm): Footprint TP9
[lib_footprint_issues]: The current configuration does not include the footprint library 'TestPoint'
    Local override; warning
    @(47.5000 mm, 54.0000 mm): Footprint TP10
[lib_footprint_issues]: The current configuration does not include the footprint library 'TestPoint'
    Local override; warning
    @(52.0000 mm, 54.0000 mm): Footprint TP11
[lib_footprint_issues]: The current configuration does not include the footprint library 'TestPoint'
    Local override; warning
    @(56.5000 mm, 54.0000 mm): Footprint TP12
[lib_footprint_issues]: The current configuration does not include the footprint library 'TestPoint'
    Local override; warning
    @(61.0000 mm, 54.0000 mm): Footprint TP13
[lib_footprint_issues]: The current configuration does not include the footprint library 'TestPoint'
    Local override; warning
    @(65.5000 mm, 54.0000 mm): Footprint TP14
[lib_footprint_issues]: The current configuration does not include the footprint library 'TestPoint'
    Local override; warning
    @(70.0000 mm, 54.0000 mm): Footprint TP15
[lib_footprint_issues]: The current configuration does not include the footprint library 'TestPoint'
    Local override; warning
    @(74.5000 mm, 54.0000 mm): Footprint TP16
[lib_footprint_issues]: The current configuration does not include the footprint library 'TestPoint'
    Local override; warning
    @(79.0000 mm, 54.0000 mm): Footprint TP17
[lib_footprint_issues]: The current configuration does not include the footprint library 'TestPoint'
    Local override; warning
    @(83.5000 mm, 54.0000 mm): Footprint TP18
[lib_footprint_issues]: The current configuration does not include the footprint library 'TestPoint'
    Local override; warning
    @(88.0000 mm, 54.0000 mm): Footprint TP19
[lib_footprint_issues]: The current configuration does not include the footprint library 'TestPoint'
    Local override; warning
    @(92.5000 mm, 54.0000 mm): Footprint TP20
[lib_footprint_issues]: The current configuration does not include the footprint library 'Fiducial'
    Local override; warning
    @(42.0000 mm, 5.0000 mm): Footprint FID1
[lib_footprint_issues]: The current configuration does not include the footprint library 'Fiducial'
    Local override; warning
    @(76.0000 mm, 5.0000 mm): Footprint FID2
[lib_footprint_issues]: The current configuration does not include the footprint library 'Fiducial'
    Local override; warning
    @(96.0000 mm, 56.0000 mm): Footprint FID3
[silk_overlap]: Silkscreen clearance
    Rule: board setup constraints silk; warning
    @(92.5000 mm, 54.0000 mm): Circle of TP20 on F.Silkscreen
    @(92.5000 mm, 54.0000 mm): Reference field of TP20
[silk_overlap]: Silkscreen clearance
    Rule: board setup constraints silk; warning
    @(92.5000 mm, 54.0000 mm): Circle of TP20 on F.Silkscreen
    @(92.5000 mm, 54.0000 mm): Reference field of TP20
[silk_overlap]: Silkscreen clearance
    Rule: board setup constraints silk; warning
    @(73.0000 mm, 32.0000 mm): Reference field of R_LINEN_PD
    @(68.0000 mm, 32.0000 mm): Reference field of R_LINB_SER
[silk_overlap]: Silkscreen clearance
    Rule: board setup constraints silk; warning
    @(73.0000 mm, 32.0000 mm): Reference field of R_LINEN_PD
    @(78.0000 mm, 32.0000 mm): Reference field of R_ARMSENSE_PD
[silk_overlap]: Silkscreen clearance
    Rule: board setup constraints silk; warning
    @(72.7627 mm, 32.5225 mm): Segment of R_LINEN_PD on F.Silkscreen
    @(73.0000 mm, 32.0000 mm): Reference field of R_LINEN_PD
[silk_overlap]: Silkscreen clearance
    Rule: board setup constraints silk; warning
    @(73.0000 mm, 32.0000 mm): Reference field of R_LINEN_PD
    @(72.7627 mm, 31.4775 mm): Segment of R_LINEN_PD on F.Silkscreen
[silk_overlap]: Silkscreen clearance
    Rule: board setup constraints silk; warning
    @(72.7627 mm, 32.5225 mm): Segment of R_LINEN_PD on F.Silkscreen
    @(78.0000 mm, 32.0000 mm): Reference field of R_ARMSENSE_PD
[silk_overlap]: Silkscreen clearance
    Rule: board setup constraints silk; warning
    @(78.0000 mm, 32.0000 mm): Reference field of R_ARMSENSE_PD
    @(68.0000 mm, 32.0000 mm): Reference field of R_LINB_SER
[silk_overlap]: Silkscreen clearance
    Rule: board setup constraints silk; warning
    @(78.0000 mm, 32.0000 mm): Reference field of R_ARMSENSE_PD
    @(77.7627 mm, 32.5225 mm): Segment of R_ARMSENSE_PD on F.Silkscreen
[silk_overlap]: Silkscreen clearance
    Rule: board setup constraints silk; warning
    @(77.7627 mm, 31.4775 mm): Segment of R_ARMSENSE_PD on F.Silkscreen
    @(78.0000 mm, 32.0000 mm): Reference field of R_ARMSENSE_PD
[silk_overlap]: Silkscreen clearance
    Rule: board setup constraints silk; warning
    @(75.7627 mm, 46.5225 mm): Segment of R_EN on F.Silkscreen
    @(76.0000 mm, 46.0000 mm): Reference field of R_EN
[silk_overlap]: Silkscreen clearance
    Rule: board setup constraints silk; warning
    @(75.7627 mm, 45.4775 mm): Segment of R_EN on F.Silkscreen
    @(76.0000 mm, 46.0000 mm): Reference field of R_EN
[silk_overlap]: Silkscreen clearance
    Rule: board setup constraints silk; warning
    @(81.0000 mm, 46.0000 mm): Reference field of R_BOOT
    @(80.7627 mm, 45.4775 mm): Segment of R_BOOT on F.Silkscreen
[silk_overlap]: Silkscreen clearance
    Rule: board setup constraints silk; warning
    @(76.0000 mm, 52.0000 mm): Reference field of R_CC1
    @(75.7627 mm, 52.5225 mm): Segment of R_CC1 on F.Silkscreen
[silk_overlap]: Silkscreen clearance
    Rule: board setup constraints silk; warning
    @(76.0000 mm, 52.0000 mm): Reference field of R_CC1
    @(75.7627 mm, 51.4775 mm): Segment of R_CC1 on F.Silkscreen
[silk_overlap]: Silkscreen clearance
    Rule: board setup constraints silk; warning
    @(80.7627 mm, 52.5225 mm): Segment of R_CC2 on F.Silkscreen
    @(81.0000 mm, 52.0000 mm): Reference field of R_CC2
[silk_overlap]: Silkscreen clearance
    Rule: board setup constraints silk; warning
    @(81.0000 mm, 52.0000 mm): Reference field of R_CC2
    @(80.7627 mm, 51.4775 mm): Segment of R_CC2 on F.Silkscreen
[silk_overlap]: Silkscreen clearance
    Rule: board setup constraints silk; warning
    @(81.0000 mm, 46.0000 mm): Reference field of R_BOOT
    @(80.7627 mm, 46.5225 mm): Segment of R_BOOT on F.Silkscreen
[silk_overlap]: Silkscreen clearance
    Rule: board setup constraints silk; warning
    @(92.5000 mm, 54.0000 mm): Circle of TP20 on F.Silkscreen
    @(92.5000 mm, 54.0000 mm): Reference field of TP20
[silk_overlap]: Silkscreen clearance
    Rule: board setup constraints silk; warning
    @(21.8594 mm, 35.4900 mm): Segment of C_BST on F.Silkscreen
    @(22.0000 mm, 36.0000 mm): Reference field of C_BST
[silk_overlap]: Silkscreen clearance
    Rule: board setup constraints silk; warning
    @(21.8594 mm, 36.5100 mm): Segment of C_BST on F.Silkscreen
    @(22.0000 mm, 36.0000 mm): Reference field of C_BST
[silk_overlap]: Silkscreen clearance
    Rule: board setup constraints silk; warning
    @(20.0000 mm, 40.0000 mm): Reference field of R_BUCK_EN
    @(25.0000 mm, 40.0000 mm): Reference field of R_BUCK_RON
[silk_overlap]: Silkscreen clearance
    Rule: board setup constraints silk; warning
    @(25.0000 mm, 40.0000 mm): Reference field of R_BUCK_RON
    @(24.7627 mm, 40.5225 mm): Segment of R_BUCK_RON on F.Silkscreen
[silk_overlap]: Silkscreen clearance
    Rule: board setup constraints silk; warning
    @(25.0000 mm, 40.0000 mm): Reference field of R_BUCK_RON
    @(24.7627 mm, 39.4775 mm): Segment of R_BUCK_RON on F.Silkscreen
[silk_overlap]: Silkscreen clearance
    Rule: board setup constraints silk; warning
    @(25.0000 mm, 40.0000 mm): Reference field of R_BUCK_RON
    @(30.0000 mm, 40.0000 mm): Reference field of R_PGOOD_PU
[silk_overlap]: Silkscreen clearance
    Rule: board setup constraints silk; warning
    @(10.0000 mm, 40.0000 mm): Reference field of R_FB_TOP
    @(9.7627 mm, 39.4775 mm): Segment of R_FB_TOP on F.Silkscreen
[silk_overlap]: Silkscreen clearance
    Rule: board setup constraints silk; warning
    @(10.0000 mm, 40.0000 mm): Reference field of R_FB_TOP
    @(9.7627 mm, 40.5225 mm): Segment of R_FB_TOP on F.Silkscreen
[silk_overlap]: Silkscreen clearance
    Rule: board setup constraints silk; warning
    @(10.0000 mm, 40.0000 mm): Reference field of R_FB_TOP
    @(15.0000 mm, 40.0000 mm): Reference field of R_FB_BOT
[silk_overlap]: Silkscreen clearance
    Rule: board setup constraints silk; warning
    @(15.0000 mm, 40.0000 mm): Reference field of R_FB_BOT
    @(14.7627 mm, 40.5225 mm): Segment of R_FB_BOT on F.Silkscreen
[silk_overlap]: Silkscreen clearance
    Rule: board setup constraints silk; warning
    @(15.0000 mm, 40.0000 mm): Reference field of R_FB_BOT
    @(14.7627 mm, 39.4775 mm): Segment of R_FB_BOT on F.Silkscreen
[silk_overlap]: Silkscreen clearance
    Rule: board setup constraints silk; warning
    @(20.0000 mm, 40.0000 mm): Reference field of R_BUCK_EN
    @(15.0000 mm, 40.0000 mm): Reference field of R_FB_BOT
[silk_overlap]: Silkscreen clearance
    Rule: board setup constraints silk; warning
    @(20.0000 mm, 40.0000 mm): Reference field of R_BUCK_EN
    @(19.7627 mm, 40.5225 mm): Segment of R_BUCK_EN on F.Silkscreen
[silk_overlap]: Silkscreen clearance
    Rule: board setup constraints silk; warning
    @(20.0000 mm, 40.0000 mm): Reference field of R_BUCK_EN
    @(19.7627 mm, 39.4775 mm): Segment of R_BUCK_EN on F.Silkscreen
[silk_overlap]: Silkscreen clearance
    Rule: board setup constraints silk; warning
    @(92.5000 mm, 54.0000 mm): Circle of TP20 on F.Silkscreen
    @(92.5000 mm, 54.0000 mm): Reference field of TP20
[silk_overlap]: Silkscreen clearance
    Rule: board setup constraints silk; warning
    @(92.5000 mm, 54.0000 mm): Circle of TP20 on F.Silkscreen
    @(92.5000 mm, 54.0000 mm): Reference field of TP20
[silk_overlap]: Silkscreen clearance
    Rule: board setup constraints silk; warning
    @(92.5000 mm, 54.0000 mm): Circle of TP20 on F.Silkscreen
    @(92.5000 mm, 54.0000 mm): Reference field of TP20
[silk_overlap]: Silkscreen clearance
    Rule: board setup constraints silk; warning
    @(92.5000 mm, 54.0000 mm): Circle of TP20 on F.Silkscreen
    @(92.5000 mm, 54.0000 mm): Reference field of TP20
[silk_overlap]: Silkscreen clearance
    Rule: board setup constraints silk; warning
    @(30.0000 mm, 40.0000 mm): Reference field of R_PGOOD_PU
    @(29.7627 mm, 39.4775 mm): Segment of R_PGOOD_PU on F.Silkscreen
[silk_overlap]: Silkscreen clearance
    Rule: board setup constraints silk; warning
    @(92.5000 mm, 54.0000 mm): Circle of TP20 on F.Silkscreen
    @(92.5000 mm, 54.0000 mm): Reference field of TP20
[silk_overlap]: Silkscreen clearance
    Rule: board setup constraints silk; warning
    @(92.5000 mm, 54.0000 mm): Circle of TP20 on F.Silkscreen
    @(92.5000 mm, 54.0000 mm): Reference field of TP20
[silk_overlap]: Silkscreen clearance
    Rule: board setup constraints silk; warning
    @(68.0000 mm, 8.0000 mm): Reference field of R_WAKE_A
    @(67.7627 mm, 7.4775 mm): Segment of R_WAKE_A on F.Silkscreen
[silk_overlap]: Silkscreen clearance
    Rule: board setup constraints silk; warning
    @(68.0000 mm, 8.0000 mm): Reference field of R_WAKE_A
    @(67.7627 mm, 8.5225 mm): Segment of R_WAKE_A on F.Silkscreen
[silk_overlap]: Silkscreen clearance
    Rule: board setup constraints silk; warning
    @(68.0000 mm, 8.0000 mm): Reference field of R_WAKE_A
    @(73.0000 mm, 8.0000 mm): Reference field of R_WAKE_B
[silk_overlap]: Silkscreen clearance
    Rule: board setup constraints silk; warning
    @(72.7627 mm, 7.4775 mm): Segment of R_WAKE_B on F.Silkscreen
    @(73.0000 mm, 8.0000 mm): Reference field of R_WAKE_B
[silk_overlap]: Silkscreen clearance
    Rule: board setup constraints silk; warning
    @(72.7627 mm, 8.5225 mm): Segment of R_WAKE_B on F.Silkscreen
    @(73.0000 mm, 8.0000 mm): Reference field of R_WAKE_B
[silk_overlap]: Silkscreen clearance
    Rule: board setup constraints silk; warning
    @(78.0000 mm, 8.0000 mm): Reference field of R_LINA_SER
    @(73.0000 mm, 8.0000 mm): Reference field of R_WAKE_B
[silk_overlap]: Silkscreen clearance
    Rule: board setup constraints silk; warning
    @(78.0000 mm, 8.0000 mm): Reference field of R_LINA_SER
    @(77.7627 mm, 7.4775 mm): Segment of R_LINA_SER on F.Silkscreen
[silk_overlap]: Silkscreen clearance
    Rule: board setup constraints silk; warning
    @(78.0000 mm, 8.0000 mm): Reference field of R_LINA_SER
    @(77.7627 mm, 8.5225 mm): Segment of R_LINA_SER on F.Silkscreen
[silk_overlap]: Silkscreen clearance
    Rule: board setup constraints silk; warning
    @(67.7627 mm, 31.4775 mm): Segment of R_LINB_SER on F.Silkscreen
    @(68.0000 mm, 32.0000 mm): Reference field of R_LINB_SER
[silk_overlap]: Silkscreen clearance
    Rule: board setup constraints silk; warning
    @(68.0000 mm, 32.0000 mm): Reference field of R_LINB_SER
    @(67.7627 mm, 32.5225 mm): Segment of R_LINB_SER on F.Silkscreen
[silk_overlap]: Silkscreen clearance
    Rule: board setup constraints silk; warning
    @(92.5000 mm, 54.0000 mm): Circle of TP20 on F.Silkscreen
    @(92.5000 mm, 54.0000 mm): Reference field of TP20
[silk_overlap]: Silkscreen clearance
    Rule: board setup constraints silk; warning
    @(92.5000 mm, 54.0000 mm): Circle of TP20 on F.Silkscreen
    @(92.5000 mm, 54.0000 mm): Reference field of TP20
[silk_overlap]: Silkscreen clearance
    Rule: board setup constraints silk; warning
    @(92.5000 mm, 54.0000 mm): Circle of TP20 on F.Silkscreen
    @(92.5000 mm, 54.0000 mm): Reference field of TP20
[silk_overlap]: Silkscreen clearance
    Rule: board setup constraints silk; warning
    @(92.5000 mm, 54.0000 mm): Circle of TP20 on F.Silkscreen
    @(92.5000 mm, 54.0000 mm): Reference field of TP20
[silk_overlap]: Silkscreen clearance
    Rule: board setup constraints silk; warning
    @(92.5000 mm, 54.0000 mm): Circle of TP20 on F.Silkscreen
    @(92.5000 mm, 54.0000 mm): Reference field of TP20
[silk_overlap]: Silkscreen clearance
    Rule: board setup constraints silk; warning
    @(92.5000 mm, 54.0000 mm): Circle of TP20 on F.Silkscreen
    @(92.5000 mm, 54.0000 mm): Reference field of TP20
[silk_overlap]: Silkscreen clearance
    Rule: board setup constraints silk; warning
    @(92.5000 mm, 54.0000 mm): Circle of TP20 on F.Silkscreen
    @(92.5000 mm, 54.0000 mm): Reference field of TP20
[silk_overlap]: Silkscreen clearance
    Rule: board setup constraints silk; warning
    @(92.5000 mm, 54.0000 mm): Circle of TP20 on F.Silkscreen
    @(92.5000 mm, 54.0000 mm): Reference field of TP20
[silk_overlap]: Silkscreen clearance
    Rule: board setup constraints silk; warning
    @(92.5000 mm, 54.0000 mm): Circle of TP20 on F.Silkscreen
    @(92.5000 mm, 54.0000 mm): Reference field of TP20
[silk_overlap]: Silkscreen clearance
    Rule: board setup constraints silk; warning
    @(92.5000 mm, 54.0000 mm): Circle of TP20 on F.Silkscreen
    @(92.5000 mm, 54.0000 mm): Reference field of TP20
[silk_overlap]: Silkscreen clearance
    Rule: board setup constraints silk; warning
    @(92.5000 mm, 54.0000 mm): Circle of TP20 on F.Silkscreen
    @(92.5000 mm, 54.0000 mm): Reference field of TP20
[silk_over_copper]: Silkscreen clipped by solder mask
    Local override; warning
    @(92.5000 mm, 54.0000 mm): Reference field of TP20
    @(92.5000 mm, 54.0000 mm): Pad 1 [INH_B_TP] of TP20 on F.Cu
[silk_over_copper]: Silkscreen clipped by solder mask
    Local override; warning
    @(92.5000 mm, 54.0000 mm): Reference field of TP20
    @(92.5000 mm, 54.0000 mm): Pad 1 [INH_B_TP] of TP20 on F.Cu
[silk_over_copper]: Silkscreen clipped by solder mask
    Local override; warning
    @(96.0000 mm, 56.0000 mm): Reference field of FID3
    @(96.0000 mm, 56.0000 mm): Pad [<no net>] of FID3 on F.Cu
[silk_over_copper]: Silkscreen clipped by solder mask
    Local override; warning
    @(68.0000 mm, 32.0000 mm): Reference field of R_LINB_SER
    @(68.8250 mm, 32.0000 mm): Pad 2 [LIN_B_TJA] of R_LINB_SER on F.Cu
[silk_over_copper]: Silkscreen clipped by solder mask
    Local override; warning
    @(73.0000 mm, 32.0000 mm): Reference field of R_LINEN_PD
    @(68.8250 mm, 32.0000 mm): Pad 2 [LIN_B_TJA] of R_LINB_SER on F.Cu
[silk_over_copper]: Silkscreen clipped by solder mask
    Local override; warning
    @(78.0000 mm, 32.0000 mm): Reference field of R_ARMSENSE_PD
    @(77.1750 mm, 32.0000 mm): Pad 1 [ARM_SENSE] of R_ARMSENSE_PD on F.Cu
[silk_over_copper]: Silkscreen clipped by solder mask
    Local override; warning
    @(78.0000 mm, 32.0000 mm): Reference field of R_ARMSENSE_PD
    @(72.1750 mm, 32.0000 mm): Pad 1 [LIN_EN] of R_LINEN_PD on F.Cu
[silk_over_copper]: Silkscreen clipped by solder mask
    Local override; warning
    @(73.0000 mm, 32.0000 mm): Reference field of R_LINEN_PD
    @(72.1750 mm, 32.0000 mm): Pad 1 [LIN_EN] of R_LINEN_PD on F.Cu
[silk_over_copper]: Silkscreen clipped by solder mask
    Local override; warning
    @(73.0000 mm, 32.0000 mm): Reference field of R_LINEN_PD
    @(73.8250 mm, 32.0000 mm): Pad 2 [GND] of R_LINEN_PD on F.Cu
[silk_over_copper]: Silkscreen clipped by solder mask
    Local override; warning
    @(78.0000 mm, 32.0000 mm): Reference field of R_ARMSENSE_PD
    @(73.8250 mm, 32.0000 mm): Pad 2 [GND] of R_LINEN_PD on F.Cu
[silk_over_copper]: Silkscreen clipped by solder mask
    Local override; warning
    @(73.0000 mm, 32.0000 mm): Reference field of R_LINEN_PD
    @(77.1750 mm, 32.0000 mm): Pad 1 [ARM_SENSE] of R_ARMSENSE_PD on F.Cu
[silk_over_copper]: Silkscreen clipped by solder mask
    Local override; warning
    @(78.0000 mm, 32.0000 mm): Reference field of R_ARMSENSE_PD
    @(78.8250 mm, 32.0000 mm): Pad 2 [GND] of R_ARMSENSE_PD on F.Cu
[silk_over_copper]: Silkscreen clipped by solder mask
    Local override; warning
    @(68.0000 mm, 32.0000 mm): Reference field of R_LINB_SER
    @(72.1750 mm, 32.0000 mm): Pad 1 [LIN_EN] of R_LINEN_PD on F.Cu
[silk_over_copper]: Silkscreen clipped by solder mask
    Local override; warning
    @(78.0000 mm, 32.0000 mm): Reference field of R_ARMSENSE_PD
    @(81.2500 mm, 32.4800 mm): Pad 8 [<no net>] of U1 on F.Cu
[silk_over_copper]: Silkscreen clipped by solder mask
    Local override; warning
    @(78.0000 mm, 32.0000 mm): Reference field of R_ARMSENSE_PD
    @(81.2500 mm, 31.2100 mm): Pad 7 [LIN_B_TXD] of U1 on F.Cu
[silk_over_copper]: Silkscreen clipped by solder mask
    Local override; warning
    @(90.0000 mm, 32.0000 mm): Reference field of U1
    @(88.5000 mm, 31.3100 mm): Pad 41 [GND] of U1 on F.Cu
[silk_over_copper]: Silkscreen clipped by solder mask
    Local override; warning
    @(90.0000 mm, 32.0000 mm): Reference field of U1
    @(89.2000 mm, 31.3100 mm): PTH pad 41 [GND] of U1
[silk_over_copper]: Silkscreen clipped by solder mask
    Local override; warning
    @(90.0000 mm, 32.0000 mm): Reference field of U1
    @(89.2000 mm, 32.7100 mm): PTH pad 41 [GND] of U1
[silk_over_copper]: Silkscreen clipped by solder mask
    Local override; warning
    @(90.0000 mm, 32.0000 mm): Reference field of U1
    @(89.9000 mm, 32.0100 mm): PTH pad 41 [GND] of U1
[silk_over_copper]: Silkscreen clipped by solder mask
    Local override; warning
    @(78.0000 mm, 40.0000 mm): Reference field of D3
    @(79.0500 mm, 40.0000 mm): Pad 2 [GND] of D3 on F.Cu
[silk_over_copper]: Silkscreen clipped by solder mask
    Local override; warning
    @(84.0000 mm, 10.0000 mm): Reference field of D4
    @(82.8625 mm, 10.0000 mm): Pad 2 [GND] of D4 on F.Cu
[silk_over_copper]: Silkscreen clipped by solder mask
    Local override; warning
    @(84.0000 mm, 10.0000 mm): Reference field of D4
    @(85.1375 mm, 10.0000 mm): Pad 5 [USB_VBUS] of D4 on F.Cu
[silk_over_copper]: Silkscreen clipped by solder mask
    Local override; warning
    @(78.0000 mm, 40.0000 mm): Reference field of D3
    @(76.9500 mm, 40.0000 mm): Pad 1 [LIN_B] of D3 on F.Cu
[silk_over_copper]: Silkscreen clipped by solder mask
    Local override; warning
    @(76.0000 mm, 46.0000 mm): Reference field of R_EN
    @(75.1750 mm, 46.0000 mm): Pad 1 [EN] of R_EN on F.Cu
[silk_over_copper]: Silkscreen clipped by solder mask
    Local override; warning
    @(76.0000 mm, 46.0000 mm): Reference field of R_EN
    @(76.8250 mm, 46.0000 mm): Pad 2 [3V3] of R_EN on F.Cu
[silk_over_copper]: Silkscreen clipped by solder mask
    Local override; warning
    @(81.0000 mm, 46.0000 mm): Reference field of R_BOOT
    @(80.1750 mm, 46.0000 mm): Pad 1 [BOOT_GPIO0] of R_BOOT on F.Cu
[silk_over_copper]: Silkscreen clipped by solder mask
    Local override; warning
    @(76.0000 mm, 52.0000 mm): Reference field of R_CC1
    @(75.1750 mm, 52.0000 mm): Pad 1 [CC1] of R_CC1 on F.Cu
[silk_over_copper]: Silkscreen clipped by solder mask
    Local override; warning
    @(76.0000 mm, 52.0000 mm): Reference field of R_CC1
    @(76.8250 mm, 52.0000 mm): Pad 2 [GND] of R_CC1 on F.Cu
[silk_over_copper]: Silkscreen clipped by solder mask
    Local override; warning
    @(81.0000 mm, 52.0000 mm): Reference field of R_CC2
    @(80.1750 mm, 52.0000 mm): Pad 1 [CC2] of R_CC2 on F.Cu
[silk_over_copper]: Silkscreen clipped by solder mask
    Local override; warning
    @(81.0000 mm, 46.0000 mm): Reference field of R_BOOT
    @(81.8250 mm, 46.0000 mm): Pad 2 [3V3] of R_BOOT on F.Cu
[silk_over_copper]: Silkscreen clipped by solder mask
    Local override; warning
    @(81.0000 mm, 52.0000 mm): Reference field of R_CC2
    @(81.8250 mm, 52.0000 mm): Pad 2 [GND] of R_CC2 on F.Cu
[silk_over_copper]: Silkscreen clipped by solder mask
    Local override; warning
    @(92.5000 mm, 54.0000 mm): Reference field of TP20
    @(92.5000 mm, 54.0000 mm): Pad 1 [INH_B_TP] of TP20 on F.Cu
[silk_over_copper]: Silkscreen clipped by solder mask
    Local override; warning
    @(16.0000 mm, 12.0000 mm): Reference field of U4
    @(16.0000 mm, 12.0000 mm): Pad 9 [GND] of U4 on F.Cu
[silk_over_copper]: Silkscreen clipped by solder mask
    Local override; warning
    @(30.0000 mm, 24.0000 mm): Reference field of C_3V3
    @(28.5250 mm, 24.0000 mm): Pad 1 [3V3] of C_3V3 on F.Cu
[silk_over_copper]: Silkscreen clipped by solder mask
    Local override; warning
    @(30.0000 mm, 24.0000 mm): Reference field of C_3V3
    @(31.4750 mm, 24.0000 mm): Pad 2 [GND] of C_3V3 on F.Cu
[silk_over_copper]: Silkscreen clipped by solder mask
    Local override; warning
    @(22.0000 mm, 36.0000 mm): Reference field of C_BST
    @(22.7750 mm, 36.0000 mm): Pad 2 [BUCK_SW] of C_BST on F.Cu
[silk_over_copper]: Silkscreen clipped by solder mask
    Local override; warning
    @(30.0000 mm, 12.0000 mm): Reference field of C_IN
    @(28.5250 mm, 12.0000 mm): Pad 1 [VBAT_FILTERED] of C_IN on F.Cu
[silk_over_copper]: Silkscreen clipped by solder mask
    Local override; warning
    @(25.0000 mm, 40.0000 mm): Reference field of R_BUCK_RON
    @(24.1750 mm, 40.0000 mm): Pad 1 [VBAT_FILTERED] of R_BUCK_RON on F.Cu
[silk_over_copper]: Silkscreen clipped by solder mask
    Local override; warning
    @(25.0000 mm, 40.0000 mm): Reference field of R_BUCK_RON
    @(25.8250 mm, 40.0000 mm): Pad 2 [BUCK_RON] of R_BUCK_RON on F.Cu
[silk_over_copper]: Silkscreen clipped by solder mask
    Local override; warning
    @(30.0000 mm, 40.0000 mm): Reference field of R_PGOOD_PU
    @(25.8250 mm, 40.0000 mm): Pad 2 [BUCK_RON] of R_BUCK_RON on F.Cu
[silk_over_copper]: Silkscreen clipped by solder mask
    Local override; warning
    @(25.0000 mm, 40.0000 mm): Reference field of R_BUCK_RON
    @(29.1750 mm, 40.0000 mm): Pad 1 [BUCK_PGOOD] of R_PGOOD_PU on F.Cu
[silk_over_copper]: Silkscreen clipped by solder mask
    Local override; warning
    @(30.0000 mm, 40.0000 mm): Reference field of R_PGOOD_PU
    @(29.1750 mm, 40.0000 mm): Pad 1 [BUCK_PGOOD] of R_PGOOD_PU on F.Cu
[silk_over_copper]: Silkscreen clipped by solder mask
    Local override; warning
    @(10.0000 mm, 40.0000 mm): Reference field of R_FB_TOP
    @(9.1750 mm, 40.0000 mm): Pad 1 [3V3] of R_FB_TOP on F.Cu
[silk_over_copper]: Silkscreen clipped by solder mask
    Local override; warning
    @(10.0000 mm, 40.0000 mm): Reference field of R_FB_TOP
    @(10.8250 mm, 40.0000 mm): Pad 2 [BUCK_FB] of R_FB_TOP on F.Cu
[silk_over_copper]: Silkscreen clipped by solder mask
    Local override; warning
    @(15.0000 mm, 40.0000 mm): Reference field of R_FB_BOT
    @(14.1750 mm, 40.0000 mm): Pad 1 [BUCK_FB] of R_FB_BOT on F.Cu
[silk_over_copper]: Silkscreen clipped by solder mask
    Local override; warning
    @(20.0000 mm, 40.0000 mm): Reference field of R_BUCK_EN
    @(15.8250 mm, 40.0000 mm): Pad 2 [GND] of R_FB_BOT on F.Cu
[silk_over_copper]: Silkscreen clipped by solder mask
    Local override; warning
    @(15.0000 mm, 40.0000 mm): Reference field of R_FB_BOT
    @(15.8250 mm, 40.0000 mm): Pad 2 [GND] of R_FB_BOT on F.Cu
[silk_over_copper]: Silkscreen clipped by solder mask
    Local override; warning
    @(20.0000 mm, 40.0000 mm): Reference field of R_BUCK_EN
    @(19.1750 mm, 40.0000 mm): Pad 1 [VBAT_FILTERED] of R_BUCK_EN on F.Cu
[silk_over_copper]: Silkscreen clipped by solder mask
    Local override; warning
    @(25.0000 mm, 40.0000 mm): Reference field of R_BUCK_RON
    @(20.8250 mm, 40.0000 mm): Pad 2 [BUCK_EN] of R_BUCK_EN on F.Cu
[silk_over_copper]: Silkscreen clipped by solder mask
    Local override; warning
    @(20.0000 mm, 40.0000 mm): Reference field of R_BUCK_EN
    @(20.8250 mm, 40.0000 mm): Pad 2 [BUCK_EN] of R_BUCK_EN on F.Cu
[silk_over_copper]: Silkscreen clipped by solder mask
    Local override; warning
    @(20.0000 mm, 40.0000 mm): Reference field of R_BUCK_EN
    @(24.1750 mm, 40.0000 mm): Pad 1 [VBAT_FILTERED] of R_BUCK_RON on F.Cu
[silk_over_copper]: Silkscreen clipped by solder mask
    Local override; warning
    @(92.5000 mm, 54.0000 mm): Reference field of TP20
    @(92.5000 mm, 54.0000 mm): Pad 1 [INH_B_TP] of TP20 on F.Cu
[silk_over_copper]: Silkscreen clipped by solder mask
    Local override; warning
    @(92.5000 mm, 54.0000 mm): Reference field of TP20
    @(92.5000 mm, 54.0000 mm): Pad 1 [INH_B_TP] of TP20 on F.Cu
[silk_over_copper]: Silkscreen clipped by solder mask
    Local override; warning
    @(92.5000 mm, 54.0000 mm): Reference field of TP20
    @(92.5000 mm, 54.0000 mm): Pad 1 [INH_B_TP] of TP20 on F.Cu
[silk_over_copper]: Silkscreen clipped by solder mask
    Local override; warning
    @(92.5000 mm, 54.0000 mm): Reference field of TP20
    @(92.5000 mm, 54.0000 mm): Pad 1 [INH_B_TP] of TP20 on F.Cu
[silk_over_copper]: Silkscreen clipped by solder mask
    Local override; warning
    @(30.0000 mm, 40.0000 mm): Reference field of R_PGOOD_PU
    @(30.8250 mm, 40.0000 mm): Pad 2 [3V3] of R_PGOOD_PU on F.Cu
[silk_over_copper]: Silkscreen clipped by solder mask
    Local override; warning
    @(92.5000 mm, 54.0000 mm): Reference field of TP20
    @(92.5000 mm, 54.0000 mm): Pad 1 [INH_B_TP] of TP20 on F.Cu
[silk_over_copper]: Silkscreen clipped by solder mask
    Local override; warning
    @(30.0000 mm, 12.0000 mm): Reference field of C_IN
    @(31.4750 mm, 12.0000 mm): Pad 2 [GND] of C_IN on F.Cu
[silk_over_copper]: Silkscreen clipped by solder mask
    Local override; warning
    @(42.0000 mm, 5.0000 mm): Reference field of FID1
    @(42.0000 mm, 5.0000 mm): Pad [<no net>] of FID1 on F.Cu
[silk_over_copper]: Silkscreen clipped by solder mask
    Local override; warning
    @(68.0000 mm, 8.0000 mm): Reference field of R_WAKE_A
    @(67.1750 mm, 8.0000 mm): Pad 1 [WAKE_A_N] of R_WAKE_A on F.Cu
[silk_over_copper]: Silkscreen clipped by solder mask
    Local override; warning
    @(78.0000 mm, 40.0000 mm): Reference field of D3
    @(76.9500 mm, 40.0000 mm): Pad 1 [LIN_B] of D3 on F.Cu
[silk_over_copper]: Silkscreen clipped by solder mask
    Local override; warning
    @(68.0000 mm, 8.0000 mm): Reference field of R_WAKE_A
    @(68.8250 mm, 8.0000 mm): Pad 2 [VBAT_PROTECTED] of R_WAKE_A on F.Cu
[silk_over_copper]: Silkscreen clipped by solder mask
    Local override; warning
    @(73.0000 mm, 8.0000 mm): Reference field of R_WAKE_B
    @(72.1750 mm, 8.0000 mm): Pad 1 [WAKE_B_N] of R_WAKE_B on F.Cu
[silk_over_copper]: Silkscreen clipped by solder mask
    Local override; warning
    @(73.0000 mm, 8.0000 mm): Reference field of R_WAKE_B
    @(73.8250 mm, 8.0000 mm): Pad 2 [VBAT_PROTECTED] of R_WAKE_B on F.Cu
[silk_over_copper]: Silkscreen clipped by solder mask
    Local override; warning
    @(78.0000 mm, 8.0000 mm): Reference field of R_LINA_SER
    @(73.8250 mm, 8.0000 mm): Pad 2 [VBAT_PROTECTED] of R_WAKE_B on F.Cu
[silk_over_copper]: Silkscreen clipped by solder mask
    Local override; warning
    @(78.0000 mm, 8.0000 mm): Reference field of R_LINA_SER
    @(77.1750 mm, 8.0000 mm): Pad 1 [LIN_A] of R_LINA_SER on F.Cu
[silk_over_copper]: Silkscreen clipped by solder mask
    Local override; warning
    @(78.0000 mm, 8.0000 mm): Reference field of R_LINA_SER
    @(78.8250 mm, 8.0000 mm): Pad 2 [LIN_A_TJA] of R_LINA_SER on F.Cu
[silk_over_copper]: Silkscreen clipped by solder mask
    Local override; warning
    @(78.0000 mm, 40.0000 mm): Reference field of D3
    @(79.0500 mm, 40.0000 mm): Pad 2 [GND] of D3 on F.Cu
[silk_over_copper]: Silkscreen clipped by solder mask
    Local override; warning
    @(76.0000 mm, 5.0000 mm): Reference field of FID2
    @(76.0000 mm, 5.0000 mm): Pad [<no net>] of FID2 on F.Cu
[silk_over_copper]: Silkscreen clipped by solder mask
    Local override; warning
    @(44.0000 mm, 48.0000 mm): Reference field of FB1
    @(42.4250 mm, 48.0000 mm): Pad 1 [VBAT_PROTECTED] of FB1 on F.Cu
[silk_over_copper]: Silkscreen clipped by solder mask
    Local override; warning
    @(44.0000 mm, 48.0000 mm): Reference field of FB1
    @(45.5750 mm, 48.0000 mm): Pad 2 [VBAT_FILTERED] of FB1 on F.Cu
[silk_over_copper]: Silkscreen clipped by solder mask
    Local override; warning
    @(68.0000 mm, 32.0000 mm): Reference field of R_LINB_SER
    @(67.1750 mm, 32.0000 mm): Pad 1 [LIN_B] of R_LINB_SER on F.Cu
[silk_over_copper]: Silkscreen clipped by solder mask
    Local override; warning
    @(66.0000 mm, 46.0000 mm): Reference field of SW1
    @(66.0000 mm, 44.8000 mm): Pad 2 [GND] of SW1 on F.Cu
[silk_over_copper]: Silkscreen clipped by solder mask
    Local override; warning
    @(66.0000 mm, 46.0000 mm): Reference field of SW1
    @(66.0000 mm, 47.2000 mm): Pad 5 [GND] of SW1 on F.Cu
[silk_over_copper]: Silkscreen clipped by solder mask
    Local override; warning
    @(92.5000 mm, 54.0000 mm): Reference field of TP20
    @(92.5000 mm, 54.0000 mm): Pad 1 [INH_B_TP] of TP20 on F.Cu
[silk_over_copper]: Silkscreen clipped by solder mask
    Local override; warning
    @(92.5000 mm, 54.0000 mm): Reference field of TP20
    @(92.5000 mm, 54.0000 mm): Pad 1 [INH_B_TP] of TP20 on F.Cu
[silk_over_copper]: Silkscreen clipped by solder mask
    Local override; warning
    @(92.5000 mm, 54.0000 mm): Reference field of TP20
    @(92.5000 mm, 54.0000 mm): Pad 1 [INH_B_TP] of TP20 on F.Cu
[silk_over_copper]: Silkscreen clipped by solder mask
    Local override; warning
    @(92.5000 mm, 54.0000 mm): Reference field of TP20
    @(92.5000 mm, 54.0000 mm): Pad 1 [INH_B_TP] of TP20 on F.Cu
[silk_over_copper]: Silkscreen clipped by solder mask
    Local override; warning
    @(92.5000 mm, 54.0000 mm): Reference field of TP20
    @(92.5000 mm, 54.0000 mm): Pad 1 [INH_B_TP] of TP20 on F.Cu
[silk_over_copper]: Silkscreen clipped by solder mask
    Local override; warning
    @(92.5000 mm, 54.0000 mm): Reference field of TP20
    @(92.5000 mm, 54.0000 mm): Pad 1 [INH_B_TP] of TP20 on F.Cu
[silk_over_copper]: Silkscreen clipped by solder mask
    Local override; warning
    @(92.5000 mm, 54.0000 mm): Reference field of TP20
    @(92.5000 mm, 54.0000 mm): Pad 1 [INH_B_TP] of TP20 on F.Cu
[silk_over_copper]: Silkscreen clipped by solder mask
    Local override; warning
    @(92.5000 mm, 54.0000 mm): Reference field of TP20
    @(92.5000 mm, 54.0000 mm): Pad 1 [INH_B_TP] of TP20 on F.Cu
[silk_over_copper]: Silkscreen clipped by solder mask
    Local override; warning
    @(92.5000 mm, 54.0000 mm): Reference field of TP20
    @(92.5000 mm, 54.0000 mm): Pad 1 [INH_B_TP] of TP20 on F.Cu
[silk_over_copper]: Silkscreen clipped by solder mask
    Local override; warning
    @(92.5000 mm, 54.0000 mm): Reference field of TP20
    @(92.5000 mm, 54.0000 mm): Pad 1 [INH_B_TP] of TP20 on F.Cu
[silk_over_copper]: Silkscreen clipped by solder mask
    Local override; warning
    @(92.5000 mm, 54.0000 mm): Reference field of TP20
    @(92.5000 mm, 54.0000 mm): Pad 1 [INH_B_TP] of TP20 on F.Cu
[silk_over_copper]: Silkscreen clipped by solder mask
    Local override; warning
    @(92.5000 mm, 54.0000 mm): Reference field of TP20
    @(92.5000 mm, 54.0000 mm): Pad 1 [INH_B_TP] of TP20 on F.Cu

** Found 106 unconnected pads **
[unconnected_items]: Missing connection between items
    Local override; error
    @(7.5250 mm, 45.9050 mm): Pad 4 [GND] of Q1 on F.Cu
    @(92.5000 mm, 54.0000 mm): Pad 1 [INH_B_TP] of TP20 on F.Cu
[unconnected_items]: Missing connection between items
    Local override; error
    @(13.3500 mm, 10.0950 mm): Pad 1 [GND] of U4 on F.Cu
    @(15.0450 mm, 10.7000 mm): PTH pad 9 [GND] of U4
[unconnected_items]: Missing connection between items
    Local override; error
    @(15.8250 mm, 40.0000 mm): Pad 2 [GND] of R_FB_BOT on F.Cu
    @(7.5250 mm, 45.9050 mm): Pad 4 [GND] of Q1 on F.Cu
[unconnected_items]: Missing connection between items
    Local override; error
    @(31.4750 mm, 12.0000 mm): Pad 2 [GND] of C_IN on F.Cu
    @(16.9550 mm, 12.0000 mm): PTH pad 9 [GND] of U4
[unconnected_items]: Missing connection between items
    Local override; error
    @(31.4750 mm, 12.0000 mm): Pad 2 [GND] of C_IN on F.Cu
    @(50.4750 mm, 9.9050 mm): Pad 5 [GND] of U2 on F.Cu
[unconnected_items]: Missing connection between items
    Local override; error
    @(31.4750 mm, 24.0000 mm): Pad 2 [GND] of C_3V3 on F.Cu
    @(31.4750 mm, 12.0000 mm): Pad 2 [GND] of C_IN on F.Cu
[unconnected_items]: Missing connection between items
    Local override; error
    @(31.4750 mm, 24.0000 mm): Pad 2 [GND] of C_3V3 on F.Cu
    @(15.8250 mm, 40.0000 mm): Pad 2 [GND] of R_FB_BOT on F.Cu
[unconnected_items]: Missing connection between items
    Local override; error
    @(32.1500 mm, 48.0000 mm): Pad 2 [GND] of D1 on F.Cu
    @(15.8250 mm, 40.0000 mm): Pad 2 [GND] of R_FB_BOT on F.Cu
[unconnected_items]: Missing connection between items
    Local override; error
    @(50.4750 mm, 33.9050 mm): Pad 5 [GND] of U3 on F.Cu
    @(66.0000 mm, 44.8000 mm): Pad 2 [GND] of SW1 on F.Cu
[unconnected_items]: Missing connection between items
    Local override; error
    @(66.0000 mm, 47.2000 mm): Pad 5 [GND] of SW1 on F.Cu
    @(66.0000 mm, 44.8000 mm): Pad 2 [GND] of SW1 on F.Cu
[unconnected_items]: Missing connection between items
    Local override; error
    @(66.0000 mm, 47.2000 mm): Pad 5 [GND] of SW1 on F.Cu
    @(76.8250 mm, 52.0000 mm): Pad 2 [GND] of R_CC1 on F.Cu
[unconnected_items]: Missing connection between items
    Local override; error
    @(79.0500 mm, 40.0000 mm): Pad 2 [GND] of D3 on F.Cu
    @(81.2500 mm, 23.5900 mm): Pad 1 [GND] of U1 on F.Cu
[unconnected_items]: Missing connection between items
    Local override; error
    @(79.0500 mm, 40.0000 mm): Pad 2 [GND] of D3 on F.Cu
    @(50.4750 mm, 9.9050 mm): Pad 5 [GND] of U2 on F.Cu
[unconnected_items]: Missing connection between items
    Local override; error
    @(76.8250 mm, 52.0000 mm): Pad 2 [GND] of R_CC1 on F.Cu
    @(79.0500 mm, 40.0000 mm): Pad 2 [GND] of D3 on F.Cu
[unconnected_items]: Missing connection between items
    Local override; error
    @(78.8250 mm, 32.0000 mm): Pad 2 [GND] of R_ARMSENSE_PD on F.Cu
    @(73.8250 mm, 32.0000 mm): Pad 2 [GND] of R_LINEN_PD on F.Cu
[unconnected_items]: Missing connection between items
    Local override; error
    @(78.8250 mm, 32.0000 mm): Pad 2 [GND] of R_ARMSENSE_PD on F.Cu
    @(87.1000 mm, 32.0100 mm): PTH pad 41 [GND] of U1
[unconnected_items]: Missing connection between items
    Local override; error
    @(79.0500 mm, 40.0000 mm): Pad 2 [GND] of D3 on F.Cu
    @(78.8250 mm, 32.0000 mm): Pad 2 [GND] of R_ARMSENSE_PD on F.Cu
[unconnected_items]: Missing connection between items
    Local override; error
    @(81.2500 mm, 23.5900 mm): Pad 1 [GND] of U1 on F.Cu
    @(78.8250 mm, 32.0000 mm): Pad 2 [GND] of R_ARMSENSE_PD on F.Cu
[unconnected_items]: Missing connection between items
    Local override; error
    @(81.8250 mm, 52.0000 mm): Pad 2 [GND] of R_CC2 on F.Cu
    @(76.8250 mm, 52.0000 mm): Pad 2 [GND] of R_CC1 on F.Cu
[unconnected_items]: Missing connection between items
    Local override; error
    @(89.9000 mm, 30.6100 mm): PTH pad 41 [GND] of U1
    @(98.7500 mm, 23.5900 mm): Pad 40 [GND] of U1 on F.Cu
[unconnected_items]: Missing connection between items
    Local override; error
    @(91.9550 mm, 8.7500 mm): Pad B1 [GND] of J1 on F.Cu
    @(82.8625 mm, 10.0000 mm): Pad 2 [GND] of D4 on F.Cu
[unconnected_items]: Missing connection between items
    Local override; error
    @(91.9550 mm, 15.2500 mm): Pad B12 [GND] of J1 on F.Cu
    @(92.8700 mm, 16.3200 mm): PTH pad SH [GND] of J1
[unconnected_items]: Missing connection between items
    Local override; error
    @(91.9550 mm, 15.2500 mm): Pad B12 [GND] of J1 on F.Cu
    @(91.9550 mm, 8.7500 mm): Pad B1 [GND] of J1 on F.Cu
[unconnected_items]: Missing connection between items
    Local override; error
    @(92.8700 mm, 7.6800 mm): PTH pad SH [GND] of J1
    @(91.9550 mm, 8.7500 mm): Pad B1 [GND] of J1 on F.Cu
[unconnected_items]: Missing connection between items
    Local override; error
    @(97.0500 mm, 7.6800 mm): PTH pad SH [GND] of J1
    @(92.8700 mm, 7.6800 mm): PTH pad SH [GND] of J1
[unconnected_items]: Missing connection between items
    Local override; error
    @(97.0500 mm, 16.3200 mm): PTH pad SH [GND] of J1
    @(92.8700 mm, 16.3200 mm): PTH pad SH [GND] of J1
[unconnected_items]: Missing connection between items
    Local override; error
    @(97.0500 mm, 16.3200 mm): PTH pad SH [GND] of J1
    @(98.7500 mm, 23.5900 mm): Pad 40 [GND] of U1 on F.Cu
[unconnected_items]: Missing connection between items
    Local override; error
    @(9.1750 mm, 40.0000 mm): Pad 1 [3V3] of R_FB_TOP on F.Cu
    @(92.5000 mm, 54.0000 mm): Pad 1 [INH_B_TP] of TP20 on F.Cu
[unconnected_items]: Missing connection between items
    Local override; error
    @(18.4000 mm, 24.0000 mm): Pad 2 [3V3] of L1 on F.Cu
    @(9.1750 mm, 40.0000 mm): Pad 1 [3V3] of R_FB_TOP on F.Cu
[unconnected_items]: Missing connection between items
    Local override; error
    @(28.5250 mm, 24.0000 mm): Pad 1 [3V3] of C_3V3 on F.Cu
    @(18.4000 mm, 24.0000 mm): Pad 2 [3V3] of L1 on F.Cu
[unconnected_items]: Missing connection between items
    Local override; error
    @(28.5250 mm, 24.0000 mm): Pad 1 [3V3] of C_3V3 on F.Cu
    @(30.8250 mm, 40.0000 mm): Pad 2 [3V3] of R_PGOOD_PU on F.Cu
[unconnected_items]: Missing connection between items
    Local override; error
    @(30.8250 mm, 40.0000 mm): Pad 2 [3V3] of R_PGOOD_PU on F.Cu
    @(68.5000 mm, 47.2000 mm): Pad 6 [3V3] of SW1 on F.Cu
[unconnected_items]: Missing connection between items
    Local override; error
    @(68.5000 mm, 47.2000 mm): Pad 6 [3V3] of SW1 on F.Cu
    @(76.8250 mm, 46.0000 mm): Pad 2 [3V3] of R_EN on F.Cu
[unconnected_items]: Missing connection between items
    Local override; error
    @(81.8250 mm, 46.0000 mm): Pad 2 [3V3] of R_BOOT on F.Cu
    @(76.8250 mm, 46.0000 mm): Pad 2 [3V3] of R_EN on F.Cu
[unconnected_items]: Missing connection between items
    Local override; error
    @(81.8250 mm, 46.0000 mm): Pad 2 [3V3] of R_BOOT on F.Cu
    @(81.2500 mm, 24.8600 mm): Pad 2 [3V3] of U1 on F.Cu
[unconnected_items]: Missing connection between items
    Local override; error
    @(7.5250 mm, 42.0950 mm): Pad 1 [VBAT_IN] of Q1 on F.Cu
    @(7.5250 mm, 43.3650 mm): Pad 2 [VBAT_IN] of Q1 on F.Cu
[unconnected_items]: Missing connection between items
    Local override; error
    @(7.5250 mm, 43.3650 mm): Pad 2 [VBAT_IN] of Q1 on F.Cu
    @(7.5250 mm, 44.6350 mm): Pad 3 [VBAT_IN] of Q1 on F.Cu
[unconnected_items]: Missing connection between items
    Local override; error
    @(7.5250 mm, 44.6350 mm): Pad 3 [VBAT_IN] of Q1 on F.Cu
    @(13.8625 mm, 50.0000 mm): Pad 1 [VBAT_IN] of F1 on F.Cu
[unconnected_items]: Missing connection between items
    Local override; error
    @(12.4750 mm, 42.0950 mm): Pad 8 [VBAT_PROTECTED] of Q1 on F.Cu
    @(12.4750 mm, 43.3650 mm): Pad 7 [VBAT_PROTECTED] of Q1 on F.Cu
[unconnected_items]: Missing connection between items
    Local override; error
    @(12.4750 mm, 43.3650 mm): Pad 7 [VBAT_PROTECTED] of Q1 on F.Cu
    @(12.4750 mm, 44.6350 mm): Pad 6 [VBAT_PROTECTED] of Q1 on F.Cu
[unconnected_items]: Missing connection between items
    Local override; error
    @(12.4750 mm, 44.6350 mm): Pad 6 [VBAT_PROTECTED] of Q1 on F.Cu
    @(12.4750 mm, 45.9050 mm): Pad 5 [VBAT_PROTECTED] of Q1 on F.Cu
[unconnected_items]: Missing connection between items
    Local override; error
    @(12.4750 mm, 45.9050 mm): Pad 5 [VBAT_PROTECTED] of Q1 on F.Cu
    @(18.1375 mm, 50.0000 mm): Pad 2 [VBAT_PROTECTED] of F1 on F.Cu
[unconnected_items]: Missing connection between items
    Local override; error
    @(18.1375 mm, 50.0000 mm): Pad 2 [VBAT_PROTECTED] of F1 on F.Cu
    @(92.5000 mm, 54.0000 mm): Pad 1 [INH_B_TP] of TP20 on F.Cu
[unconnected_items]: Missing connection between items
    Local override; error
    @(18.1375 mm, 50.0000 mm): Pad 2 [VBAT_PROTECTED] of F1 on F.Cu
    @(27.8500 mm, 48.0000 mm): Pad 1 [VBAT_PROTECTED] of D1 on F.Cu
[unconnected_items]: Missing connection between items
    Local override; error
    @(27.8500 mm, 48.0000 mm): Pad 1 [VBAT_PROTECTED] of D1 on F.Cu
    @(42.4250 mm, 48.0000 mm): Pad 1 [VBAT_PROTECTED] of FB1 on F.Cu
[unconnected_items]: Missing connection between items
    Local override; error
    @(42.4250 mm, 48.0000 mm): Pad 1 [VBAT_PROTECTED] of FB1 on F.Cu
    @(50.4750 mm, 31.3650 mm): Pad 7 [VBAT_PROTECTED] of U3 on F.Cu
[unconnected_items]: Missing connection between items
    Local override; error
    @(50.4750 mm, 7.3650 mm): Pad 7 [VBAT_PROTECTED] of U2 on F.Cu
    @(68.8250 mm, 8.0000 mm): Pad 2 [VBAT_PROTECTED] of R_WAKE_A on F.Cu
[unconnected_items]: Missing connection between items
    Local override; error
    @(50.4750 mm, 7.3650 mm): Pad 7 [VBAT_PROTECTED] of U2 on F.Cu
    @(50.4750 mm, 31.3650 mm): Pad 7 [VBAT_PROTECTED] of U3 on F.Cu
[unconnected_items]: Missing connection between items
    Local override; error
    @(68.8250 mm, 8.0000 mm): Pad 2 [VBAT_PROTECTED] of R_WAKE_A on F.Cu
    @(73.8250 mm, 8.0000 mm): Pad 2 [VBAT_PROTECTED] of R_WAKE_B on F.Cu
[unconnected_items]: Missing connection between items
    Local override; error
    @(19.1750 mm, 40.0000 mm): Pad 1 [VBAT_FILTERED] of R_BUCK_EN on F.Cu
    @(24.1750 mm, 40.0000 mm): Pad 1 [VBAT_FILTERED] of R_BUCK_RON on F.Cu
[unconnected_items]: Missing connection between items
    Local override; error
    @(24.1750 mm, 40.0000 mm): Pad 1 [VBAT_FILTERED] of R_BUCK_RON on F.Cu
    @(45.5750 mm, 48.0000 mm): Pad 2 [VBAT_FILTERED] of FB1 on F.Cu
[unconnected_items]: Missing connection between items
    Local override; error
    @(24.1750 mm, 40.0000 mm): Pad 1 [VBAT_FILTERED] of R_BUCK_RON on F.Cu
    @(28.5250 mm, 12.0000 mm): Pad 1 [VBAT_FILTERED] of C_IN on F.Cu
[unconnected_items]: Missing connection between items
    Local override; error
    @(28.5250 mm, 12.0000 mm): Pad 1 [VBAT_FILTERED] of C_IN on F.Cu
    @(13.3500 mm, 11.3650 mm): Pad 2 [VBAT_FILTERED] of U4 on F.Cu
[unconnected_items]: Missing connection between items
    Local override; error
    @(76.9500 mm, 40.0000 mm): Pad 1 [LIN_B] of D3 on F.Cu
    @(92.5000 mm, 54.0000 mm): Pad 1 [INH_B_TP] of TP20 on F.Cu
[unconnected_items]: Missing connection between items
    Local override; error
    @(77.1750 mm, 8.0000 mm): Pad 1 [LIN_A] of R_LINA_SER on F.Cu
    @(76.9500 mm, 40.0000 mm): Pad 1 [LIN_B] of D3 on F.Cu
[unconnected_items]: Missing connection between items
    Local override; error
    @(67.1750 mm, 32.0000 mm): Pad 1 [LIN_B] of R_LINB_SER on F.Cu
    @(92.5000 mm, 54.0000 mm): Pad 1 [INH_B_TP] of TP20 on F.Cu
[unconnected_items]: Missing connection between items
    Local override; error
    @(76.9500 mm, 40.0000 mm): Pad 1 [LIN_B] of D3 on F.Cu
    @(67.1750 mm, 32.0000 mm): Pad 1 [LIN_B] of R_LINB_SER on F.Cu
[unconnected_items]: Missing connection between items
    Local override; error
    @(50.4750 mm, 8.6350 mm): Pad 6 [LIN_A_TJA] of U2 on F.Cu
    @(92.5000 mm, 54.0000 mm): Pad 1 [INH_B_TP] of TP20 on F.Cu
[unconnected_items]: Missing connection between items
    Local override; error
    @(78.8250 mm, 8.0000 mm): Pad 2 [LIN_A_TJA] of R_LINA_SER on F.Cu
    @(50.4750 mm, 8.6350 mm): Pad 6 [LIN_A_TJA] of U2 on F.Cu
[unconnected_items]: Missing connection between items
    Local override; error
    @(92.5000 mm, 54.0000 mm): Pad 1 [INH_B_TP] of TP20 on F.Cu
    @(68.8250 mm, 32.0000 mm): Pad 2 [LIN_B_TJA] of R_LINB_SER on F.Cu
[unconnected_items]: Missing connection between items
    Local override; error
    @(68.8250 mm, 32.0000 mm): Pad 2 [LIN_B_TJA] of R_LINB_SER on F.Cu
    @(50.4750 mm, 32.6350 mm): Pad 6 [LIN_B_TJA] of U3 on F.Cu
[unconnected_items]: Missing connection between items
    Local override; error
    @(45.5250 mm, 9.9050 mm): Pad 4 [LIN_A_TXD] of U2 on F.Cu
    @(81.2500 mm, 28.6700 mm): Pad 5 [LIN_A_TXD] of U1 on F.Cu
[unconnected_items]: Missing connection between items
    Local override; error
    @(45.5250 mm, 6.0950 mm): Pad 1 [LIN_A_RXD] of U2 on F.Cu
    @(81.2500 mm, 27.4000 mm): Pad 4 [LIN_A_RXD] of U1 on F.Cu
[unconnected_items]: Missing connection between items
    Local override; error
    @(45.5250 mm, 33.9050 mm): Pad 4 [LIN_B_TXD] of U3 on F.Cu
    @(81.2500 mm, 31.2100 mm): Pad 7 [LIN_B_TXD] of U1 on F.Cu
[unconnected_items]: Missing connection between items
    Local override; error
    @(45.5250 mm, 30.0950 mm): Pad 1 [LIN_B_RXD] of U3 on F.Cu
    @(81.2500 mm, 29.9400 mm): Pad 6 [LIN_B_RXD] of U1 on F.Cu
[unconnected_items]: Missing connection between items
    Local override; error
    @(45.5250 mm, 7.3650 mm): Pad 2 [LIN_EN] of U2 on F.Cu
    @(45.5250 mm, 31.3650 mm): Pad 2 [LIN_EN] of U3 on F.Cu
[unconnected_items]: Missing connection between items
    Local override; error
    @(45.5250 mm, 31.3650 mm): Pad 2 [LIN_EN] of U3 on F.Cu
    @(63.5000 mm, 44.8000 mm): Pad 1 [LIN_EN] of SW1 on F.Cu
[unconnected_items]: Missing connection between items
    Local override; error
    @(63.5000 mm, 44.8000 mm): Pad 1 [LIN_EN] of SW1 on F.Cu
    @(72.1750 mm, 32.0000 mm): Pad 1 [LIN_EN] of R_LINEN_PD on F.Cu
[unconnected_items]: Missing connection between items
    Local override; error
    @(92.5000 mm, 54.0000 mm): Pad 1 [INH_B_TP] of TP20 on F.Cu
    @(63.5000 mm, 44.8000 mm): Pad 1 [LIN_EN] of SW1 on F.Cu
[unconnected_items]: Missing connection between items
    Local override; error
    @(68.5000 mm, 44.8000 mm): Pad 3 [LIN_EN_DRIVE] of SW1 on F.Cu
    @(92.5000 mm, 54.0000 mm): Pad 1 [INH_B_TP] of TP20 on F.Cu
[unconnected_items]: Missing connection between items
    Local override; error
    @(81.2500 mm, 37.5600 mm): Pad 12 [LIN_EN_DRIVE] of U1 on F.Cu
    @(68.5000 mm, 44.8000 mm): Pad 3 [LIN_EN_DRIVE] of SW1 on F.Cu
[unconnected_items]: Missing connection between items
    Local override; error
    @(63.5000 mm, 47.2000 mm): Pad 4 [ARM_SENSE] of SW1 on F.Cu
    @(92.5000 mm, 54.0000 mm): Pad 1 [INH_B_TP] of TP20 on F.Cu
[unconnected_items]: Missing connection between items
    Local override; error
    @(92.5000 mm, 54.0000 mm): Pad 1 [INH_B_TP] of TP20 on F.Cu
    @(85.5550 mm, 41.3500 mm): Pad 17 [ARM_SENSE] of U1 on F.Cu
[unconnected_items]: Missing connection between items
    Local override; error
    @(85.5550 mm, 41.3500 mm): Pad 17 [ARM_SENSE] of U1 on F.Cu
    @(77.1750 mm, 32.0000 mm): Pad 1 [ARM_SENSE] of R_ARMSENSE_PD on F.Cu
[unconnected_items]: Missing connection between items
    Local override; error
    @(67.1750 mm, 8.0000 mm): Pad 1 [WAKE_A_N] of R_WAKE_A on F.Cu
    @(45.5250 mm, 8.6350 mm): Pad 3 [WAKE_A_N] of U2 on F.Cu
[unconnected_items]: Missing connection between items
    Local override; error
    @(92.5000 mm, 54.0000 mm): Pad 1 [INH_B_TP] of TP20 on F.Cu
    @(67.1750 mm, 8.0000 mm): Pad 1 [WAKE_A_N] of R_WAKE_A on F.Cu
[unconnected_items]: Missing connection between items
    Local override; error
    @(45.5250 mm, 32.6350 mm): Pad 3 [WAKE_B_N] of U3 on F.Cu
    @(92.5000 mm, 54.0000 mm): Pad 1 [INH_B_TP] of TP20 on F.Cu
[unconnected_items]: Missing connection between items
    Local override; error
    @(72.1750 mm, 8.0000 mm): Pad 1 [WAKE_B_N] of R_WAKE_B on F.Cu
    @(45.5250 mm, 32.6350 mm): Pad 3 [WAKE_B_N] of U3 on F.Cu
[unconnected_items]: Missing connection between items
    Local override; error
    @(50.4750 mm, 6.0950 mm): Pad 8 [INH_A_TP] of U2 on F.Cu
    @(92.5000 mm, 54.0000 mm): Pad 1 [INH_B_TP] of TP20 on F.Cu
[unconnected_items]: Missing connection between items
    Local override; error
    @(50.4750 mm, 30.0950 mm): Pad 8 [INH_B_TP] of U3 on F.Cu
    @(92.5000 mm, 54.0000 mm): Pad 1 [INH_B_TP] of TP20 on F.Cu
[unconnected_items]: Missing connection between items
    Local override; error
    @(13.3500 mm, 12.6350 mm): Pad 3 [BUCK_EN] of U4 on F.Cu
    @(20.8250 mm, 40.0000 mm): Pad 2 [BUCK_EN] of R_BUCK_EN on F.Cu
[unconnected_items]: Missing connection between items
    Local override; error
    @(13.6000 mm, 24.0000 mm): Pad 1 [BUCK_SW] of L1 on F.Cu
    @(22.7750 mm, 36.0000 mm): Pad 2 [BUCK_SW] of C_BST on F.Cu
[unconnected_items]: Missing connection between items
    Local override; error
    @(18.6500 mm, 10.0950 mm): Pad 8 [BUCK_SW] of U4 on F.Cu
    @(13.6000 mm, 24.0000 mm): Pad 1 [BUCK_SW] of L1 on F.Cu
[unconnected_items]: Missing connection between items
    Local override; error
    @(10.8250 mm, 40.0000 mm): Pad 2 [BUCK_FB] of R_FB_TOP on F.Cu
    @(14.1750 mm, 40.0000 mm): Pad 1 [BUCK_FB] of R_FB_BOT on F.Cu
[unconnected_items]: Missing connection between items
    Local override; error
    @(14.1750 mm, 40.0000 mm): Pad 1 [BUCK_FB] of R_FB_BOT on F.Cu
    @(18.6500 mm, 13.9050 mm): Pad 5 [BUCK_FB] of U4 on F.Cu
[unconnected_items]: Missing connection between items
    Local override; error
    @(18.6500 mm, 11.3650 mm): Pad 7 [BUCK_BST] of U4 on F.Cu
    @(21.2250 mm, 36.0000 mm): Pad 1 [BUCK_BST] of C_BST on F.Cu
[unconnected_items]: Missing connection between items
    Local override; error
    @(13.3500 mm, 13.9050 mm): Pad 4 [BUCK_RON] of U4 on F.Cu
    @(25.8250 mm, 40.0000 mm): Pad 2 [BUCK_RON] of R_BUCK_RON on F.Cu
[unconnected_items]: Missing connection between items
    Local override; error
    @(18.6500 mm, 12.6350 mm): Pad 6 [BUCK_PGOOD] of U4 on F.Cu
    @(29.1750 mm, 40.0000 mm): Pad 1 [BUCK_PGOOD] of R_PGOOD_PU on F.Cu
[unconnected_items]: Missing connection between items
    Local override; error
    @(92.5000 mm, 54.0000 mm): Pad 1 [INH_B_TP] of TP20 on F.Cu
    @(81.2500 mm, 40.1000 mm): Pad 14 [USB_D_PLUS] of U1 on F.Cu
[unconnected_items]: Missing connection between items
    Local override; error
    @(82.8625 mm, 10.9500 mm): Pad 3 [USB_D_PLUS] of D4 on F.Cu
    @(81.2500 mm, 40.1000 mm): Pad 14 [USB_D_PLUS] of U1 on F.Cu
[unconnected_items]: Missing connection between items
    Local override; error
    @(85.1375 mm, 10.9500 mm): Pad 4 [USB_D_PLUS] of D4 on F.Cu
    @(82.8625 mm, 10.9500 mm): Pad 3 [USB_D_PLUS] of D4 on F.Cu
[unconnected_items]: Missing connection between items
    Local override; error
    @(91.9550 mm, 11.2500 mm): Pad B6 [USB_D_PLUS] of J1 on F.Cu
    @(85.1375 mm, 10.9500 mm): Pad 4 [USB_D_PLUS] of D4 on F.Cu
[unconnected_items]: Missing connection between items
    Local override; error
    @(92.5000 mm, 54.0000 mm): Pad 1 [INH_B_TP] of TP20 on F.Cu
    @(81.2500 mm, 38.8300 mm): Pad 13 [USB_D_MINUS] of U1 on F.Cu
[unconnected_items]: Missing connection between items
    Local override; error
    @(81.2500 mm, 38.8300 mm): Pad 13 [USB_D_MINUS] of U1 on F.Cu
    @(91.9550 mm, 12.7500 mm): Pad B7 [USB_D_MINUS] of J1 on F.Cu
[unconnected_items]: Missing connection between items
    Local override; error
    @(85.1375 mm, 9.0500 mm): Pad 6 [USB_D_MINUS] of D4 on F.Cu
    @(82.8625 mm, 9.0500 mm): Pad 1 [USB_D_MINUS] of D4 on F.Cu
[unconnected_items]: Missing connection between items
    Local override; error
    @(91.9550 mm, 11.7500 mm): Pad A7 [USB_D_MINUS] of J1 on F.Cu
    @(85.1375 mm, 9.0500 mm): Pad 6 [USB_D_MINUS] of D4 on F.Cu
[unconnected_items]: Missing connection between items
    Local override; error
    @(91.9550 mm, 9.5500 mm): Pad A9 [USB_VBUS] of J1 on F.Cu
    @(85.1375 mm, 10.0000 mm): Pad 5 [USB_VBUS] of D4 on F.Cu
[unconnected_items]: Missing connection between items
    Local override; error
    @(91.9550 mm, 14.4500 mm): Pad B9 [USB_VBUS] of J1 on F.Cu
    @(91.9550 mm, 9.5500 mm): Pad A9 [USB_VBUS] of J1 on F.Cu
[unconnected_items]: Missing connection between items
    Local override; error
    @(75.1750 mm, 52.0000 mm): Pad 1 [CC1] of R_CC1 on F.Cu
    @(91.9550 mm, 13.2500 mm): Pad A5 [CC1] of J1 on F.Cu
[unconnected_items]: Missing connection between items
    Local override; error
    @(80.1750 mm, 52.0000 mm): Pad 1 [CC2] of R_CC2 on F.Cu
    @(91.9550 mm, 10.2500 mm): Pad B5 [CC2] of J1 on F.Cu
[unconnected_items]: Missing connection between items
    Local override; error
    @(92.5000 mm, 54.0000 mm): Pad 1 [INH_B_TP] of TP20 on F.Cu
    @(80.1750 mm, 46.0000 mm): Pad 1 [BOOT_GPIO0] of R_BOOT on F.Cu
[unconnected_items]: Missing connection between items
    Local override; error
    @(80.1750 mm, 46.0000 mm): Pad 1 [BOOT_GPIO0] of R_BOOT on F.Cu
    @(98.7500 mm, 40.1000 mm): Pad 27 [BOOT_GPIO0] of U1 on F.Cu
[unconnected_items]: Missing connection between items
    Local override; error
    @(92.5000 mm, 54.0000 mm): Pad 1 [INH_B_TP] of TP20 on F.Cu
    @(75.1750 mm, 46.0000 mm): Pad 1 [EN] of R_EN on F.Cu
[unconnected_items]: Missing connection between items
    Local override; error
    @(75.1750 mm, 46.0000 mm): Pad 1 [EN] of R_EN on F.Cu
    @(81.2500 mm, 26.1300 mm): Pad 3 [EN] of U1 on F.Cu
[unconnected_items]: Missing connection between items
    Local override; error
    @(92.5000 mm, 54.0000 mm): Pad 1 [INH_B_TP] of TP20 on F.Cu
    @(98.7500 mm, 27.4000 mm): Pad 37 [UART0_TX] of U1 on F.Cu
[unconnected_items]: Missing connection between items
    Local override; error
    @(92.5000 mm, 54.0000 mm): Pad 1 [INH_B_TP] of TP20 on F.Cu
    @(98.7500 mm, 28.6700 mm): Pad 36 [UART0_RX] of U1 on F.Cu

** Found 0 Footprint errors **

** Ignored checks **
    - Footprint has no courtyard defined
    - Track endpoint not centered on via
    - Tuning profile track geometries
    - Footprint doesn't match symbol's footprint filters
    - Footprint component type doesn't match footprint pads

** End of Report **
