** Drc report for tesla-dual-lin-rev-a.kicad_pcb **
** Created on 2026-05-30T21:57:09 **
** Report includes: Errors, Warnings **

** Found 303 DRC violations **
[clearance]: Clearance violation ( clearance 0.2000 mm; actual 0.0500 mm)
    Local override; error
    @(91.9550 mm, 15.2500 mm): Pad A1 [<no net>] of J1 on F.Cu
    @(91.9550 mm, 13.7500 mm): Pad B8 [<no net>] of J1 on F.Cu
[clearance]: Clearance violation ( clearance 0.2000 mm; actual 0.0000 mm)
    Local override; error
    @(91.9550 mm, 15.2500 mm): Pad A1 [<no net>] of J1 on F.Cu
    @(91.9550 mm, 14.4500 mm): Pad A4 [<no net>] of J1 on F.Cu
[clearance]: Clearance violation ( clearance 0.2000 mm; actual 0.0000 mm)
    Local override; error
    @(91.9550 mm, 15.2500 mm): Pad A1 [<no net>] of J1 on F.Cu
    @(91.9550 mm, 14.4500 mm): Pad B9 [<no net>] of J1 on F.Cu
[clearance]: Clearance violation ( clearance 0.2000 mm; actual 0.0000 mm)
    Local override; error
    @(91.9550 mm, 15.2500 mm): Pad A1 [<no net>] of J1 on F.Cu
    @(91.9550 mm, 15.2500 mm): Pad B12 [<no net>] of J1 on F.Cu
[clearance]: Clearance violation ( clearance 0.2000 mm; actual 0.1150 mm)
    Local override; error
    @(91.9550 mm, 15.2500 mm): Pad A1 [<no net>] of J1 on F.Cu
    @(92.8700 mm, 16.3200 mm): PTH pad SH [<no net>] of J1
[clearance]: Clearance violation ( clearance 0.2000 mm; actual 0.0000 mm)
    Local override; error
    @(91.9550 mm, 14.4500 mm): Pad A4 [<no net>] of J1 on F.Cu
    @(91.9550 mm, 13.7500 mm): Pad B8 [<no net>] of J1 on F.Cu
[clearance]: Clearance violation ( clearance 0.2000 mm; actual 0.0000 mm)
    Local override; error
    @(91.9550 mm, 14.4500 mm): Pad A4 [<no net>] of J1 on F.Cu
    @(91.9550 mm, 14.4500 mm): Pad B9 [<no net>] of J1 on F.Cu
[clearance]: Clearance violation ( clearance 0.2000 mm; actual 0.0000 mm)
    Local override; error
    @(91.9550 mm, 14.4500 mm): Pad A4 [<no net>] of J1 on F.Cu
    @(91.9550 mm, 15.2500 mm): Pad B12 [<no net>] of J1 on F.Cu
[clearance]: Clearance violation ( clearance 0.2000 mm; actual 0.0000 mm)
    Local override; error
    @(91.9550 mm, 14.4500 mm): Pad A4 [<no net>] of J1 on F.Cu
    @(91.9550 mm, 13.2500 mm): Pad A5 [<no net>] of J1 on F.Cu
[clearance]: Clearance violation ( clearance 0.2000 mm; actual 0.0000 mm)
    Local override; error
    @(91.9550 mm, 13.2500 mm): Pad A5 [<no net>] of J1 on F.Cu
    @(91.9550 mm, 13.7500 mm): Pad B8 [<no net>] of J1 on F.Cu
[clearance]: Clearance violation ( clearance 0.2000 mm; actual 0.0000 mm)
    Local override; error
    @(91.9550 mm, 13.2500 mm): Pad A5 [<no net>] of J1 on F.Cu
    @(91.9550 mm, 14.4500 mm): Pad B9 [<no net>] of J1 on F.Cu
[clearance]: Clearance violation ( clearance 0.2000 mm; actual 0.0000 mm)
    Local override; error
    @(91.9550 mm, 13.2500 mm): Pad A5 [<no net>] of J1 on F.Cu
    @(91.9550 mm, 12.2500 mm): Pad A6 [<no net>] of J1 on F.Cu
[clearance]: Clearance violation ( clearance 0.2000 mm; actual 0.0000 mm)
    Local override; error
    @(91.9550 mm, 13.2500 mm): Pad A5 [<no net>] of J1 on F.Cu
    @(91.9550 mm, 12.7500 mm): Pad B7 [<no net>] of J1 on F.Cu
[clearance]: Clearance violation ( clearance 0.2000 mm; actual 0.0500 mm)
    Local override; error
    @(91.9550 mm, 13.2500 mm): Pad A5 [<no net>] of J1 on F.Cu
    @(91.9550 mm, 11.7500 mm): Pad A7 [<no net>] of J1 on F.Cu
[clearance]: Clearance violation ( clearance 0.2000 mm; actual 0.0500 mm)
    Local override; error
    @(91.9550 mm, 12.2500 mm): Pad A6 [<no net>] of J1 on F.Cu
    @(91.9550 mm, 13.7500 mm): Pad B8 [<no net>] of J1 on F.Cu
[clearance]: Clearance violation ( clearance 0.2000 mm; actual 0.0000 mm)
    Local override; error
    @(91.9550 mm, 12.2500 mm): Pad A6 [<no net>] of J1 on F.Cu
    @(91.9550 mm, 11.7500 mm): Pad A7 [<no net>] of J1 on F.Cu
[clearance]: Clearance violation ( clearance 0.2000 mm; actual 0.0500 mm)
    Local override; error
    @(91.9550 mm, 12.2500 mm): Pad A6 [<no net>] of J1 on F.Cu
    @(91.9550 mm, 10.7500 mm): Pad A8 [<no net>] of J1 on F.Cu
[clearance]: Clearance violation ( clearance 0.2000 mm; actual 0.0000 mm)
    Local override; error
    @(91.9550 mm, 12.2500 mm): Pad A6 [<no net>] of J1 on F.Cu
    @(91.9550 mm, 11.2500 mm): Pad B6 [<no net>] of J1 on F.Cu
[clearance]: Clearance violation ( clearance 0.2000 mm; actual 0.0000 mm)
    Local override; error
    @(91.9550 mm, 12.2500 mm): Pad A6 [<no net>] of J1 on F.Cu
    @(91.9550 mm, 12.7500 mm): Pad B7 [<no net>] of J1 on F.Cu
[clearance]: Clearance violation ( clearance 0.2000 mm; actual 0.0000 mm)
    Local override; error
    @(91.9550 mm, 11.7500 mm): Pad A7 [<no net>] of J1 on F.Cu
    @(91.9550 mm, 10.7500 mm): Pad A8 [<no net>] of J1 on F.Cu
[clearance]: Clearance violation ( clearance 0.2000 mm; actual 0.0500 mm)
    Local override; error
    @(91.9550 mm, 11.7500 mm): Pad A7 [<no net>] of J1 on F.Cu
    @(91.9550 mm, 10.2500 mm): Pad B5 [<no net>] of J1 on F.Cu
[clearance]: Clearance violation ( clearance 0.2000 mm; actual 0.0000 mm)
    Local override; error
    @(91.9550 mm, 11.7500 mm): Pad A7 [<no net>] of J1 on F.Cu
    @(91.9550 mm, 11.2500 mm): Pad B6 [<no net>] of J1 on F.Cu
[clearance]: Clearance violation ( clearance 0.2000 mm; actual 0.0000 mm)
    Local override; error
    @(91.9550 mm, 11.7500 mm): Pad A7 [<no net>] of J1 on F.Cu
    @(91.9550 mm, 12.7500 mm): Pad B7 [<no net>] of J1 on F.Cu
[clearance]: Clearance violation ( clearance 0.2000 mm; actual 0.0000 mm)
    Local override; error
    @(91.9550 mm, 10.7500 mm): Pad A8 [<no net>] of J1 on F.Cu
    @(91.9550 mm, 9.5500 mm): Pad A9 [<no net>] of J1 on F.Cu
[clearance]: Clearance violation ( clearance 0.2000 mm; actual 0.0000 mm)
    Local override; error
    @(91.9550 mm, 10.7500 mm): Pad A8 [<no net>] of J1 on F.Cu
    @(91.9550 mm, 10.2500 mm): Pad B5 [<no net>] of J1 on F.Cu
[clearance]: Clearance violation ( clearance 0.2000 mm; actual 0.0000 mm)
    Local override; error
    @(91.9550 mm, 10.7500 mm): Pad A8 [<no net>] of J1 on F.Cu
    @(91.9550 mm, 11.2500 mm): Pad B6 [<no net>] of J1 on F.Cu
[clearance]: Clearance violation ( clearance 0.2000 mm; actual 0.0000 mm)
    Local override; error
    @(91.9550 mm, 10.7500 mm): Pad A8 [<no net>] of J1 on F.Cu
    @(91.9550 mm, 9.5500 mm): Pad B4 [<no net>] of J1 on F.Cu
[clearance]: Clearance violation ( clearance 0.2000 mm; actual 0.0000 mm)
    Local override; error
    @(91.9550 mm, 9.5500 mm): Pad A9 [<no net>] of J1 on F.Cu
    @(91.9550 mm, 8.7500 mm): Pad B1 [<no net>] of J1 on F.Cu
[clearance]: Clearance violation ( clearance 0.2000 mm; actual 0.0000 mm)
    Local override; error
    @(91.9550 mm, 9.5500 mm): Pad A9 [<no net>] of J1 on F.Cu
    @(91.9550 mm, 10.2500 mm): Pad B5 [<no net>] of J1 on F.Cu
[clearance]: Clearance violation ( clearance 0.2000 mm; actual 0.0000 mm)
    Local override; error
    @(91.9550 mm, 9.5500 mm): Pad A9 [<no net>] of J1 on F.Cu
    @(91.9550 mm, 9.5500 mm): Pad B4 [<no net>] of J1 on F.Cu
[clearance]: Clearance violation ( clearance 0.2000 mm; actual 0.0000 mm)
    Local override; error
    @(91.9550 mm, 9.5500 mm): Pad A9 [<no net>] of J1 on F.Cu
    @(91.9550 mm, 8.7500 mm): Pad A12 [<no net>] of J1 on F.Cu
[clearance]: Clearance violation ( clearance 0.2000 mm; actual 0.0000 mm)
    Local override; error
    @(91.9550 mm, 8.7500 mm): Pad A12 [<no net>] of J1 on F.Cu
    @(91.9550 mm, 8.7500 mm): Pad B1 [<no net>] of J1 on F.Cu
[clearance]: Clearance violation ( clearance 0.2000 mm; actual 0.1150 mm)
    Local override; error
    @(91.9550 mm, 8.7500 mm): Pad A12 [<no net>] of J1 on F.Cu
    @(92.8700 mm, 7.6800 mm): PTH pad SH [<no net>] of J1
[clearance]: Clearance violation ( clearance 0.2000 mm; actual 0.0000 mm)
    Local override; error
    @(91.9550 mm, 8.7500 mm): Pad A12 [<no net>] of J1 on F.Cu
    @(91.9550 mm, 9.5500 mm): Pad B4 [<no net>] of J1 on F.Cu
[clearance]: Clearance violation ( clearance 0.2000 mm; actual 0.0500 mm)
    Local override; error
    @(91.9550 mm, 8.7500 mm): Pad A12 [<no net>] of J1 on F.Cu
    @(91.9550 mm, 10.2500 mm): Pad B5 [<no net>] of J1 on F.Cu
[clearance]: Clearance violation ( clearance 0.2000 mm; actual 0.1150 mm)
    Local override; error
    @(91.9550 mm, 8.7500 mm): Pad B1 [<no net>] of J1 on F.Cu
    @(92.8700 mm, 7.6800 mm): PTH pad SH [<no net>] of J1
[clearance]: Clearance violation ( clearance 0.2000 mm; actual 0.0000 mm)
    Local override; error
    @(91.9550 mm, 8.7500 mm): Pad B1 [<no net>] of J1 on F.Cu
    @(91.9550 mm, 9.5500 mm): Pad B4 [<no net>] of J1 on F.Cu
[clearance]: Clearance violation ( clearance 0.2000 mm; actual 0.0500 mm)
    Local override; error
    @(91.9550 mm, 8.7500 mm): Pad B1 [<no net>] of J1 on F.Cu
    @(91.9550 mm, 10.2500 mm): Pad B5 [<no net>] of J1 on F.Cu
[clearance]: Clearance violation ( clearance 0.2000 mm; actual 0.0000 mm)
    Local override; error
    @(91.9550 mm, 9.5500 mm): Pad B4 [<no net>] of J1 on F.Cu
    @(91.9550 mm, 10.2500 mm): Pad B5 [<no net>] of J1 on F.Cu
[clearance]: Clearance violation ( clearance 0.2000 mm; actual 0.0000 mm)
    Local override; error
    @(91.9550 mm, 10.2500 mm): Pad B5 [<no net>] of J1 on F.Cu
    @(91.9550 mm, 11.2500 mm): Pad B6 [<no net>] of J1 on F.Cu
[clearance]: Clearance violation ( clearance 0.2000 mm; actual 0.0500 mm)
    Local override; error
    @(91.9550 mm, 11.2500 mm): Pad B6 [<no net>] of J1 on F.Cu
    @(91.9550 mm, 12.7500 mm): Pad B7 [<no net>] of J1 on F.Cu
[clearance]: Clearance violation ( clearance 0.2000 mm; actual 0.0000 mm)
    Local override; error
    @(91.9550 mm, 12.7500 mm): Pad B7 [<no net>] of J1 on F.Cu
    @(91.9550 mm, 13.7500 mm): Pad B8 [<no net>] of J1 on F.Cu
[clearance]: Clearance violation ( clearance 0.2000 mm; actual 0.0000 mm)
    Local override; error
    @(91.9550 mm, 13.7500 mm): Pad B8 [<no net>] of J1 on F.Cu
    @(91.9550 mm, 14.4500 mm): Pad B9 [<no net>] of J1 on F.Cu
[clearance]: Clearance violation ( clearance 0.2000 mm; actual 0.0500 mm)
    Local override; error
    @(91.9550 mm, 13.7500 mm): Pad B8 [<no net>] of J1 on F.Cu
    @(91.9550 mm, 15.2500 mm): Pad B12 [<no net>] of J1 on F.Cu
[clearance]: Clearance violation ( clearance 0.2000 mm; actual 0.0000 mm)
    Local override; error
    @(91.9550 mm, 14.4500 mm): Pad B9 [<no net>] of J1 on F.Cu
    @(91.9550 mm, 15.2500 mm): Pad B12 [<no net>] of J1 on F.Cu
[clearance]: Clearance violation ( clearance 0.2000 mm; actual 0.1150 mm)
    Local override; error
    @(91.9550 mm, 15.2500 mm): Pad B12 [<no net>] of J1 on F.Cu
    @(92.8700 mm, 16.3200 mm): PTH pad SH [<no net>] of J1
[drill_out_of_range]: Hole size out of range (board setup constraints min hole 0.3000 mm; actual 0.2000 mm)
    Rule: board setup constraints; error
    @(15.0450 mm, 10.7000 mm): PTH pad 9 [<no net>] of U4
[drill_out_of_range]: Hole size out of range (board setup constraints min hole 0.3000 mm; actual 0.2000 mm)
    Rule: board setup constraints; error
    @(15.0450 mm, 12.0000 mm): PTH pad 9 [<no net>] of U4
[drill_out_of_range]: Hole size out of range (board setup constraints min hole 0.3000 mm; actual 0.2000 mm)
    Rule: board setup constraints; error
    @(15.0450 mm, 13.3000 mm): PTH pad 9 [<no net>] of U4
[drill_out_of_range]: Hole size out of range (board setup constraints min hole 0.3000 mm; actual 0.2000 mm)
    Rule: board setup constraints; error
    @(16.9550 mm, 10.7000 mm): PTH pad 9 [<no net>] of U4
[drill_out_of_range]: Hole size out of range (board setup constraints min hole 0.3000 mm; actual 0.2000 mm)
    Rule: board setup constraints; error
    @(16.9550 mm, 12.0000 mm): PTH pad 9 [<no net>] of U4
[drill_out_of_range]: Hole size out of range (board setup constraints min hole 0.3000 mm; actual 0.2000 mm)
    Rule: board setup constraints; error
    @(16.9550 mm, 13.3000 mm): PTH pad 9 [<no net>] of U4
[drill_out_of_range]: Hole size out of range (board setup constraints min hole 0.3000 mm; actual 0.2000 mm)
    Rule: board setup constraints; error
    @(87.1000 mm, 30.6100 mm): PTH pad 41 [<no net>] of U1
[drill_out_of_range]: Hole size out of range (board setup constraints min hole 0.3000 mm; actual 0.2000 mm)
    Rule: board setup constraints; error
    @(87.1000 mm, 32.0100 mm): PTH pad 41 [<no net>] of U1
[drill_out_of_range]: Hole size out of range (board setup constraints min hole 0.3000 mm; actual 0.2000 mm)
    Rule: board setup constraints; error
    @(87.8000 mm, 29.9100 mm): PTH pad 41 [<no net>] of U1
[drill_out_of_range]: Hole size out of range (board setup constraints min hole 0.3000 mm; actual 0.2000 mm)
    Rule: board setup constraints; error
    @(87.8000 mm, 31.3100 mm): PTH pad 41 [<no net>] of U1
[drill_out_of_range]: Hole size out of range (board setup constraints min hole 0.3000 mm; actual 0.2000 mm)
    Rule: board setup constraints; error
    @(87.8000 mm, 32.7100 mm): PTH pad 41 [<no net>] of U1
[drill_out_of_range]: Hole size out of range (board setup constraints min hole 0.3000 mm; actual 0.2000 mm)
    Rule: board setup constraints; error
    @(88.5000 mm, 30.6100 mm): PTH pad 41 [<no net>] of U1
[drill_out_of_range]: Hole size out of range (board setup constraints min hole 0.3000 mm; actual 0.2000 mm)
    Rule: board setup constraints; error
    @(88.5000 mm, 32.0100 mm): PTH pad 41 [<no net>] of U1
[drill_out_of_range]: Hole size out of range (board setup constraints min hole 0.3000 mm; actual 0.2000 mm)
    Rule: board setup constraints; error
    @(89.2000 mm, 29.9100 mm): PTH pad 41 [<no net>] of U1
[drill_out_of_range]: Hole size out of range (board setup constraints min hole 0.3000 mm; actual 0.2000 mm)
    Rule: board setup constraints; error
    @(89.2000 mm, 31.3100 mm): PTH pad 41 [<no net>] of U1
[drill_out_of_range]: Hole size out of range (board setup constraints min hole 0.3000 mm; actual 0.2000 mm)
    Rule: board setup constraints; error
    @(89.2000 mm, 32.7100 mm): PTH pad 41 [<no net>] of U1
[drill_out_of_range]: Hole size out of range (board setup constraints min hole 0.3000 mm; actual 0.2000 mm)
    Rule: board setup constraints; error
    @(89.9000 mm, 30.6100 mm): PTH pad 41 [<no net>] of U1
[drill_out_of_range]: Hole size out of range (board setup constraints min hole 0.3000 mm; actual 0.2000 mm)
    Rule: board setup constraints; error
    @(89.9000 mm, 32.0100 mm): PTH pad 41 [<no net>] of U1
[solder_mask_bridge]: Front solder mask aperture bridges items with different nets
    Rule: board setup solder mask min width; error
    @(91.9550 mm, 12.7500 mm): Pad B7 [<no net>] of J1 on F.Cu
    @(91.9550 mm, 13.7500 mm): Pad B8 [<no net>] of J1 on F.Cu
[solder_mask_bridge]: Front solder mask aperture bridges items with different nets
    Rule: board setup solder mask min width; error
    @(91.9550 mm, 12.2500 mm): Pad A6 [<no net>] of J1 on F.Cu
    @(91.9550 mm, 13.2500 mm): Pad A5 [<no net>] of J1 on F.Cu
[solder_mask_bridge]: Front solder mask aperture bridges items with different nets
    Rule: board setup solder mask min width; error
    @(91.9550 mm, 12.2500 mm): Pad A6 [<no net>] of J1 on F.Cu
    @(91.9550 mm, 12.7500 mm): Pad B7 [<no net>] of J1 on F.Cu
[solder_mask_bridge]: Front solder mask aperture bridges items with different nets
    Rule: board setup solder mask min width; error
    @(91.9550 mm, 12.2500 mm): Pad A6 [<no net>] of J1 on F.Cu
    @(91.9550 mm, 11.7500 mm): Pad A7 [<no net>] of J1 on F.Cu
[solder_mask_bridge]: Front solder mask aperture bridges items with different nets
    Rule: board setup solder mask min width; error
    @(91.9550 mm, 12.7500 mm): Pad B7 [<no net>] of J1 on F.Cu
    @(91.9550 mm, 13.2500 mm): Pad A5 [<no net>] of J1 on F.Cu
[solder_mask_bridge]: Front solder mask aperture bridges items with different nets
    Rule: board setup solder mask min width; error
    @(91.9550 mm, 12.2500 mm): Pad A6 [<no net>] of J1 on F.Cu
    @(91.9550 mm, 11.2500 mm): Pad B6 [<no net>] of J1 on F.Cu
[solder_mask_bridge]: Front solder mask aperture bridges items with different nets
    Rule: board setup solder mask min width; error
    @(91.9550 mm, 12.7500 mm): Pad B7 [<no net>] of J1 on F.Cu
    @(91.9550 mm, 11.7500 mm): Pad A7 [<no net>] of J1 on F.Cu
[solder_mask_bridge]: Front solder mask aperture bridges items with different nets
    Rule: board setup solder mask min width; error
    @(91.9550 mm, 15.2500 mm): Pad A1 [<no net>] of J1 on F.Cu
    @(91.9550 mm, 14.4500 mm): Pad A4 [<no net>] of J1 on F.Cu
[solder_mask_bridge]: Front solder mask aperture bridges items with different nets
    Rule: board setup solder mask min width; error
    @(91.9550 mm, 15.2500 mm): Pad A1 [<no net>] of J1 on F.Cu
    @(91.9550 mm, 14.4500 mm): Pad B9 [<no net>] of J1 on F.Cu
[solder_mask_bridge]: Front solder mask aperture bridges items with different nets
    Rule: board setup solder mask min width; error
    @(91.9550 mm, 15.2500 mm): Pad A1 [<no net>] of J1 on F.Cu
    @(91.9550 mm, 15.2500 mm): Pad B12 [<no net>] of J1 on F.Cu
[solder_mask_bridge]: Front solder mask aperture bridges items with different nets
    Rule: board setup solder mask min width; error
    @(91.9550 mm, 11.7500 mm): Pad A7 [<no net>] of J1 on F.Cu
    @(91.9550 mm, 10.7500 mm): Pad A8 [<no net>] of J1 on F.Cu
[solder_mask_bridge]: Front solder mask aperture bridges items with different nets
    Rule: board setup solder mask min width; error
    @(91.9550 mm, 11.7500 mm): Pad A7 [<no net>] of J1 on F.Cu
    @(91.9550 mm, 11.2500 mm): Pad B6 [<no net>] of J1 on F.Cu
[solder_mask_bridge]: Front solder mask aperture bridges items with different nets
    Rule: board setup solder mask min width; error
    @(91.9550 mm, 13.7500 mm): Pad B8 [<no net>] of J1 on F.Cu
    @(91.9550 mm, 14.4500 mm): Pad B9 [<no net>] of J1 on F.Cu
[solder_mask_bridge]: Front solder mask aperture bridges items with different nets
    Rule: board setup solder mask min width; error
    @(91.9550 mm, 14.4500 mm): Pad A4 [<no net>] of J1 on F.Cu
    @(91.9550 mm, 13.7500 mm): Pad B8 [<no net>] of J1 on F.Cu
[solder_mask_bridge]: Front solder mask aperture bridges items with different nets
    Rule: board setup solder mask min width; error
    @(91.9550 mm, 10.7500 mm): Pad A8 [<no net>] of J1 on F.Cu
    @(91.9550 mm, 9.5500 mm): Pad A9 [<no net>] of J1 on F.Cu
[solder_mask_bridge]: Front solder mask aperture bridges items with different nets
    Rule: board setup solder mask min width; error
    @(91.9550 mm, 13.7500 mm): Pad B8 [<no net>] of J1 on F.Cu
    @(91.9550 mm, 13.2500 mm): Pad A5 [<no net>] of J1 on F.Cu
[solder_mask_bridge]: Front solder mask aperture bridges items with different nets
    Rule: board setup solder mask min width; error
    @(91.9550 mm, 14.4500 mm): Pad A4 [<no net>] of J1 on F.Cu
    @(91.9550 mm, 14.4500 mm): Pad B9 [<no net>] of J1 on F.Cu
[solder_mask_bridge]: Front solder mask aperture bridges items with different nets
    Rule: board setup solder mask min width; error
    @(91.9550 mm, 10.7500 mm): Pad A8 [<no net>] of J1 on F.Cu
    @(91.9550 mm, 10.2500 mm): Pad B5 [<no net>] of J1 on F.Cu
[solder_mask_bridge]: Front solder mask aperture bridges items with different nets
    Rule: board setup solder mask min width; error
    @(91.9550 mm, 10.7500 mm): Pad A8 [<no net>] of J1 on F.Cu
    @(91.9550 mm, 11.2500 mm): Pad B6 [<no net>] of J1 on F.Cu
[solder_mask_bridge]: Front solder mask aperture bridges items with different nets
    Rule: board setup solder mask min width; error
    @(91.9550 mm, 10.7500 mm): Pad A8 [<no net>] of J1 on F.Cu
    @(91.9550 mm, 9.5500 mm): Pad B4 [<no net>] of J1 on F.Cu
[solder_mask_bridge]: Front solder mask aperture bridges items with different nets
    Rule: board setup solder mask min width; error
    @(91.9550 mm, 14.4500 mm): Pad B9 [<no net>] of J1 on F.Cu
    @(91.9550 mm, 15.2500 mm): Pad B12 [<no net>] of J1 on F.Cu
[solder_mask_bridge]: Front solder mask aperture bridges items with different nets
    Rule: board setup solder mask min width; error
    @(91.9550 mm, 9.5500 mm): Pad A9 [<no net>] of J1 on F.Cu
    @(91.9550 mm, 8.7500 mm): Pad B1 [<no net>] of J1 on F.Cu
[solder_mask_bridge]: Front solder mask aperture bridges items with different nets
    Rule: board setup solder mask min width; error
    @(91.9550 mm, 14.4500 mm): Pad B9 [<no net>] of J1 on F.Cu
    @(91.9550 mm, 13.2500 mm): Pad A5 [<no net>] of J1 on F.Cu
[solder_mask_bridge]: Front solder mask aperture bridges items with different nets
    Rule: board setup solder mask min width; error
    @(91.9550 mm, 9.5500 mm): Pad A9 [<no net>] of J1 on F.Cu
    @(91.9550 mm, 10.2500 mm): Pad B5 [<no net>] of J1 on F.Cu
[solder_mask_bridge]: Front solder mask aperture bridges items with different nets
    Rule: board setup solder mask min width; error
    @(91.9550 mm, 14.4500 mm): Pad A4 [<no net>] of J1 on F.Cu
    @(91.9550 mm, 15.2500 mm): Pad B12 [<no net>] of J1 on F.Cu
[solder_mask_bridge]: Front solder mask aperture bridges items with different nets
    Rule: board setup solder mask min width; error
    @(91.9550 mm, 9.5500 mm): Pad A9 [<no net>] of J1 on F.Cu
    @(91.9550 mm, 9.5500 mm): Pad B4 [<no net>] of J1 on F.Cu
[solder_mask_bridge]: Front solder mask aperture bridges items with different nets
    Rule: board setup solder mask min width; error
    @(91.9550 mm, 9.5500 mm): Pad A9 [<no net>] of J1 on F.Cu
    @(91.9550 mm, 8.7500 mm): Pad A12 [<no net>] of J1 on F.Cu
[solder_mask_bridge]: Front solder mask aperture bridges items with different nets
    Rule: board setup solder mask min width; error
    @(91.9550 mm, 14.4500 mm): Pad A4 [<no net>] of J1 on F.Cu
    @(91.9550 mm, 13.2500 mm): Pad A5 [<no net>] of J1 on F.Cu
[solder_mask_bridge]: Front solder mask aperture bridges items with different nets
    Rule: board setup solder mask min width; error
    @(91.9550 mm, 8.7500 mm): Pad A12 [<no net>] of J1 on F.Cu
    @(91.9550 mm, 8.7500 mm): Pad B1 [<no net>] of J1 on F.Cu
[solder_mask_bridge]: Front solder mask aperture bridges items with different nets
    Rule: board setup solder mask min width; error
    @(91.9550 mm, 8.7500 mm): Pad A12 [<no net>] of J1 on F.Cu
    @(91.9550 mm, 9.5500 mm): Pad B4 [<no net>] of J1 on F.Cu
[solder_mask_bridge]: Front solder mask aperture bridges items with different nets
    Rule: board setup solder mask min width; error
    @(91.9550 mm, 8.7500 mm): Pad B1 [<no net>] of J1 on F.Cu
    @(91.9550 mm, 9.5500 mm): Pad B4 [<no net>] of J1 on F.Cu
[solder_mask_bridge]: Front solder mask aperture bridges items with different nets
    Rule: board setup solder mask min width; error
    @(91.9550 mm, 9.5500 mm): Pad B4 [<no net>] of J1 on F.Cu
    @(91.9550 mm, 10.2500 mm): Pad B5 [<no net>] of J1 on F.Cu
[solder_mask_bridge]: Front solder mask aperture bridges items with different nets
    Rule: board setup solder mask min width; error
    @(91.9550 mm, 10.2500 mm): Pad B5 [<no net>] of J1 on F.Cu
    @(91.9550 mm, 11.2500 mm): Pad B6 [<no net>] of J1 on F.Cu
[lib_footprint_issues]: The current configuration does not include the footprint library 'MountingHole'
    Local override; warning
    @(4.0000 mm, 4.0000 mm): Footprint REF**
[lib_footprint_issues]: The current configuration does not include the footprint library 'MountingHole'
    Local override; warning
    @(96.0000 mm, 4.0000 mm): Footprint REF**
[lib_footprint_issues]: The current configuration does not include the footprint library 'MountingHole'
    Local override; warning
    @(4.0000 mm, 56.0000 mm): Footprint REF**
[lib_footprint_issues]: The current configuration does not include the footprint library 'MountingHole'
    Local override; warning
    @(96.0000 mm, 56.0000 mm): Footprint REF**
[lib_footprint_issues]: The current configuration does not include the footprint library 'Package_SO'
    Local override; warning
    @(16.0000 mm, 12.0000 mm): Footprint U4
[lib_footprint_issues]: The current configuration does not include the footprint library 'Capacitor_SMD'
    Local override; warning
    @(30.0000 mm, 12.0000 mm): Footprint C_IN
[lib_footprint_issues]: The current configuration does not include the footprint library 'Inductor_SMD'
    Local override; warning
    @(16.0000 mm, 24.0000 mm): Footprint L1
[lib_footprint_issues]: The current configuration does not include the footprint library 'Capacitor_SMD'
    Local override; warning
    @(30.0000 mm, 24.0000 mm): Footprint C_3V3
[lib_footprint_issues]: The current configuration does not include the footprint library 'Capacitor_SMD'
    Local override; warning
    @(22.0000 mm, 36.0000 mm): Footprint C_BST
[lib_footprint_issues]: The current configuration does not include the footprint library 'Resistor_SMD'
    Local override; warning
    @(10.0000 mm, 40.0000 mm): Footprint R_FB_TOP
[lib_footprint_issues]: The current configuration does not include the footprint library 'Resistor_SMD'
    Local override; warning
    @(15.0000 mm, 40.0000 mm): Footprint R_FB_BOT
[lib_footprint_issues]: The current configuration does not include the footprint library 'Resistor_SMD'
    Local override; warning
    @(20.0000 mm, 40.0000 mm): Footprint R_BUCK_EN
[lib_footprint_issues]: The current configuration does not include the footprint library 'Resistor_SMD'
    Local override; warning
    @(25.0000 mm, 40.0000 mm): Footprint R_BUCK_RON
[lib_footprint_issues]: The current configuration does not include the footprint library 'Resistor_SMD'
    Local override; warning
    @(30.0000 mm, 40.0000 mm): Footprint R_PGOOD_PU
[lib_footprint_issues]: The current configuration does not include the footprint library 'Package_SO'
    Local override; warning
    @(10.0000 mm, 44.0000 mm): Footprint Q1
[lib_footprint_issues]: The current configuration does not include the footprint library 'Fuse'
    Local override; warning
    @(16.0000 mm, 50.0000 mm): Footprint F1
[lib_footprint_issues]: The current configuration does not include the footprint library 'Diode_SMD'
    Local override; warning
    @(30.0000 mm, 48.0000 mm): Footprint D1
[lib_footprint_issues]: The current configuration does not include the footprint library 'Inductor_SMD'
    Local override; warning
    @(44.0000 mm, 48.0000 mm): Footprint FB1
[lib_footprint_issues]: The current configuration does not include the footprint library 'Package_SO'
    Local override; warning
    @(48.0000 mm, 8.0000 mm): Footprint U2
[lib_footprint_issues]: The current configuration does not include the footprint library 'Package_SO'
    Local override; warning
    @(48.0000 mm, 32.0000 mm): Footprint U3
[lib_footprint_issues]: The current configuration does not include the footprint library 'Resistor_SMD'
    Local override; warning
    @(68.0000 mm, 8.0000 mm): Footprint R_WAKE_A
[lib_footprint_issues]: The current configuration does not include the footprint library 'Resistor_SMD'
    Local override; warning
    @(73.0000 mm, 8.0000 mm): Footprint R_WAKE_B
[lib_footprint_issues]: The current configuration does not include the footprint library 'Resistor_SMD'
    Local override; warning
    @(78.0000 mm, 8.0000 mm): Footprint R_LINA_SER
[lib_footprint_issues]: The current configuration does not include the footprint library 'Resistor_SMD'
    Local override; warning
    @(68.0000 mm, 32.0000 mm): Footprint R_LINB_SER
[lib_footprint_issues]: The current configuration does not include the footprint library 'Resistor_SMD'
    Local override; warning
    @(73.0000 mm, 32.0000 mm): Footprint R_LINEN_PD
[lib_footprint_issues]: The current configuration does not include the footprint library 'Resistor_SMD'
    Local override; warning
    @(78.0000 mm, 32.0000 mm): Footprint R_ARMSENSE_PD
[lib_footprint_issues]: The current configuration does not include the footprint library 'Diode_SMD'
    Local override; warning
    @(68.0000 mm, 20.0000 mm): Footprint D2
[lib_footprint_issues]: The current configuration does not include the footprint library 'Diode_SMD'
    Local override; warning
    @(78.0000 mm, 40.0000 mm): Footprint D3
[lib_footprint_issues]: The current configuration does not include the footprint library 'RF_Module'
    Local override; warning
    @(90.0000 mm, 32.0000 mm): Footprint U1
[lib_footprint_issues]: The current configuration does not include the footprint library 'Button_Switch_SMD'
    Local override; warning
    @(66.0000 mm, 46.0000 mm): Footprint SW1
[lib_footprint_issues]: The current configuration does not include the footprint library 'Connector_USB'
    Local override; warning
    @(96.0000 mm, 12.0000 mm): Footprint J1
[lib_footprint_issues]: The current configuration does not include the footprint library 'Package_TO_SOT_SMD'
    Local override; warning
    @(84.0000 mm, 10.0000 mm): Footprint D4
[lib_footprint_issues]: The current configuration does not include the footprint library 'Resistor_SMD'
    Local override; warning
    @(76.0000 mm, 46.0000 mm): Footprint R_EN
[lib_footprint_issues]: The current configuration does not include the footprint library 'Resistor_SMD'
    Local override; warning
    @(81.0000 mm, 46.0000 mm): Footprint R_BOOT
[lib_footprint_issues]: The current configuration does not include the footprint library 'Resistor_SMD'
    Local override; warning
    @(76.0000 mm, 52.0000 mm): Footprint R_CC1
[lib_footprint_issues]: The current configuration does not include the footprint library 'Resistor_SMD'
    Local override; warning
    @(81.0000 mm, 52.0000 mm): Footprint R_CC2
[lib_footprint_issues]: The current configuration does not include the footprint library 'TestPoint'
    Local override; warning
    @(7.0000 mm, 54.0000 mm): Footprint TP1
[lib_footprint_issues]: The current configuration does not include the footprint library 'TestPoint'
    Local override; warning
    @(11.5000 mm, 54.0000 mm): Footprint TP2
[lib_footprint_issues]: The current configuration does not include the footprint library 'TestPoint'
    Local override; warning
    @(16.0000 mm, 54.0000 mm): Footprint TP3
[lib_footprint_issues]: The current configuration does not include the footprint library 'TestPoint'
    Local override; warning
    @(20.5000 mm, 54.0000 mm): Footprint TP4
[lib_footprint_issues]: The current configuration does not include the footprint library 'TestPoint'
    Local override; warning
    @(25.0000 mm, 54.0000 mm): Footprint TP5
[lib_footprint_issues]: The current configuration does not include the footprint library 'TestPoint'
    Local override; warning
    @(29.5000 mm, 54.0000 mm): Footprint TP6
[lib_footprint_issues]: The current configuration does not include the footprint library 'TestPoint'
    Local override; warning
    @(34.0000 mm, 54.0000 mm): Footprint TP7
[lib_footprint_issues]: The current configuration does not include the footprint library 'TestPoint'
    Local override; warning
    @(38.5000 mm, 54.0000 mm): Footprint TP8
[lib_footprint_issues]: The current configuration does not include the footprint library 'TestPoint'
    Local override; warning
    @(43.0000 mm, 54.0000 mm): Footprint TP9
[lib_footprint_issues]: The current configuration does not include the footprint library 'TestPoint'
    Local override; warning
    @(47.5000 mm, 54.0000 mm): Footprint TP10
[lib_footprint_issues]: The current configuration does not include the footprint library 'TestPoint'
    Local override; warning
    @(52.0000 mm, 54.0000 mm): Footprint TP11
[lib_footprint_issues]: The current configuration does not include the footprint library 'TestPoint'
    Local override; warning
    @(56.5000 mm, 54.0000 mm): Footprint TP12
[lib_footprint_issues]: The current configuration does not include the footprint library 'TestPoint'
    Local override; warning
    @(61.0000 mm, 54.0000 mm): Footprint TP13
[lib_footprint_issues]: The current configuration does not include the footprint library 'TestPoint'
    Local override; warning
    @(65.5000 mm, 54.0000 mm): Footprint TP14
[lib_footprint_issues]: The current configuration does not include the footprint library 'TestPoint'
    Local override; warning
    @(70.0000 mm, 54.0000 mm): Footprint TP15
[lib_footprint_issues]: The current configuration does not include the footprint library 'TestPoint'
    Local override; warning
    @(74.5000 mm, 54.0000 mm): Footprint TP16
[lib_footprint_issues]: The current configuration does not include the footprint library 'TestPoint'
    Local override; warning
    @(79.0000 mm, 54.0000 mm): Footprint TP17
[lib_footprint_issues]: The current configuration does not include the footprint library 'TestPoint'
    Local override; warning
    @(83.5000 mm, 54.0000 mm): Footprint TP18
[lib_footprint_issues]: The current configuration does not include the footprint library 'TestPoint'
    Local override; warning
    @(88.0000 mm, 54.0000 mm): Footprint TP19
[lib_footprint_issues]: The current configuration does not include the footprint library 'TestPoint'
    Local override; warning
    @(92.5000 mm, 54.0000 mm): Footprint TP20
[lib_footprint_issues]: The current configuration does not include the footprint library 'Fiducial'
    Local override; warning
    @(42.0000 mm, 5.0000 mm): Footprint FID1
[lib_footprint_issues]: The current configuration does not include the footprint library 'Fiducial'
    Local override; warning
    @(76.0000 mm, 5.0000 mm): Footprint FID2
[lib_footprint_issues]: The current configuration does not include the footprint library 'Fiducial'
    Local override; warning
    @(96.0000 mm, 56.0000 mm): Footprint FID3
[silk_overlap]: Silkscreen clearance
    Rule: board setup constraints silk; warning
    @(92.5000 mm, 54.0000 mm): Circle of TP20 on F.Silkscreen
    @(92.5000 mm, 54.0000 mm): Reference field of TP20
[silk_overlap]: Silkscreen clearance
    Rule: board setup constraints silk; warning
    @(92.5000 mm, 54.0000 mm): Circle of TP20 on F.Silkscreen
    @(92.5000 mm, 54.0000 mm): Reference field of TP20
[silk_overlap]: Silkscreen clearance
    Rule: board setup constraints silk; warning
    @(73.0000 mm, 32.0000 mm): Reference field of R_LINEN_PD
    @(68.0000 mm, 32.0000 mm): Reference field of R_LINB_SER
[silk_overlap]: Silkscreen clearance
    Rule: board setup constraints silk; warning
    @(73.0000 mm, 32.0000 mm): Reference field of R_LINEN_PD
    @(78.0000 mm, 32.0000 mm): Reference field of R_ARMSENSE_PD
[silk_overlap]: Silkscreen clearance
    Rule: board setup constraints silk; warning
    @(73.0000 mm, 32.0000 mm): Reference field of R_LINEN_PD
    @(72.7627 mm, 32.5225 mm): Segment of R_LINEN_PD on F.Silkscreen
[silk_overlap]: Silkscreen clearance
    Rule: board setup constraints silk; warning
    @(73.0000 mm, 32.0000 mm): Reference field of R_LINEN_PD
    @(72.7627 mm, 31.4775 mm): Segment of R_LINEN_PD on F.Silkscreen
[silk_overlap]: Silkscreen clearance
    Rule: board setup constraints silk; warning
    @(78.0000 mm, 32.0000 mm): Reference field of R_ARMSENSE_PD
    @(72.7627 mm, 32.5225 mm): Segment of R_LINEN_PD on F.Silkscreen
[silk_overlap]: Silkscreen clearance
    Rule: board setup constraints silk; warning
    @(68.0000 mm, 32.0000 mm): Reference field of R_LINB_SER
    @(78.0000 mm, 32.0000 mm): Reference field of R_ARMSENSE_PD
[silk_overlap]: Silkscreen clearance
    Rule: board setup constraints silk; warning
    @(78.0000 mm, 32.0000 mm): Reference field of R_ARMSENSE_PD
    @(77.7627 mm, 32.5225 mm): Segment of R_ARMSENSE_PD on F.Silkscreen
[silk_overlap]: Silkscreen clearance
    Rule: board setup constraints silk; warning
    @(78.0000 mm, 32.0000 mm): Reference field of R_ARMSENSE_PD
    @(77.7627 mm, 31.4775 mm): Segment of R_ARMSENSE_PD on F.Silkscreen
[silk_overlap]: Silkscreen clearance
    Rule: board setup constraints silk; warning
    @(75.7627 mm, 46.5225 mm): Segment of R_EN on F.Silkscreen
    @(76.0000 mm, 46.0000 mm): Reference field of R_EN
[silk_overlap]: Silkscreen clearance
    Rule: board setup constraints silk; warning
    @(75.7627 mm, 45.4775 mm): Segment of R_EN on F.Silkscreen
    @(76.0000 mm, 46.0000 mm): Reference field of R_EN
[silk_overlap]: Silkscreen clearance
    Rule: board setup constraints silk; warning
    @(80.7627 mm, 45.4775 mm): Segment of R_BOOT on F.Silkscreen
    @(81.0000 mm, 46.0000 mm): Reference field of R_BOOT
[silk_overlap]: Silkscreen clearance
    Rule: board setup constraints silk; warning
    @(75.7627 mm, 52.5225 mm): Segment of R_CC1 on F.Silkscreen
    @(76.0000 mm, 52.0000 mm): Reference field of R_CC1
[silk_overlap]: Silkscreen clearance
    Rule: board setup constraints silk; warning
    @(76.0000 mm, 52.0000 mm): Reference field of R_CC1
    @(75.7627 mm, 51.4775 mm): Segment of R_CC1 on F.Silkscreen
[silk_overlap]: Silkscreen clearance
    Rule: board setup constraints silk; warning
    @(81.0000 mm, 52.0000 mm): Reference field of R_CC2
    @(80.7627 mm, 52.5225 mm): Segment of R_CC2 on F.Silkscreen
[silk_overlap]: Silkscreen clearance
    Rule: board setup constraints silk; warning
    @(80.7627 mm, 51.4775 mm): Segment of R_CC2 on F.Silkscreen
    @(81.0000 mm, 52.0000 mm): Reference field of R_CC2
[silk_overlap]: Silkscreen clearance
    Rule: board setup constraints silk; warning
    @(81.0000 mm, 46.0000 mm): Reference field of R_BOOT
    @(80.7627 mm, 46.5225 mm): Segment of R_BOOT on F.Silkscreen
[silk_overlap]: Silkscreen clearance
    Rule: board setup constraints silk; warning
    @(92.5000 mm, 54.0000 mm): Circle of TP20 on F.Silkscreen
    @(92.5000 mm, 54.0000 mm): Reference field of TP20
[silk_overlap]: Silkscreen clearance
    Rule: board setup constraints silk; warning
    @(21.8594 mm, 35.4900 mm): Segment of C_BST on F.Silkscreen
    @(22.0000 mm, 36.0000 mm): Reference field of C_BST
[silk_overlap]: Silkscreen clearance
    Rule: board setup constraints silk; warning
    @(21.8594 mm, 36.5100 mm): Segment of C_BST on F.Silkscreen
    @(22.0000 mm, 36.0000 mm): Reference field of C_BST
[silk_overlap]: Silkscreen clearance
    Rule: board setup constraints silk; warning
    @(25.0000 mm, 40.0000 mm): Reference field of R_BUCK_RON
    @(20.0000 mm, 40.0000 mm): Reference field of R_BUCK_EN
[silk_overlap]: Silkscreen clearance
    Rule: board setup constraints silk; warning
    @(25.0000 mm, 40.0000 mm): Reference field of R_BUCK_RON
    @(24.7627 mm, 40.5225 mm): Segment of R_BUCK_RON on F.Silkscreen
[silk_overlap]: Silkscreen clearance
    Rule: board setup constraints silk; warning
    @(25.0000 mm, 40.0000 mm): Reference field of R_BUCK_RON
    @(24.7627 mm, 39.4775 mm): Segment of R_BUCK_RON on F.Silkscreen
[silk_overlap]: Silkscreen clearance
    Rule: board setup constraints silk; warning
    @(25.0000 mm, 40.0000 mm): Reference field of R_BUCK_RON
    @(30.0000 mm, 40.0000 mm): Reference field of R_PGOOD_PU
[silk_overlap]: Silkscreen clearance
    Rule: board setup constraints silk; warning
    @(10.0000 mm, 40.0000 mm): Reference field of R_FB_TOP
    @(9.7627 mm, 39.4775 mm): Segment of R_FB_TOP on F.Silkscreen
[silk_overlap]: Silkscreen clearance
    Rule: board setup constraints silk; warning
    @(10.0000 mm, 40.0000 mm): Reference field of R_FB_TOP
    @(9.7627 mm, 40.5225 mm): Segment of R_FB_TOP on F.Silkscreen
[silk_overlap]: Silkscreen clearance
    Rule: board setup constraints silk; warning
    @(10.0000 mm, 40.0000 mm): Reference field of R_FB_TOP
    @(15.0000 mm, 40.0000 mm): Reference field of R_FB_BOT
[silk_overlap]: Silkscreen clearance
    Rule: board setup constraints silk; warning
    @(14.7627 mm, 40.5225 mm): Segment of R_FB_BOT on F.Silkscreen
    @(15.0000 mm, 40.0000 mm): Reference field of R_FB_BOT
[silk_overlap]: Silkscreen clearance
    Rule: board setup constraints silk; warning
    @(15.0000 mm, 40.0000 mm): Reference field of R_FB_BOT
    @(14.7627 mm, 39.4775 mm): Segment of R_FB_BOT on F.Silkscreen
[silk_overlap]: Silkscreen clearance
    Rule: board setup constraints silk; warning
    @(20.0000 mm, 40.0000 mm): Reference field of R_BUCK_EN
    @(15.0000 mm, 40.0000 mm): Reference field of R_FB_BOT
[silk_overlap]: Silkscreen clearance
    Rule: board setup constraints silk; warning
    @(19.7627 mm, 40.5225 mm): Segment of R_BUCK_EN on F.Silkscreen
    @(20.0000 mm, 40.0000 mm): Reference field of R_BUCK_EN
[silk_overlap]: Silkscreen clearance
    Rule: board setup constraints silk; warning
    @(19.7627 mm, 39.4775 mm): Segment of R_BUCK_EN on F.Silkscreen
    @(20.0000 mm, 40.0000 mm): Reference field of R_BUCK_EN
[silk_overlap]: Silkscreen clearance
    Rule: board setup constraints silk; warning
    @(92.5000 mm, 54.0000 mm): Circle of TP20 on F.Silkscreen
    @(92.5000 mm, 54.0000 mm): Reference field of TP20
[silk_overlap]: Silkscreen clearance
    Rule: board setup constraints silk; warning
    @(92.5000 mm, 54.0000 mm): Circle of TP20 on F.Silkscreen
    @(92.5000 mm, 54.0000 mm): Reference field of TP20
[silk_overlap]: Silkscreen clearance
    Rule: board setup constraints silk; warning
    @(92.5000 mm, 54.0000 mm): Circle of TP20 on F.Silkscreen
    @(92.5000 mm, 54.0000 mm): Reference field of TP20
[silk_overlap]: Silkscreen clearance
    Rule: board setup constraints silk; warning
    @(92.5000 mm, 54.0000 mm): Circle of TP20 on F.Silkscreen
    @(92.5000 mm, 54.0000 mm): Reference field of TP20
[silk_overlap]: Silkscreen clearance
    Rule: board setup constraints silk; warning
    @(29.7627 mm, 39.4775 mm): Segment of R_PGOOD_PU on F.Silkscreen
    @(30.0000 mm, 40.0000 mm): Reference field of R_PGOOD_PU
[silk_overlap]: Silkscreen clearance
    Rule: board setup constraints silk; warning
    @(92.5000 mm, 54.0000 mm): Circle of TP20 on F.Silkscreen
    @(92.5000 mm, 54.0000 mm): Reference field of TP20
[silk_overlap]: Silkscreen clearance
    Rule: board setup constraints silk; warning
    @(92.5000 mm, 54.0000 mm): Circle of TP20 on F.Silkscreen
    @(92.5000 mm, 54.0000 mm): Reference field of TP20
[silk_overlap]: Silkscreen clearance
    Rule: board setup constraints silk; warning
    @(67.7627 mm, 7.4775 mm): Segment of R_WAKE_A on F.Silkscreen
    @(68.0000 mm, 8.0000 mm): Reference field of R_WAKE_A
[silk_overlap]: Silkscreen clearance
    Rule: board setup constraints silk; warning
    @(68.0000 mm, 8.0000 mm): Reference field of R_WAKE_A
    @(67.7627 mm, 8.5225 mm): Segment of R_WAKE_A on F.Silkscreen
[silk_overlap]: Silkscreen clearance
    Rule: board setup constraints silk; warning
    @(68.0000 mm, 8.0000 mm): Reference field of R_WAKE_A
    @(73.0000 mm, 8.0000 mm): Reference field of R_WAKE_B
[silk_overlap]: Silkscreen clearance
    Rule: board setup constraints silk; warning
    @(72.7627 mm, 7.4775 mm): Segment of R_WAKE_B on F.Silkscreen
    @(73.0000 mm, 8.0000 mm): Reference field of R_WAKE_B
[silk_overlap]: Silkscreen clearance
    Rule: board setup constraints silk; warning
    @(72.7627 mm, 8.5225 mm): Segment of R_WAKE_B on F.Silkscreen
    @(73.0000 mm, 8.0000 mm): Reference field of R_WAKE_B
[silk_overlap]: Silkscreen clearance
    Rule: board setup constraints silk; warning
    @(78.0000 mm, 8.0000 mm): Reference field of R_LINA_SER
    @(73.0000 mm, 8.0000 mm): Reference field of R_WAKE_B
[silk_overlap]: Silkscreen clearance
    Rule: board setup constraints silk; warning
    @(77.7627 mm, 7.4775 mm): Segment of R_LINA_SER on F.Silkscreen
    @(78.0000 mm, 8.0000 mm): Reference field of R_LINA_SER
[silk_overlap]: Silkscreen clearance
    Rule: board setup constraints silk; warning
    @(77.7627 mm, 8.5225 mm): Segment of R_LINA_SER on F.Silkscreen
    @(78.0000 mm, 8.0000 mm): Reference field of R_LINA_SER
[silk_overlap]: Silkscreen clearance
    Rule: board setup constraints silk; warning
    @(68.0000 mm, 32.0000 mm): Reference field of R_LINB_SER
    @(67.7627 mm, 31.4775 mm): Segment of R_LINB_SER on F.Silkscreen
[silk_overlap]: Silkscreen clearance
    Rule: board setup constraints silk; warning
    @(68.0000 mm, 32.0000 mm): Reference field of R_LINB_SER
    @(67.7627 mm, 32.5225 mm): Segment of R_LINB_SER on F.Silkscreen
[silk_overlap]: Silkscreen clearance
    Rule: board setup constraints silk; warning
    @(92.5000 mm, 54.0000 mm): Circle of TP20 on F.Silkscreen
    @(92.5000 mm, 54.0000 mm): Reference field of TP20
[silk_overlap]: Silkscreen clearance
    Rule: board setup constraints silk; warning
    @(92.5000 mm, 54.0000 mm): Circle of TP20 on F.Silkscreen
    @(92.5000 mm, 54.0000 mm): Reference field of TP20
[silk_overlap]: Silkscreen clearance
    Rule: board setup constraints silk; warning
    @(92.5000 mm, 54.0000 mm): Circle of TP20 on F.Silkscreen
    @(92.5000 mm, 54.0000 mm): Reference field of TP20
[silk_overlap]: Silkscreen clearance
    Rule: board setup constraints silk; warning
    @(92.5000 mm, 54.0000 mm): Circle of TP20 on F.Silkscreen
    @(92.5000 mm, 54.0000 mm): Reference field of TP20
[silk_overlap]: Silkscreen clearance
    Rule: board setup constraints silk; warning
    @(92.5000 mm, 54.0000 mm): Circle of TP20 on F.Silkscreen
    @(92.5000 mm, 54.0000 mm): Reference field of TP20
[silk_overlap]: Silkscreen clearance
    Rule: board setup constraints silk; warning
    @(92.5000 mm, 54.0000 mm): Circle of TP20 on F.Silkscreen
    @(92.5000 mm, 54.0000 mm): Reference field of TP20
[silk_overlap]: Silkscreen clearance
    Rule: board setup constraints silk; warning
    @(92.5000 mm, 54.0000 mm): Circle of TP20 on F.Silkscreen
    @(92.5000 mm, 54.0000 mm): Reference field of TP20
[silk_overlap]: Silkscreen clearance
    Rule: board setup constraints silk; warning
    @(92.5000 mm, 54.0000 mm): Circle of TP20 on F.Silkscreen
    @(92.5000 mm, 54.0000 mm): Reference field of TP20
[silk_overlap]: Silkscreen clearance
    Rule: board setup constraints silk; warning
    @(92.5000 mm, 54.0000 mm): Circle of TP20 on F.Silkscreen
    @(92.5000 mm, 54.0000 mm): Reference field of TP20
[silk_overlap]: Silkscreen clearance
    Rule: board setup constraints silk; warning
    @(92.5000 mm, 54.0000 mm): Circle of TP20 on F.Silkscreen
    @(92.5000 mm, 54.0000 mm): Reference field of TP20
[silk_overlap]: Silkscreen clearance
    Rule: board setup constraints silk; warning
    @(92.5000 mm, 54.0000 mm): Circle of TP20 on F.Silkscreen
    @(92.5000 mm, 54.0000 mm): Reference field of TP20
[silk_over_copper]: Silkscreen clipped by solder mask
    Local override; warning
    @(92.5000 mm, 54.0000 mm): Reference field of TP20
    @(92.5000 mm, 54.0000 mm): Pad 1 [<no net>] of TP20 on F.Cu
[silk_over_copper]: Silkscreen clipped by solder mask
    Local override; warning
    @(92.5000 mm, 54.0000 mm): Reference field of TP20
    @(92.5000 mm, 54.0000 mm): Pad 1 [<no net>] of TP20 on F.Cu
[silk_over_copper]: Silkscreen clipped by solder mask
    Local override; warning
    @(96.0000 mm, 56.0000 mm): Reference field of FID3
    @(96.0000 mm, 56.0000 mm): Pad [<no net>] of FID3 on F.Cu
[silk_over_copper]: Silkscreen clipped by solder mask
    Local override; warning
    @(68.0000 mm, 32.0000 mm): Reference field of R_LINB_SER
    @(68.8250 mm, 32.0000 mm): Pad 2 [<no net>] of R_LINB_SER on F.Cu
[silk_over_copper]: Silkscreen clipped by solder mask
    Local override; warning
    @(73.0000 mm, 32.0000 mm): Reference field of R_LINEN_PD
    @(68.8250 mm, 32.0000 mm): Pad 2 [<no net>] of R_LINB_SER on F.Cu
[silk_over_copper]: Silkscreen clipped by solder mask
    Local override; warning
    @(78.0000 mm, 32.0000 mm): Reference field of R_ARMSENSE_PD
    @(77.1750 mm, 32.0000 mm): Pad 1 [<no net>] of R_ARMSENSE_PD on F.Cu
[silk_over_copper]: Silkscreen clipped by solder mask
    Local override; warning
    @(78.0000 mm, 32.0000 mm): Reference field of R_ARMSENSE_PD
    @(72.1750 mm, 32.0000 mm): Pad 1 [<no net>] of R_LINEN_PD on F.Cu
[silk_over_copper]: Silkscreen clipped by solder mask
    Local override; warning
    @(73.0000 mm, 32.0000 mm): Reference field of R_LINEN_PD
    @(72.1750 mm, 32.0000 mm): Pad 1 [<no net>] of R_LINEN_PD on F.Cu
[silk_over_copper]: Silkscreen clipped by solder mask
    Local override; warning
    @(73.0000 mm, 32.0000 mm): Reference field of R_LINEN_PD
    @(73.8250 mm, 32.0000 mm): Pad 2 [<no net>] of R_LINEN_PD on F.Cu
[silk_over_copper]: Silkscreen clipped by solder mask
    Local override; warning
    @(78.0000 mm, 32.0000 mm): Reference field of R_ARMSENSE_PD
    @(73.8250 mm, 32.0000 mm): Pad 2 [<no net>] of R_LINEN_PD on F.Cu
[silk_over_copper]: Silkscreen clipped by solder mask
    Local override; warning
    @(73.0000 mm, 32.0000 mm): Reference field of R_LINEN_PD
    @(77.1750 mm, 32.0000 mm): Pad 1 [<no net>] of R_ARMSENSE_PD on F.Cu
[silk_over_copper]: Silkscreen clipped by solder mask
    Local override; warning
    @(78.0000 mm, 32.0000 mm): Reference field of R_ARMSENSE_PD
    @(78.8250 mm, 32.0000 mm): Pad 2 [<no net>] of R_ARMSENSE_PD on F.Cu
[silk_over_copper]: Silkscreen clipped by solder mask
    Local override; warning
    @(68.0000 mm, 32.0000 mm): Reference field of R_LINB_SER
    @(72.1750 mm, 32.0000 mm): Pad 1 [<no net>] of R_LINEN_PD on F.Cu
[silk_over_copper]: Silkscreen clipped by solder mask
    Local override; warning
    @(78.0000 mm, 32.0000 mm): Reference field of R_ARMSENSE_PD
    @(81.2500 mm, 32.4800 mm): Pad 8 [<no net>] of U1 on F.Cu
[silk_over_copper]: Silkscreen clipped by solder mask
    Local override; warning
    @(78.0000 mm, 32.0000 mm): Reference field of R_ARMSENSE_PD
    @(81.2500 mm, 31.2100 mm): Pad 7 [<no net>] of U1 on F.Cu
[silk_over_copper]: Silkscreen clipped by solder mask
    Local override; warning
    @(90.0000 mm, 32.0000 mm): Reference field of U1
    @(88.5000 mm, 31.3100 mm): Pad 41 [<no net>] of U1 on F.Cu
[silk_over_copper]: Silkscreen clipped by solder mask
    Local override; warning
    @(90.0000 mm, 32.0000 mm): Reference field of U1
    @(89.2000 mm, 31.3100 mm): PTH pad 41 [<no net>] of U1
[silk_over_copper]: Silkscreen clipped by solder mask
    Local override; warning
    @(90.0000 mm, 32.0000 mm): Reference field of U1
    @(89.2000 mm, 32.7100 mm): PTH pad 41 [<no net>] of U1
[silk_over_copper]: Silkscreen clipped by solder mask
    Local override; warning
    @(90.0000 mm, 32.0000 mm): Reference field of U1
    @(89.9000 mm, 32.0100 mm): PTH pad 41 [<no net>] of U1
[silk_over_copper]: Silkscreen clipped by solder mask
    Local override; warning
    @(78.0000 mm, 40.0000 mm): Reference field of D3
    @(79.0500 mm, 40.0000 mm): Pad 2 [<no net>] of D3 on F.Cu
[silk_over_copper]: Silkscreen clipped by solder mask
    Local override; warning
    @(84.0000 mm, 10.0000 mm): Reference field of D4
    @(82.8625 mm, 10.0000 mm): Pad 2 [<no net>] of D4 on F.Cu
[silk_over_copper]: Silkscreen clipped by solder mask
    Local override; warning
    @(84.0000 mm, 10.0000 mm): Reference field of D4
    @(85.1375 mm, 10.0000 mm): Pad 5 [<no net>] of D4 on F.Cu
[silk_over_copper]: Silkscreen clipped by solder mask
    Local override; warning
    @(78.0000 mm, 40.0000 mm): Reference field of D3
    @(76.9500 mm, 40.0000 mm): Pad 1 [<no net>] of D3 on F.Cu
[silk_over_copper]: Silkscreen clipped by solder mask
    Local override; warning
    @(76.0000 mm, 46.0000 mm): Reference field of R_EN
    @(75.1750 mm, 46.0000 mm): Pad 1 [<no net>] of R_EN on F.Cu
[silk_over_copper]: Silkscreen clipped by solder mask
    Local override; warning
    @(76.0000 mm, 46.0000 mm): Reference field of R_EN
    @(76.8250 mm, 46.0000 mm): Pad 2 [<no net>] of R_EN on F.Cu
[silk_over_copper]: Silkscreen clipped by solder mask
    Local override; warning
    @(81.0000 mm, 46.0000 mm): Reference field of R_BOOT
    @(80.1750 mm, 46.0000 mm): Pad 1 [<no net>] of R_BOOT on F.Cu
[silk_over_copper]: Silkscreen clipped by solder mask
    Local override; warning
    @(76.0000 mm, 52.0000 mm): Reference field of R_CC1
    @(75.1750 mm, 52.0000 mm): Pad 1 [<no net>] of R_CC1 on F.Cu
[silk_over_copper]: Silkscreen clipped by solder mask
    Local override; warning
    @(76.0000 mm, 52.0000 mm): Reference field of R_CC1
    @(76.8250 mm, 52.0000 mm): Pad 2 [<no net>] of R_CC1 on F.Cu
[silk_over_copper]: Silkscreen clipped by solder mask
    Local override; warning
    @(81.0000 mm, 52.0000 mm): Reference field of R_CC2
    @(80.1750 mm, 52.0000 mm): Pad 1 [<no net>] of R_CC2 on F.Cu
[silk_over_copper]: Silkscreen clipped by solder mask
    Local override; warning
    @(81.0000 mm, 46.0000 mm): Reference field of R_BOOT
    @(81.8250 mm, 46.0000 mm): Pad 2 [<no net>] of R_BOOT on F.Cu
[silk_over_copper]: Silkscreen clipped by solder mask
    Local override; warning
    @(81.0000 mm, 52.0000 mm): Reference field of R_CC2
    @(81.8250 mm, 52.0000 mm): Pad 2 [<no net>] of R_CC2 on F.Cu
[silk_over_copper]: Silkscreen clipped by solder mask
    Local override; warning
    @(92.5000 mm, 54.0000 mm): Reference field of TP20
    @(92.5000 mm, 54.0000 mm): Pad 1 [<no net>] of TP20 on F.Cu
[silk_over_copper]: Silkscreen clipped by solder mask
    Local override; warning
    @(16.0000 mm, 12.0000 mm): Reference field of U4
    @(16.0000 mm, 12.0000 mm): Pad 9 [<no net>] of U4 on F.Cu
[silk_over_copper]: Silkscreen clipped by solder mask
    Local override; warning
    @(30.0000 mm, 24.0000 mm): Reference field of C_3V3
    @(28.5250 mm, 24.0000 mm): Pad 1 [<no net>] of C_3V3 on F.Cu
[silk_over_copper]: Silkscreen clipped by solder mask
    Local override; warning
    @(30.0000 mm, 24.0000 mm): Reference field of C_3V3
    @(31.4750 mm, 24.0000 mm): Pad 2 [<no net>] of C_3V3 on F.Cu
[silk_over_copper]: Silkscreen clipped by solder mask
    Local override; warning
    @(22.0000 mm, 36.0000 mm): Reference field of C_BST
    @(22.7750 mm, 36.0000 mm): Pad 2 [<no net>] of C_BST on F.Cu
[silk_over_copper]: Silkscreen clipped by solder mask
    Local override; warning
    @(30.0000 mm, 12.0000 mm): Reference field of C_IN
    @(28.5250 mm, 12.0000 mm): Pad 1 [<no net>] of C_IN on F.Cu
[silk_over_copper]: Silkscreen clipped by solder mask
    Local override; warning
    @(25.0000 mm, 40.0000 mm): Reference field of R_BUCK_RON
    @(24.1750 mm, 40.0000 mm): Pad 1 [<no net>] of R_BUCK_RON on F.Cu
[silk_over_copper]: Silkscreen clipped by solder mask
    Local override; warning
    @(25.0000 mm, 40.0000 mm): Reference field of R_BUCK_RON
    @(25.8250 mm, 40.0000 mm): Pad 2 [<no net>] of R_BUCK_RON on F.Cu
[silk_over_copper]: Silkscreen clipped by solder mask
    Local override; warning
    @(30.0000 mm, 40.0000 mm): Reference field of R_PGOOD_PU
    @(25.8250 mm, 40.0000 mm): Pad 2 [<no net>] of R_BUCK_RON on F.Cu
[silk_over_copper]: Silkscreen clipped by solder mask
    Local override; warning
    @(25.0000 mm, 40.0000 mm): Reference field of R_BUCK_RON
    @(29.1750 mm, 40.0000 mm): Pad 1 [<no net>] of R_PGOOD_PU on F.Cu
[silk_over_copper]: Silkscreen clipped by solder mask
    Local override; warning
    @(30.0000 mm, 40.0000 mm): Reference field of R_PGOOD_PU
    @(29.1750 mm, 40.0000 mm): Pad 1 [<no net>] of R_PGOOD_PU on F.Cu
[silk_over_copper]: Silkscreen clipped by solder mask
    Local override; warning
    @(10.0000 mm, 40.0000 mm): Reference field of R_FB_TOP
    @(9.1750 mm, 40.0000 mm): Pad 1 [<no net>] of R_FB_TOP on F.Cu
[silk_over_copper]: Silkscreen clipped by solder mask
    Local override; warning
    @(10.0000 mm, 40.0000 mm): Reference field of R_FB_TOP
    @(10.8250 mm, 40.0000 mm): Pad 2 [<no net>] of R_FB_TOP on F.Cu
[silk_over_copper]: Silkscreen clipped by solder mask
    Local override; warning
    @(15.0000 mm, 40.0000 mm): Reference field of R_FB_BOT
    @(14.1750 mm, 40.0000 mm): Pad 1 [<no net>] of R_FB_BOT on F.Cu
[silk_over_copper]: Silkscreen clipped by solder mask
    Local override; warning
    @(20.0000 mm, 40.0000 mm): Reference field of R_BUCK_EN
    @(15.8250 mm, 40.0000 mm): Pad 2 [<no net>] of R_FB_BOT on F.Cu
[silk_over_copper]: Silkscreen clipped by solder mask
    Local override; warning
    @(15.0000 mm, 40.0000 mm): Reference field of R_FB_BOT
    @(15.8250 mm, 40.0000 mm): Pad 2 [<no net>] of R_FB_BOT on F.Cu
[silk_over_copper]: Silkscreen clipped by solder mask
    Local override; warning
    @(20.0000 mm, 40.0000 mm): Reference field of R_BUCK_EN
    @(19.1750 mm, 40.0000 mm): Pad 1 [<no net>] of R_BUCK_EN on F.Cu
[silk_over_copper]: Silkscreen clipped by solder mask
    Local override; warning
    @(25.0000 mm, 40.0000 mm): Reference field of R_BUCK_RON
    @(20.8250 mm, 40.0000 mm): Pad 2 [<no net>] of R_BUCK_EN on F.Cu
[silk_over_copper]: Silkscreen clipped by solder mask
    Local override; warning
    @(20.0000 mm, 40.0000 mm): Reference field of R_BUCK_EN
    @(20.8250 mm, 40.0000 mm): Pad 2 [<no net>] of R_BUCK_EN on F.Cu
[silk_over_copper]: Silkscreen clipped by solder mask
    Local override; warning
    @(20.0000 mm, 40.0000 mm): Reference field of R_BUCK_EN
    @(24.1750 mm, 40.0000 mm): Pad 1 [<no net>] of R_BUCK_RON on F.Cu
[silk_over_copper]: Silkscreen clipped by solder mask
    Local override; warning
    @(92.5000 mm, 54.0000 mm): Reference field of TP20
    @(92.5000 mm, 54.0000 mm): Pad 1 [<no net>] of TP20 on F.Cu
[silk_over_copper]: Silkscreen clipped by solder mask
    Local override; warning
    @(92.5000 mm, 54.0000 mm): Reference field of TP20
    @(92.5000 mm, 54.0000 mm): Pad 1 [<no net>] of TP20 on F.Cu
[silk_over_copper]: Silkscreen clipped by solder mask
    Local override; warning
    @(92.5000 mm, 54.0000 mm): Reference field of TP20
    @(92.5000 mm, 54.0000 mm): Pad 1 [<no net>] of TP20 on F.Cu
[silk_over_copper]: Silkscreen clipped by solder mask
    Local override; warning
    @(92.5000 mm, 54.0000 mm): Reference field of TP20
    @(92.5000 mm, 54.0000 mm): Pad 1 [<no net>] of TP20 on F.Cu
[silk_over_copper]: Silkscreen clipped by solder mask
    Local override; warning
    @(30.0000 mm, 40.0000 mm): Reference field of R_PGOOD_PU
    @(30.8250 mm, 40.0000 mm): Pad 2 [<no net>] of R_PGOOD_PU on F.Cu
[silk_over_copper]: Silkscreen clipped by solder mask
    Local override; warning
    @(92.5000 mm, 54.0000 mm): Reference field of TP20
    @(92.5000 mm, 54.0000 mm): Pad 1 [<no net>] of TP20 on F.Cu
[silk_over_copper]: Silkscreen clipped by solder mask
    Local override; warning
    @(30.0000 mm, 12.0000 mm): Reference field of C_IN
    @(31.4750 mm, 12.0000 mm): Pad 2 [<no net>] of C_IN on F.Cu
[silk_over_copper]: Silkscreen clipped by solder mask
    Local override; warning
    @(42.0000 mm, 5.0000 mm): Reference field of FID1
    @(42.0000 mm, 5.0000 mm): Pad [<no net>] of FID1 on F.Cu
[silk_over_copper]: Silkscreen clipped by solder mask
    Local override; warning
    @(68.0000 mm, 8.0000 mm): Reference field of R_WAKE_A
    @(67.1750 mm, 8.0000 mm): Pad 1 [<no net>] of R_WAKE_A on F.Cu
[silk_over_copper]: Silkscreen clipped by solder mask
    Local override; warning
    @(78.0000 mm, 40.0000 mm): Reference field of D3
    @(76.9500 mm, 40.0000 mm): Pad 1 [<no net>] of D3 on F.Cu
[silk_over_copper]: Silkscreen clipped by solder mask
    Local override; warning
    @(68.0000 mm, 8.0000 mm): Reference field of R_WAKE_A
    @(68.8250 mm, 8.0000 mm): Pad 2 [<no net>] of R_WAKE_A on F.Cu
[silk_over_copper]: Silkscreen clipped by solder mask
    Local override; warning
    @(73.0000 mm, 8.0000 mm): Reference field of R_WAKE_B
    @(72.1750 mm, 8.0000 mm): Pad 1 [<no net>] of R_WAKE_B on F.Cu
[silk_over_copper]: Silkscreen clipped by solder mask
    Local override; warning
    @(73.0000 mm, 8.0000 mm): Reference field of R_WAKE_B
    @(73.8250 mm, 8.0000 mm): Pad 2 [<no net>] of R_WAKE_B on F.Cu
[silk_over_copper]: Silkscreen clipped by solder mask
    Local override; warning
    @(78.0000 mm, 8.0000 mm): Reference field of R_LINA_SER
    @(73.8250 mm, 8.0000 mm): Pad 2 [<no net>] of R_WAKE_B on F.Cu
[silk_over_copper]: Silkscreen clipped by solder mask
    Local override; warning
    @(78.0000 mm, 8.0000 mm): Reference field of R_LINA_SER
    @(77.1750 mm, 8.0000 mm): Pad 1 [<no net>] of R_LINA_SER on F.Cu
[silk_over_copper]: Silkscreen clipped by solder mask
    Local override; warning
    @(78.0000 mm, 8.0000 mm): Reference field of R_LINA_SER
    @(78.8250 mm, 8.0000 mm): Pad 2 [<no net>] of R_LINA_SER on F.Cu
[silk_over_copper]: Silkscreen clipped by solder mask
    Local override; warning
    @(78.0000 mm, 40.0000 mm): Reference field of D3
    @(79.0500 mm, 40.0000 mm): Pad 2 [<no net>] of D3 on F.Cu
[silk_over_copper]: Silkscreen clipped by solder mask
    Local override; warning
    @(76.0000 mm, 5.0000 mm): Reference field of FID2
    @(76.0000 mm, 5.0000 mm): Pad [<no net>] of FID2 on F.Cu
[silk_over_copper]: Silkscreen clipped by solder mask
    Local override; warning
    @(44.0000 mm, 48.0000 mm): Reference field of FB1
    @(42.4250 mm, 48.0000 mm): Pad 1 [<no net>] of FB1 on F.Cu
[silk_over_copper]: Silkscreen clipped by solder mask
    Local override; warning
    @(44.0000 mm, 48.0000 mm): Reference field of FB1
    @(45.5750 mm, 48.0000 mm): Pad 2 [<no net>] of FB1 on F.Cu
[silk_over_copper]: Silkscreen clipped by solder mask
    Local override; warning
    @(68.0000 mm, 32.0000 mm): Reference field of R_LINB_SER
    @(67.1750 mm, 32.0000 mm): Pad 1 [<no net>] of R_LINB_SER on F.Cu
[silk_over_copper]: Silkscreen clipped by solder mask
    Local override; warning
    @(66.0000 mm, 46.0000 mm): Reference field of SW1
    @(66.0000 mm, 44.8000 mm): Pad 2 [<no net>] of SW1 on F.Cu
[silk_over_copper]: Silkscreen clipped by solder mask
    Local override; warning
    @(66.0000 mm, 46.0000 mm): Reference field of SW1
    @(66.0000 mm, 47.2000 mm): Pad 5 [<no net>] of SW1 on F.Cu
[silk_over_copper]: Silkscreen clipped by solder mask
    Local override; warning
    @(92.5000 mm, 54.0000 mm): Reference field of TP20
    @(92.5000 mm, 54.0000 mm): Pad 1 [<no net>] of TP20 on F.Cu
[silk_over_copper]: Silkscreen clipped by solder mask
    Local override; warning
    @(92.5000 mm, 54.0000 mm): Reference field of TP20
    @(92.5000 mm, 54.0000 mm): Pad 1 [<no net>] of TP20 on F.Cu
[silk_over_copper]: Silkscreen clipped by solder mask
    Local override; warning
    @(92.5000 mm, 54.0000 mm): Reference field of TP20
    @(92.5000 mm, 54.0000 mm): Pad 1 [<no net>] of TP20 on F.Cu
[silk_over_copper]: Silkscreen clipped by solder mask
    Local override; warning
    @(92.5000 mm, 54.0000 mm): Reference field of TP20
    @(92.5000 mm, 54.0000 mm): Pad 1 [<no net>] of TP20 on F.Cu
[silk_over_copper]: Silkscreen clipped by solder mask
    Local override; warning
    @(92.5000 mm, 54.0000 mm): Reference field of TP20
    @(92.5000 mm, 54.0000 mm): Pad 1 [<no net>] of TP20 on F.Cu
[silk_over_copper]: Silkscreen clipped by solder mask
    Local override; warning
    @(92.5000 mm, 54.0000 mm): Reference field of TP20
    @(92.5000 mm, 54.0000 mm): Pad 1 [<no net>] of TP20 on F.Cu
[silk_over_copper]: Silkscreen clipped by solder mask
    Local override; warning
    @(92.5000 mm, 54.0000 mm): Reference field of TP20
    @(92.5000 mm, 54.0000 mm): Pad 1 [<no net>] of TP20 on F.Cu
[silk_over_copper]: Silkscreen clipped by solder mask
    Local override; warning
    @(92.5000 mm, 54.0000 mm): Reference field of TP20
    @(92.5000 mm, 54.0000 mm): Pad 1 [<no net>] of TP20 on F.Cu
[silk_over_copper]: Silkscreen clipped by solder mask
    Local override; warning
    @(92.5000 mm, 54.0000 mm): Reference field of TP20
    @(92.5000 mm, 54.0000 mm): Pad 1 [<no net>] of TP20 on F.Cu
[silk_over_copper]: Silkscreen clipped by solder mask
    Local override; warning
    @(92.5000 mm, 54.0000 mm): Reference field of TP20
    @(92.5000 mm, 54.0000 mm): Pad 1 [<no net>] of TP20 on F.Cu
[silk_over_copper]: Silkscreen clipped by solder mask
    Local override; warning
    @(92.5000 mm, 54.0000 mm): Reference field of TP20
    @(92.5000 mm, 54.0000 mm): Pad 1 [<no net>] of TP20 on F.Cu
[silk_over_copper]: Silkscreen clipped by solder mask
    Local override; warning
    @(92.5000 mm, 54.0000 mm): Reference field of TP20
    @(92.5000 mm, 54.0000 mm): Pad 1 [<no net>] of TP20 on F.Cu

** Found 0 unconnected pads **

** Found 0 Footprint errors **

** Ignored checks **
    - Footprint has no courtyard defined
    - Track endpoint not centered on via
    - Tuning profile track geometries
    - Footprint doesn't match symbol's footprint filters
    - Footprint component type doesn't match footprint pads

** End of Report **
