** Drc report for tesla-dual-lin-rev-a.kicad_pcb **
** Created on 2026-05-30T22:05:34 **
** Report includes: Errors, Warnings **

** Found 390 DRC violations **
[shorting_items]: Items shorting two nets (nets WAKE_A_N and VBAT_PROTECTED)
    Local override; error
    @(63.1750 mm, 8.0000 mm): Via [WAKE_A_N] on F.Cu - B.Cu
    @(64.8250 mm, 8.0000 mm): Track [VBAT_PROTECTED] on F.Cu, length 14.3640 mm
[shorting_items]: Items shorting two nets (nets LIN_A and LIN_A_TJA)
    Local override; error
    @(72.9500 mm, 20.0000 mm): Track [LIN_A] on F.Cu, length 7.7750 mm
    @(66.8250 mm, 20.0000 mm): Via [LIN_A_TJA] on F.Cu - B.Cu
[shorting_items]: Items shorting two nets (nets VBAT_FILTERED and USB_D_MINUS)
    Local override; error
    @(45.5750 mm, 48.0000 mm): Via [VBAT_FILTERED] on F.Cu - B.Cu
    @(20.5000 mm, 54.0000 mm): Track [USB_D_MINUS] on F.Cu, length 62.6154 mm
[clearance]: Clearance violation ( clearance 0.2000 mm; actual 0.1032 mm)
    Local override; error
    @(42.4250 mm, 48.0000 mm): Track [VBAT_PROTECTED] on B.Cu, length 18.4804 mm
    @(50.4750 mm, 32.6350 mm): Via [LIN_B_TJA] on F.Cu - B.Cu
[clearance]: Clearance violation ( clearance 0.2000 mm; actual 0.0522 mm)
    Local override; error
    @(66.8250 mm, 20.0000 mm): Via [LIN_A_TJA] on F.Cu - B.Cu
    @(79.0000 mm, 54.0000 mm): Track [WAKE_A_N] on B.Cu, length 48.6460 mm
[tracks_crossing]: Tracks crossing
    Local override; error
    @(29.5000 mm, 54.0000 mm): Track [UART0_TX] on B.Cu, length 74.1830 mm
    @(61.0000 mm, 54.0000 mm): Track [LIN_B_TJA] on B.Cu, length 23.3502 mm
[clearance]: Clearance violation ( clearance 0.2000 mm; actual 0.0559 mm)
    Local override; error
    @(18.6500 mm, 13.9050 mm): Via [BUCK_FB] on F.Cu - B.Cu
    @(18.6500 mm, 12.6350 mm): Track [BUCK_PGOOD] on B.Cu, length 29.3193 mm
[tracks_crossing]: Tracks crossing
    Local override; error
    @(75.1750 mm, 52.0000 mm): Track [CC1] on B.Cu, length 50.3546 mm
    @(79.0000 mm, 54.0000 mm): Track [WAKE_A_N] on B.Cu, length 48.6460 mm
[tracks_crossing]: Tracks crossing
    Local override; error
    @(67.1750 mm, 32.0000 mm): Track [LIN_B] on B.Cu, length 26.7260 mm
    @(45.5250 mm, 31.3650 mm): Track [LIN_EN] on B.Cu, length 22.4410 mm
[tracks_crossing]: Tracks crossing
    Local override; error
    @(56.5000 mm, 54.0000 mm): Track [LIN_A_TJA] on B.Cu, length 35.5332 mm
    @(45.5250 mm, 31.3650 mm): Track [LIN_EN] on B.Cu, length 22.4410 mm
[tracks_crossing]: Tracks crossing
    Local override; error
    @(24.1750 mm, 40.0000 mm): Track [VBAT_FILTERED] on B.Cu, length 28.3359 mm
    @(13.3500 mm, 13.9050 mm): Track [BUCK_RON] on B.Cu, length 28.9236 mm
[shorting_items]: Items shorting two nets (nets LIN_EN and WAKE_A_N)
    Local override; error
    @(45.5250 mm, 7.3650 mm): Track [LIN_EN] on B.Cu, length 24.0000 mm
    @(45.5250 mm, 8.6350 mm): Via [WAKE_A_N] on F.Cu - B.Cu
[shorting_items]: Items shorting two nets (nets LIN_A_TJA and WAKE_A_N)
    Local override; error
    @(50.4750 mm, 8.6350 mm): Via [LIN_A_TJA] on F.Cu - B.Cu
    @(63.1750 mm, 8.0000 mm): Track [WAKE_A_N] on B.Cu, length 17.6614 mm
[shorting_items]: Items shorting two nets (nets VBAT_PROTECTED and LIN_A_TJA)
    Local override; error
    @(50.4750 mm, 7.3650 mm): Track [VBAT_PROTECTED] on B.Cu, length 24.0000 mm
    @(50.4750 mm, 8.6350 mm): Via [LIN_A_TJA] on F.Cu - B.Cu
[tracks_crossing]: Tracks crossing
    Local override; error
    @(30.8250 mm, 40.0000 mm): Track [3V3] on B.Cu, length 38.3568 mm
    @(61.0000 mm, 54.0000 mm): Track [LIN_B_TJA] on B.Cu, length 23.3502 mm
[shorting_items]: Items shorting two nets (nets VBAT_PROTECTED and WAKE_B_N)
    Local override; error
    @(64.8250 mm, 8.0000 mm): Track [VBAT_PROTECTED] on F.Cu, length 6.0000 mm
    @(69.1750 mm, 8.0000 mm): Via [WAKE_B_N] on F.Cu - B.Cu
[tracks_crossing]: Tracks crossing
    Local override; error
    @(45.5250 mm, 30.0950 mm): Track [LIN_B_RXD] on B.Cu, length 35.7253 mm
    @(50.4750 mm, 7.3650 mm): Track [VBAT_PROTECTED] on B.Cu, length 24.0000 mm
[tracks_crossing]: Tracks crossing
    Local override; error
    @(63.5000 mm, 44.8000 mm): Track [LIN_EN] on B.Cu, length 15.4627 mm
    @(61.0000 mm, 54.0000 mm): Track [LIN_B_TJA] on B.Cu, length 23.3502 mm
[shorting_items]: Items shorting two nets (nets WAKE_A_N and VBAT_PROTECTED)
    Local override; error
    @(63.1750 mm, 8.0000 mm): Pad 1 [WAKE_A_N] of R_WAKE_A on F.Cu
    @(64.8250 mm, 8.0000 mm): Track [VBAT_PROTECTED] on F.Cu, length 14.3640 mm
[shorting_items]: Items shorting two nets (nets LIN_B_TXD and LIN_B_TJA)
    Local override; error
    @(45.5250 mm, 33.9050 mm): Track [LIN_B_TXD] on B.Cu, length 35.8265 mm
    @(68.8250 mm, 32.0000 mm): Via [LIN_B_TJA] on F.Cu - B.Cu
[tracks_crossing]: Tracks crossing
    Local override; error
    @(50.4750 mm, 30.0950 mm): Track [INH_B_TP] on B.Cu, length 48.3482 mm
    @(50.4750 mm, 7.3650 mm): Track [VBAT_PROTECTED] on B.Cu, length 24.0000 mm
[clearance]: Clearance violation ( clearance 0.2000 mm; actual 0.1046 mm)
    Local override; error
    @(25.0000 mm, 54.0000 mm): Track [USB_D_PLUS] on F.Cu, length 57.9420 mm
    @(65.5000 mm, 54.0000 mm): Track [LIN_EN] on F.Cu, length 9.4149 mm
[tracks_crossing]: Tracks crossing
    Local override; error
    @(18.6500 mm, 11.3650 mm): Track [BUCK_BST] on B.Cu, length 24.7692 mm
    @(28.5250 mm, 12.0000 mm): Track [VBAT_FILTERED] on B.Cu, length 15.1883 mm
[tracks_crossing]: Tracks crossing
    Local override; error
    @(68.5000 mm, 44.8000 mm): Track [LIN_EN_DRIVE] on F.Cu, length 9.3215 mm
    @(68.5000 mm, 47.2000 mm): Track [3V3] on F.Cu, length 8.4110 mm
[shorting_items]: Items shorting two nets (nets WAKE_A_N and VBAT_PROTECTED)
    Local override; error
    @(63.1750 mm, 8.0000 mm): Via [WAKE_A_N] on F.Cu - B.Cu
    @(64.8250 mm, 8.0000 mm): Track [VBAT_PROTECTED] on F.Cu, length 14.3640 mm
[tracks_crossing]: Tracks crossing
    Local override; error
    @(76.9500 mm, 40.0000 mm): Track [LIN_B] on F.Cu, length 12.6313 mm
    @(20.5000 mm, 54.0000 mm): Track [USB_D_MINUS] on F.Cu, length 62.6154 mm
[clearance]: Clearance violation ( clearance 0.2000 mm; actual 0.0275 mm)
    Local override; error
    @(80.1750 mm, 52.0000 mm): Track [CC2] on B.Cu, length 50.1725 mm
    @(80.1750 mm, 46.0000 mm): Via [BOOT_GPIO0] on F.Cu - B.Cu
[tracks_crossing]: Tracks crossing
    Local override; error
    @(7.5250 mm, 44.6350 mm): Track [VBAT_IN] on F.Cu, length 8.3038 mm
    @(9.1750 mm, 40.0000 mm): Track [3V3] on F.Cu, length 14.1917 mm
[shorting_items]: Items shorting two nets (nets EN and 3V3)
    Local override; error
    @(75.1750 mm, 46.0000 mm): Via [EN] on F.Cu - B.Cu
    @(68.5000 mm, 47.2000 mm): Track [3V3] on F.Cu, length 8.4110 mm
[shorting_items]: Items shorting two nets (nets BUCK_EN and BUCK_RON)
    Local override; error
    @(13.3500 mm, 12.6350 mm): Track [BUCK_EN] on B.Cu, length 28.3676 mm
    @(13.3500 mm, 13.9050 mm): Via [BUCK_RON] on F.Cu - B.Cu
[tracks_crossing]: Tracks crossing
    Local override; error
    @(45.5250 mm, 9.9050 mm): Track [LIN_A_TXD] on B.Cu, length 40.3534 mm
    @(50.4750 mm, 7.3650 mm): Track [VBAT_PROTECTED] on B.Cu, length 24.0000 mm
[shorting_items]: Items shorting two nets (nets BOOT_GPIO0 and 3V3)
    Local override; error
    @(80.1750 mm, 46.0000 mm): Via [BOOT_GPIO0] on F.Cu - B.Cu
    @(81.8250 mm, 46.0000 mm): Track [3V3] on F.Cu, length 5.0000 mm
[tracks_crossing]: Tracks crossing
    Local override; error
    @(13.6000 mm, 24.0000 mm): Track [BUCK_SW] on B.Cu, length 15.1056 mm
    @(18.4000 mm, 24.0000 mm): Track [3V3] on B.Cu, length 18.4689 mm
[tracks_crossing]: Tracks crossing
    Local override; error
    @(63.5000 mm, 47.2000 mm): Track [ARM_SENSE] on F.Cu, length 12.9321 mm
    @(65.5000 mm, 54.0000 mm): Track [LIN_EN] on F.Cu, length 9.4149 mm
[shorting_items]: Items shorting two nets (nets EN and 3V3)
    Local override; error
    @(75.1750 mm, 46.0000 mm): Via [EN] on F.Cu - B.Cu
    @(68.5000 mm, 47.2000 mm): Track [3V3] on F.Cu, length 8.4110 mm
[shorting_items]: Items shorting two nets (nets 3V3 and EN)
    Local override; error
    @(81.8250 mm, 46.0000 mm): Track [3V3] on B.Cu, length 21.1478 mm
    @(75.1750 mm, 46.0000 mm): Track [EN] on B.Cu, length 20.7779 mm
[tracks_crossing]: Tracks crossing
    Local override; error
    @(14.1750 mm, 40.0000 mm): Track [BUCK_FB] on B.Cu, length 26.4759 mm
    @(18.4000 mm, 24.0000 mm): Track [3V3] on B.Cu, length 18.4689 mm
[clearance]: Clearance violation ( clearance 0.2000 mm; actual 0.0218 mm)
    Local override; error
    @(7.5250 mm, 45.9050 mm): Pad 4 [GND] of Q1 on F.Cu
    @(7.5250 mm, 44.6350 mm): Track [VBAT_IN] on F.Cu, length 8.3038 mm
[tracks_crossing]: Tracks crossing
    Local override; error
    @(43.0000 mm, 54.0000 mm): Track [BOOT_GPIO0] on B.Cu, length 38.0261 mm
    @(61.0000 mm, 54.0000 mm): Track [LIN_B_TJA] on B.Cu, length 23.3502 mm
[shorting_items]: Items shorting two nets (nets 3V3 and BUCK_RON)
    Local override; error
    @(18.4000 mm, 24.0000 mm): Via [3V3] on F.Cu - B.Cu
    @(13.3500 mm, 13.9050 mm): Track [BUCK_RON] on B.Cu, length 28.9236 mm
[tracks_crossing]: Tracks crossing
    Local override; error
    @(75.1750 mm, 46.0000 mm): Track [EN] on B.Cu, length 20.7779 mm
    @(79.0000 mm, 54.0000 mm): Track [WAKE_A_N] on B.Cu, length 48.6460 mm
[tracks_crossing]: Tracks crossing
    Local override; error
    @(82.2500 mm, 1.9550 mm): Track [USB_D_MINUS] on F.Cu, length 1.0000 mm
    @(82.7500 mm, 1.9550 mm): Track [USB_D_PLUS] on F.Cu, length 1.0000 mm
[clearance]: Clearance violation ( clearance 0.2000 mm; actual 0.0835 mm)
    Local override; error
    @(82.7500 mm, 1.9550 mm): Track [USB_D_PLUS] on F.Cu, length 14.1535 mm
    @(87.1380 mm, 14.0500 mm): Track [USB_D_MINUS] on F.Cu, length 2.2760 mm
[shorting_items]: Items shorting two nets (nets 3V3 and EN)
    Local override; error
    @(81.8250 mm, 46.0000 mm): Track [3V3] on B.Cu, length 21.1478 mm
    @(81.2500 mm, 26.1300 mm): Via [EN] on F.Cu - B.Cu
[tracks_crossing]: Tracks crossing
    Local override; error
    @(82.2500 mm, 1.9550 mm): Track [USB_D_MINUS] on F.Cu, length 12.3738 mm
    @(82.7500 mm, 1.9550 mm): Track [USB_D_PLUS] on F.Cu, length 1.0000 mm
[shorting_items]: Items shorting two nets (nets ARM_SENSE and 3V3)
    Local override; error
    @(74.5000 mm, 54.0000 mm): Track [ARM_SENSE] on B.Cu, length 16.7999 mm
    @(81.8250 mm, 46.0000 mm): Via [3V3] on F.Cu - B.Cu
[shorting_items]: Items shorting two nets (nets USB_D_MINUS and LIN_EN_DRIVE)
    Local override; error
    @(84.8620 mm, 14.0500 mm): Track [USB_D_MINUS] on F.Cu, length 25.0419 mm
    @(81.2500 mm, 37.5600 mm): Track [LIN_EN_DRIVE] on F.Cu, length 14.6622 mm
[clearance]: Clearance violation ( clearance 0.2000 mm; actual 0.0538 mm)
    Local override; error
    @(18.6500 mm, 10.0950 mm): Track [BUCK_SW] on F.Cu, length 14.7936 mm
    @(16.0000 mm, 12.0000 mm): Pad 9 [GND] of U4 on F.Cu
[shorting_items]: Items shorting two nets (nets LIN_EN and LIN_B_RXD)
    Local override; error
    @(45.5250 mm, 7.3650 mm): Track [LIN_EN] on B.Cu, length 24.0000 mm
    @(45.5250 mm, 30.0950 mm): Via [LIN_B_RXD] on F.Cu - B.Cu
[clearance]: Clearance violation ( clearance 0.2000 mm; actual 0.1094 mm)
    Local override; error
    @(20.5000 mm, 54.0000 mm): Track [USB_D_MINUS] on F.Cu, length 62.6154 mm
    @(42.4250 mm, 48.0000 mm): Via [VBAT_PROTECTED] on F.Cu - B.Cu
[shorting_items]: Items shorting two nets (nets USB_D_PLUS and USB_D_MINUS)
    Local override; error
    @(84.8620 mm, 15.9500 mm): Track [USB_D_PLUS] on F.Cu, length 24.4186 mm
    @(20.5000 mm, 54.0000 mm): Track [USB_D_MINUS] on F.Cu, length 62.6154 mm
[tracks_crossing]: Tracks crossing
    Local override; error
    @(50.4750 mm, 6.0950 mm): Track [INH_A_TP] on B.Cu, length 60.8524 mm
    @(56.5000 mm, 54.0000 mm): Track [LIN_A_TJA] on B.Cu, length 35.5332 mm
[shorting_items]: Items shorting two nets (nets BOOT_GPIO0 and 3V3)
    Local override; error
    @(80.1750 mm, 46.0000 mm): Via [BOOT_GPIO0] on F.Cu - B.Cu
    @(81.8250 mm, 46.0000 mm): Track [3V3] on F.Cu, length 5.0000 mm
[tracks_crossing]: Tracks crossing
    Local override; error
    @(13.6000 mm, 24.0000 mm): Track [BUCK_SW] on B.Cu, length 15.1056 mm
    @(14.1750 mm, 40.0000 mm): Track [BUCK_FB] on B.Cu, length 26.4759 mm
[clearance]: Clearance violation ( clearance 0.2000 mm; actual 0.0275 mm)
    Local override; error
    @(80.1750 mm, 46.0000 mm): Via [BOOT_GPIO0] on F.Cu - B.Cu
    @(80.1750 mm, 52.0000 mm): Track [CC2] on B.Cu, length 50.1725 mm
[clearance]: Clearance violation ( clearance 0.2000 mm; actual 0.0741 mm)
    Local override; error
    @(84.8620 mm, 14.0500 mm): Track [USB_D_MINUS] on F.Cu, length 25.0419 mm
    @(87.1380 mm, 15.9500 mm): Track [USB_D_PLUS] on F.Cu, length 2.2760 mm
[shorting_items]: Items shorting two nets (nets LIN_A_TJA and WAKE_A_N)
    Local override; error
    @(66.8250 mm, 20.0000 mm): Track [LIN_A_TJA] on B.Cu, length 19.9119 mm
    @(63.1750 mm, 8.0000 mm): Track [WAKE_A_N] on B.Cu, length 17.6614 mm
[clearance]: Clearance violation ( clearance 0.2000 mm; actual 0.0601 mm)
    Local override; error
    @(85.5550 mm, 41.3500 mm): Track [ARM_SENSE] on F.Cu, length 12.5558 mm
    @(81.2500 mm, 35.0200 mm): Pad 10 [<no net>] of U1 on F.Cu
[clearance]: Clearance violation ( clearance 0.2000 mm; actual 0.1278 mm)
    Local override; error
    @(25.8250 mm, 40.0000 mm): Via [BUCK_RON] on F.Cu - B.Cu
    @(24.1750 mm, 40.0000 mm): Track [VBAT_FILTERED] on B.Cu, length 22.8464 mm
[shorting_items]: Items shorting two nets (nets USB_D_PLUS and LIN_EN)
    Local override; error
    @(25.0000 mm, 54.0000 mm): Track [USB_D_PLUS] on F.Cu, length 57.9420 mm
    @(63.5000 mm, 44.8000 mm): Via [LIN_EN] on F.Cu - B.Cu
[clearance]: Clearance violation ( clearance 0.2000 mm; actual 0.0995 mm)
    Local override; error
    @(81.8250 mm, 46.0000 mm): Via [3V3] on F.Cu - B.Cu
    @(80.1750 mm, 46.0000 mm): Track [BOOT_GPIO0] on B.Cu, length 19.4895 mm
[tracks_crossing]: Tracks crossing
    Local override; error
    @(87.1380 mm, 15.0000 mm): Track [USB_VBUS] on F.Cu, length 13.3191 mm
    @(87.1380 mm, 14.0500 mm): Track [USB_D_MINUS] on F.Cu, length 2.2760 mm
[tracks_crossing]: Tracks crossing
    Local override; error
    @(34.0000 mm, 54.0000 mm): Track [UART0_RX] on B.Cu, length 69.5282 mm
    @(61.0000 mm, 54.0000 mm): Track [LIN_B_TJA] on B.Cu, length 23.3502 mm
[shorting_items]: Items shorting two nets (nets BUCK_EN and VBAT_FILTERED)
    Local override; error
    @(20.8250 mm, 40.0000 mm): Pad 2 [BUCK_EN] of R_BUCK_EN on F.Cu
    @(19.1750 mm, 40.0000 mm): Track [VBAT_FILTERED] on F.Cu, length 5.0000 mm
[tracks_crossing]: Tracks crossing
    Local override; error
    @(63.5000 mm, 47.2000 mm): Track [ARM_SENSE] on F.Cu, length 12.9321 mm
    @(68.5000 mm, 44.8000 mm): Track [LIN_EN_DRIVE] on F.Cu, length 9.3215 mm
[shorting_items]: Items shorting two nets (nets LIN_B_RXD and 3V3)
    Local override; error
    @(81.2500 mm, 29.9400 mm): Via [LIN_B_RXD] on F.Cu - B.Cu
    @(81.8250 mm, 46.0000 mm): Track [3V3] on B.Cu, length 21.1478 mm
[shorting_items]: Items shorting two nets (nets  and USB_VBUS)
    Local override; error
    @(80.2500 mm, 1.9550 mm): Pad B8 [<no net>] of J1 on F.Cu
    @(84.4500 mm, 1.9550 mm): Track [USB_VBUS] on F.Cu, length 4.9000 mm
[tracks_crossing]: Tracks crossing
    Local override; error
    @(29.5000 mm, 54.0000 mm): Track [UART0_TX] on B.Cu, length 74.1830 mm
    @(24.1750 mm, 40.0000 mm): Track [VBAT_FILTERED] on B.Cu, length 22.8464 mm
[tracks_crossing]: Tracks crossing
    Local override; error
    @(25.0000 mm, 54.0000 mm): Track [USB_D_PLUS] on F.Cu, length 57.9420 mm
    @(81.2500 mm, 37.5600 mm): Track [LIN_EN_DRIVE] on F.Cu, length 14.6622 mm
[shorting_items]: Items shorting two nets (nets USB_D_MINUS and USB_VBUS)
    Local override; error
    @(87.1375 mm, 14.0500 mm): Pad 6 [USB_D_MINUS] of D4 on F.Cu
    @(87.1380 mm, 15.0000 mm): Track [USB_VBUS] on F.Cu, length 13.3191 mm
[tracks_crossing]: Tracks crossing
    Local override; error
    @(50.4750 mm, 6.0950 mm): Track [INH_A_TP] on B.Cu, length 60.8524 mm
    @(63.1750 mm, 8.0000 mm): Track [WAKE_A_N] on B.Cu, length 17.6614 mm
[clearance]: Clearance violation ( clearance 0.2000 mm; actual 0.0500 mm)
    Local override; error
    @(80.2500 mm, 1.9550 mm): Pad B8 [<no net>] of J1 on F.Cu
    @(80.7500 mm, 1.9550 mm): Via [CC1] on F.Cu - B.Cu
[shorting_items]: Items shorting two nets (nets GND and VBAT_PROTECTED)
    Local override; error
    @(32.1500 mm, 48.0000 mm): Pad 2 [GND] of D1 on F.Cu
    @(42.4250 mm, 48.0000 mm): Track [VBAT_PROTECTED] on F.Cu, length 14.5750 mm
[tracks_crossing]: Tracks crossing
    Local override; error
    @(50.4750 mm, 7.3650 mm): Track [VBAT_PROTECTED] on B.Cu, length 24.0000 mm
    @(63.1750 mm, 8.0000 mm): Track [WAKE_A_N] on B.Cu, length 17.6614 mm
[tracks_crossing]: Tracks crossing
    Local override; error
    @(65.1750 mm, 20.0000 mm): Track [LIN_A] on B.Cu, length 38.3198 mm
    @(45.5250 mm, 31.3650 mm): Track [LIN_EN] on B.Cu, length 22.4410 mm
[tracks_crossing]: Tracks crossing
    Local override; error
    @(63.5000 mm, 44.8000 mm): Track [LIN_EN] on B.Cu, length 15.4627 mm
    @(79.0000 mm, 54.0000 mm): Track [WAKE_A_N] on B.Cu, length 48.6460 mm
[shorting_items]: Items shorting two nets (nets BUCK_PGOOD and BUCK_BST)
    Local override; error
    @(18.6500 mm, 12.6350 mm): Via [BUCK_PGOOD] on F.Cu - B.Cu
    @(18.6500 mm, 11.3650 mm): Track [BUCK_BST] on B.Cu, length 24.7692 mm
[shorting_items]: Items shorting two nets (nets LIN_A and LIN_A_TJA)
    Local override; error
    @(72.9500 mm, 20.0000 mm): Track [LIN_A] on F.Cu, length 7.7750 mm
    @(66.8250 mm, 20.0000 mm): Pad 2 [LIN_A_TJA] of R_LINA_SER on F.Cu
[shorting_items]: Items shorting two nets (nets 3V3 and LIN_EN_DRIVE)
    Local override; error
    @(68.5000 mm, 47.2000 mm): Via [3V3] on F.Cu - B.Cu
    @(68.5000 mm, 44.8000 mm): Track [LIN_EN_DRIVE] on F.Cu, length 9.3215 mm
[tracks_crossing]: Tracks crossing
    Local override; error
    @(45.5250 mm, 32.6350 mm): Track [WAKE_B_N] on B.Cu, length 43.5725 mm
    @(61.0000 mm, 54.0000 mm): Track [LIN_B_TJA] on B.Cu, length 23.3502 mm
[shorting_items]: Items shorting two nets (nets LIN_B_TJA and LIN_B_TXD)
    Local override; error
    @(68.8250 mm, 32.0000 mm): Via [LIN_B_TJA] on F.Cu - B.Cu
    @(45.5250 mm, 33.9050 mm): Track [LIN_B_TXD] on B.Cu, length 35.8265 mm
[shorting_items]: Items shorting two nets (nets LIN_EN and USB_D_PLUS)
    Local override; error
    @(63.5000 mm, 44.8000 mm): Via [LIN_EN] on F.Cu - B.Cu
    @(25.0000 mm, 54.0000 mm): Track [USB_D_PLUS] on F.Cu, length 57.9420 mm
[shorting_items]: Items shorting two nets (nets EN and 3V3)
    Local override; error
    @(38.5000 mm, 54.0000 mm): Track [EN] on B.Cu, length 37.5374 mm
    @(68.5000 mm, 47.2000 mm): Via [3V3] on F.Cu - B.Cu
[tracks_crossing]: Tracks crossing
    Local override; error
    @(56.5000 mm, 54.0000 mm): Track [LIN_A_TJA] on B.Cu, length 35.5332 mm
    @(68.8250 mm, 32.0000 mm): Track [LIN_B_TJA] on B.Cu, length 18.3610 mm
[shorting_items]: Items shorting two nets (nets CC2 and WAKE_B_N)
    Local override; error
    @(80.1750 mm, 52.0000 mm): Via [CC2] on F.Cu - B.Cu
    @(45.5250 mm, 32.6350 mm): Track [WAKE_B_N] on B.Cu, length 43.5725 mm
[shorting_items]: Items shorting two nets (nets LIN_A_TXD and LIN_A)
    Local override; error
    @(45.5250 mm, 9.9050 mm): Track [LIN_A_TXD] on B.Cu, length 40.3534 mm
    @(65.1750 mm, 20.0000 mm): Via [LIN_A] on F.Cu - B.Cu
[tracks_crossing]: Tracks crossing
    Local override; error
    @(45.5250 mm, 32.6350 mm): Track [WAKE_B_N] on B.Cu, length 43.5725 mm
    @(45.5250 mm, 31.3650 mm): Track [LIN_EN] on B.Cu, length 22.4410 mm
[shorting_items]: Items shorting two nets (nets LIN_B_TXD and LIN_EN)
    Local override; error
    @(45.5250 mm, 33.9050 mm): Track [LIN_B_TXD] on B.Cu, length 35.8265 mm
    @(72.1750 mm, 32.0000 mm): Via [LIN_EN] on F.Cu - B.Cu
[shorting_items]: Items shorting two nets (nets CC2 and USB_VBUS)
    Local override; error
    @(83.7500 mm, 1.9550 mm): Via [CC2] on F.Cu - B.Cu
    @(84.4500 mm, 1.9550 mm): Track [USB_VBUS] on F.Cu, length 4.9000 mm
[clearance]: Clearance violation ( clearance 0.2000 mm; actual 0.0085 mm)
    Local override; error
    @(18.6500 mm, 10.0950 mm): Track [BUCK_SW] on F.Cu, length 14.7936 mm
    @(18.6500 mm, 11.3650 mm): Via [BUCK_BST] on F.Cu - B.Cu
[shorting_items]: Items shorting two nets (nets BUCK_BST and VBAT_FILTERED)
    Local override; error
    @(18.6500 mm, 11.3650 mm): Via [BUCK_BST] on F.Cu - B.Cu
    @(28.5250 mm, 12.0000 mm): Track [VBAT_FILTERED] on B.Cu, length 15.1883 mm
[shorting_items]: Items shorting two nets (nets BUCK_EN and VBAT_FILTERED)
    Local override; error
    @(20.8250 mm, 40.0000 mm): Via [BUCK_EN] on F.Cu - B.Cu
    @(19.1750 mm, 40.0000 mm): Track [VBAT_FILTERED] on F.Cu, length 5.0000 mm
[shorting_items]: Items shorting two nets (nets LIN_B_TXD and LIN_B)
    Local override; error
    @(45.5250 mm, 33.9050 mm): Track [LIN_B_TXD] on B.Cu, length 35.8265 mm
    @(67.1750 mm, 32.0000 mm): Via [LIN_B] on F.Cu - B.Cu
[shorting_items]: Items shorting two nets (nets INH_A_TP and 3V3)
    Local override; error
    @(50.4750 mm, 6.0950 mm): Track [INH_A_TP] on B.Cu, length 60.8524 mm
    @(81.8250 mm, 46.0000 mm): Via [3V3] on F.Cu - B.Cu
[shorting_items]: Items shorting two nets (nets LIN_A_TXD and LIN_EN)
    Local override; error
    @(45.5250 mm, 9.9050 mm): Via [LIN_A_TXD] on F.Cu - B.Cu
    @(45.5250 mm, 7.3650 mm): Track [LIN_EN] on B.Cu, length 24.0000 mm
[shorting_items]: Items shorting two nets (nets LIN_A_RXD and EN)
    Local override; error
    @(81.2500 mm, 27.4000 mm): Via [LIN_A_RXD] on F.Cu - B.Cu
    @(75.1750 mm, 46.0000 mm): Track [EN] on B.Cu, length 20.7779 mm
[tracks_crossing]: Tracks crossing
    Local override; error
    @(50.4750 mm, 7.3650 mm): Track [VBAT_PROTECTED] on B.Cu, length 24.0000 mm
    @(69.1750 mm, 8.0000 mm): Track [WAKE_B_N] on B.Cu, length 34.1498 mm
[tracks_crossing]: Tracks crossing
    Local override; error
    @(13.3500 mm, 12.6350 mm): Track [BUCK_EN] on B.Cu, length 28.3676 mm
    @(18.4000 mm, 24.0000 mm): Track [3V3] on B.Cu, length 18.4689 mm
[shorting_items]: Items shorting two nets (nets LIN_A_RXD and LIN_A_TJA)
    Local override; error
    @(45.5250 mm, 6.0950 mm): Track [LIN_A_RXD] on B.Cu, length 41.5954 mm
    @(50.4750 mm, 8.6350 mm): Via [LIN_A_TJA] on F.Cu - B.Cu
[shorting_items]: Items shorting two nets (nets LIN_A_TXD and 3V3)
    Local override; error
    @(81.2500 mm, 28.6700 mm): Via [LIN_A_TXD] on F.Cu - B.Cu
    @(81.8250 mm, 46.0000 mm): Track [3V3] on B.Cu, length 21.1478 mm
[tracks_crossing]: Tracks crossing
    Local override; error
    @(45.5250 mm, 7.3650 mm): Track [LIN_EN] on B.Cu, length 24.0000 mm
    @(63.1750 mm, 8.0000 mm): Track [WAKE_A_N] on B.Cu, length 17.6614 mm
[shorting_items]: Items shorting two nets (nets LIN_A and LIN_A_TJA)
    Local override; error
    @(72.9500 mm, 20.0000 mm): Track [LIN_A] on F.Cu, length 7.7750 mm
    @(66.8250 mm, 20.0000 mm): Via [LIN_A_TJA] on F.Cu - B.Cu
[shorting_items]: Items shorting two nets (nets 3V3 and LIN_B_TXD)
    Local override; error
    @(81.8250 mm, 46.0000 mm): Track [3V3] on B.Cu, length 21.1478 mm
    @(81.2500 mm, 31.2100 mm): Via [LIN_B_TXD] on F.Cu - B.Cu
[clearance]: Clearance violation ( clearance 0.2000 mm; actual 0.0522 mm)
    Local override; error
    @(66.8250 mm, 20.0000 mm): Via [LIN_A_TJA] on F.Cu - B.Cu
    @(79.0000 mm, 54.0000 mm): Track [WAKE_A_N] on B.Cu, length 48.6460 mm
[shorting_items]: Items shorting two nets (nets BUCK_FB and BUCK_BST)
    Local override; error
    @(18.6500 mm, 13.9050 mm): Via [BUCK_FB] on F.Cu - B.Cu
    @(18.6500 mm, 11.3650 mm): Track [BUCK_BST] on B.Cu, length 24.7692 mm
[shorting_items]: Items shorting two nets (nets VBAT_FILTERED and UART0_TX)
    Local override; error
    @(45.5750 mm, 48.0000 mm): Via [VBAT_FILTERED] on F.Cu - B.Cu
    @(29.5000 mm, 54.0000 mm): Track [UART0_TX] on B.Cu, length 74.1830 mm
[shorting_items]: Items shorting two nets (nets VBAT_PROTECTED and INH_B_TP)
    Local override; error
    @(50.4750 mm, 7.3650 mm): Track [VBAT_PROTECTED] on B.Cu, length 24.0000 mm
    @(50.4750 mm, 30.0950 mm): Via [INH_B_TP] on F.Cu - B.Cu
[shorting_items]: Items shorting two nets (nets USB_D_PLUS and VBAT_FILTERED)
    Local override; error
    @(25.0000 mm, 54.0000 mm): Track [USB_D_PLUS] on F.Cu, length 57.9420 mm
    @(45.5750 mm, 48.0000 mm): Pad 2 [VBAT_FILTERED] of FB1 on F.Cu
[shorting_items]: Items shorting two nets (nets USB_D_PLUS and USB_D_MINUS)
    Local override; error
    @(82.7500 mm, 1.9550 mm): Track [USB_D_PLUS] on F.Cu, length 1.0000 mm
    @(82.2500 mm, 1.9550 mm): Pad A7 [USB_D_MINUS] of J1 on F.Cu
[hole_clearance]: Hole clearance violation (board setup constraints hole clearance 0.2500 mm; actual 0.2000 mm)
    Rule: board setup constraints hole; error
    @(83.2500 mm, 1.9550 mm): Pad A8 [<no net>] of J1 on F.Cu
    @(83.7500 mm, 1.9550 mm): Via [CC2] on F.Cu - B.Cu
[hole_clearance]: Hole clearance violation (board setup constraints hole clearance 0.2500 mm; actual 0.2000 mm)
    Rule: board setup constraints hole; error
    @(81.2500 mm, 1.9550 mm): Pad B7 [USB_D_MINUS] of J1 on F.Cu
    @(80.7500 mm, 1.9550 mm): Via [CC1] on F.Cu - B.Cu
[hole_clearance]: Hole clearance violation (board setup constraints hole clearance 0.2500 mm; actual 0.2000 mm)
    Rule: board setup constraints hole; error
    @(80.2500 mm, 1.9550 mm): Pad B8 [<no net>] of J1 on F.Cu
    @(80.7500 mm, 1.9550 mm): Via [CC1] on F.Cu - B.Cu
[drill_out_of_range]: Hole size out of range (board setup constraints min hole 0.3000 mm; actual 0.2000 mm)
    Rule: board setup constraints; error
    @(15.0450 mm, 10.7000 mm): PTH pad 9 [GND] of U4
[drill_out_of_range]: Hole size out of range (board setup constraints min hole 0.3000 mm; actual 0.2000 mm)
    Rule: board setup constraints; error
    @(15.0450 mm, 12.0000 mm): PTH pad 9 [GND] of U4
[drill_out_of_range]: Hole size out of range (board setup constraints min hole 0.3000 mm; actual 0.2000 mm)
    Rule: board setup constraints; error
    @(15.0450 mm, 13.3000 mm): PTH pad 9 [GND] of U4
[drill_out_of_range]: Hole size out of range (board setup constraints min hole 0.3000 mm; actual 0.2000 mm)
    Rule: board setup constraints; error
    @(16.9550 mm, 10.7000 mm): PTH pad 9 [GND] of U4
[drill_out_of_range]: Hole size out of range (board setup constraints min hole 0.3000 mm; actual 0.2000 mm)
    Rule: board setup constraints; error
    @(16.9550 mm, 12.0000 mm): PTH pad 9 [GND] of U4
[drill_out_of_range]: Hole size out of range (board setup constraints min hole 0.3000 mm; actual 0.2000 mm)
    Rule: board setup constraints; error
    @(16.9550 mm, 13.3000 mm): PTH pad 9 [GND] of U4
[drill_out_of_range]: Hole size out of range (board setup constraints min hole 0.3000 mm; actual 0.2000 mm)
    Rule: board setup constraints; error
    @(87.1000 mm, 30.6100 mm): PTH pad 41 [GND] of U1
[drill_out_of_range]: Hole size out of range (board setup constraints min hole 0.3000 mm; actual 0.2000 mm)
    Rule: board setup constraints; error
    @(87.1000 mm, 32.0100 mm): PTH pad 41 [GND] of U1
[drill_out_of_range]: Hole size out of range (board setup constraints min hole 0.3000 mm; actual 0.2000 mm)
    Rule: board setup constraints; error
    @(87.8000 mm, 29.9100 mm): PTH pad 41 [GND] of U1
[drill_out_of_range]: Hole size out of range (board setup constraints min hole 0.3000 mm; actual 0.2000 mm)
    Rule: board setup constraints; error
    @(87.8000 mm, 31.3100 mm): PTH pad 41 [GND] of U1
[drill_out_of_range]: Hole size out of range (board setup constraints min hole 0.3000 mm; actual 0.2000 mm)
    Rule: board setup constraints; error
    @(87.8000 mm, 32.7100 mm): PTH pad 41 [GND] of U1
[drill_out_of_range]: Hole size out of range (board setup constraints min hole 0.3000 mm; actual 0.2000 mm)
    Rule: board setup constraints; error
    @(88.5000 mm, 30.6100 mm): PTH pad 41 [GND] of U1
[drill_out_of_range]: Hole size out of range (board setup constraints min hole 0.3000 mm; actual 0.2000 mm)
    Rule: board setup constraints; error
    @(88.5000 mm, 32.0100 mm): PTH pad 41 [GND] of U1
[drill_out_of_range]: Hole size out of range (board setup constraints min hole 0.3000 mm; actual 0.2000 mm)
    Rule: board setup constraints; error
    @(89.2000 mm, 29.9100 mm): PTH pad 41 [GND] of U1
[drill_out_of_range]: Hole size out of range (board setup constraints min hole 0.3000 mm; actual 0.2000 mm)
    Rule: board setup constraints; error
    @(89.2000 mm, 31.3100 mm): PTH pad 41 [GND] of U1
[drill_out_of_range]: Hole size out of range (board setup constraints min hole 0.3000 mm; actual 0.2000 mm)
    Rule: board setup constraints; error
    @(89.2000 mm, 32.7100 mm): PTH pad 41 [GND] of U1
[drill_out_of_range]: Hole size out of range (board setup constraints min hole 0.3000 mm; actual 0.2000 mm)
    Rule: board setup constraints; error
    @(89.9000 mm, 30.6100 mm): PTH pad 41 [GND] of U1
[drill_out_of_range]: Hole size out of range (board setup constraints min hole 0.3000 mm; actual 0.2000 mm)
    Rule: board setup constraints; error
    @(89.9000 mm, 32.0100 mm): PTH pad 41 [GND] of U1
[starved_thermal]: Thermal relief connection to zone incomplete (layer F.Cu; 1 spokes connected to isolated island)
    Local override; error
    @(1.0000 mm, 1.0000 mm): Zone [GND] on F.Cu, priority 1
    @(84.8625 mm, 15.0000 mm): Pad 2 [GND] of D4 on F.Cu
[solder_mask_bridge]: Front solder mask aperture bridges items with different nets
    Rule: board setup solder mask min width; error
    @(25.0000 mm, 54.0000 mm): Track [USB_D_PLUS] on F.Cu, length 57.9420 mm
    @(45.5750 mm, 48.0000 mm): Pad 2 [VBAT_FILTERED] of FB1 on F.Cu
[solder_mask_bridge]: Front solder mask aperture bridges items with different nets
    Rule: board setup solder mask min width; error
    @(42.4250 mm, 48.0000 mm): Track [VBAT_PROTECTED] on F.Cu, length 14.5750 mm
    @(32.1500 mm, 48.0000 mm): Pad 2 [GND] of D1 on F.Cu
[solder_mask_bridge]: Front solder mask aperture bridges items with different nets
    Rule: board setup solder mask min width; error
    @(25.0000 mm, 54.0000 mm): Track [USB_D_PLUS] on F.Cu, length 57.9420 mm
    @(63.5000 mm, 44.8000 mm): Pad 1 [LIN_EN] of SW1 on F.Cu
[solder_mask_bridge]: Front solder mask aperture bridges items with different nets
    Rule: board setup solder mask min width; error
    @(72.9500 mm, 20.0000 mm): Track [LIN_A] on F.Cu, length 7.7750 mm
    @(66.8250 mm, 20.0000 mm): Pad 2 [LIN_A_TJA] of R_LINA_SER on F.Cu
[solder_mask_bridge]: Front solder mask aperture bridges items with different nets
    Rule: board setup solder mask min width; error
    @(64.8250 mm, 8.0000 mm): Track [VBAT_PROTECTED] on F.Cu, length 6.0000 mm
    @(69.1750 mm, 8.0000 mm): Pad 1 [WAKE_B_N] of R_WAKE_B on F.Cu
[solder_mask_bridge]: Front solder mask aperture bridges items with different nets
    Rule: board setup solder mask min width; error
    @(25.0000 mm, 54.0000 mm): Track [USB_D_PLUS] on F.Cu, length 57.9420 mm
    @(66.0000 mm, 44.8000 mm): Pad 2 [GND] of SW1 on F.Cu
[solder_mask_bridge]: Front solder mask aperture bridges items with different nets
    Rule: board setup solder mask min width; error
    @(64.8250 mm, 8.0000 mm): Track [VBAT_PROTECTED] on F.Cu, length 14.3640 mm
    @(63.1750 mm, 8.0000 mm): Pad 1 [WAKE_A_N] of R_WAKE_A on F.Cu
[solder_mask_bridge]: Front solder mask aperture bridges items with different nets
    Rule: board setup solder mask min width; error
    @(20.5000 mm, 54.0000 mm): Track [USB_D_MINUS] on F.Cu, length 62.6154 mm
    @(42.4250 mm, 48.0000 mm): Pad 1 [VBAT_PROTECTED] of FB1 on F.Cu
[solder_mask_bridge]: Front solder mask aperture bridges items with different nets
    Rule: board setup solder mask min width; error
    @(20.5000 mm, 54.0000 mm): Track [USB_D_MINUS] on F.Cu, length 62.6154 mm
    @(45.5750 mm, 48.0000 mm): Pad 2 [VBAT_FILTERED] of FB1 on F.Cu
[solder_mask_bridge]: Front solder mask aperture bridges items with different nets
    Rule: board setup solder mask min width; error
    @(68.5000 mm, 44.8000 mm): Track [LIN_EN_DRIVE] on F.Cu, length 9.3215 mm
    @(68.5000 mm, 47.2000 mm): Pad 6 [3V3] of SW1 on F.Cu
[solder_mask_bridge]: Front solder mask aperture bridges items with different nets
    Rule: board setup solder mask min width; error
    @(65.5000 mm, 54.0000 mm): Track [LIN_EN] on F.Cu, length 9.4149 mm
    @(63.5000 mm, 47.2000 mm): Pad 4 [ARM_SENSE] of SW1 on F.Cu
[solder_mask_bridge]: Front solder mask aperture bridges items with different nets
    Rule: board setup solder mask min width; error
    @(20.5000 mm, 54.0000 mm): Track [USB_D_MINUS] on F.Cu, length 62.6154 mm
    @(76.9500 mm, 40.0000 mm): Pad 1 [LIN_B] of D3 on F.Cu
[solder_mask_bridge]: Front solder mask aperture bridges items with different nets
    Rule: board setup solder mask min width; error
    @(81.2500 mm, 37.5600 mm): Track [LIN_EN_DRIVE] on F.Cu, length 14.6622 mm
    @(76.9500 mm, 40.0000 mm): Pad 1 [LIN_B] of D3 on F.Cu
[solder_mask_bridge]: Front solder mask aperture bridges items with different nets
    Rule: board setup solder mask min width; error
    @(68.5000 mm, 47.2000 mm): Track [3V3] on F.Cu, length 8.4110 mm
    @(75.1750 mm, 46.0000 mm): Pad 1 [EN] of R_EN on F.Cu
[solder_mask_bridge]: Front solder mask aperture bridges items with different nets
    Rule: board setup solder mask min width; error
    @(81.8250 mm, 46.0000 mm): Track [3V3] on F.Cu, length 5.0000 mm
    @(80.1750 mm, 46.0000 mm): Pad 1 [BOOT_GPIO0] of R_BOOT on F.Cu
[solder_mask_bridge]: Front solder mask aperture bridges items with different nets
    Rule: board setup solder mask min width; error
    @(18.6500 mm, 10.0950 mm): Track [BUCK_SW] on F.Cu, length 14.7936 mm
    @(18.6500 mm, 12.6350 mm): Pad 6 [BUCK_PGOOD] of U4 on F.Cu
[solder_mask_bridge]: Front solder mask aperture bridges items with different nets
    Rule: board setup solder mask min width; error
    @(18.6500 mm, 10.0950 mm): Track [BUCK_SW] on F.Cu, length 14.7936 mm
    @(18.6500 mm, 11.3650 mm): Pad 7 [BUCK_BST] of U4 on F.Cu
[solder_mask_bridge]: Front solder mask aperture bridges items with different nets
    Rule: board setup solder mask min width; error
    @(19.1750 mm, 40.0000 mm): Track [VBAT_FILTERED] on F.Cu, length 5.0000 mm
    @(20.8250 mm, 40.0000 mm): Pad 2 [BUCK_EN] of R_BUCK_EN on F.Cu
[solder_mask_bridge]: Front solder mask aperture bridges items with different nets
    Rule: board setup solder mask min width; error
    @(85.5550 mm, 41.3500 mm): Track [ARM_SENSE] on F.Cu, length 12.5558 mm
    @(81.2500 mm, 36.2900 mm): Pad 11 [<no net>] of U1 on F.Cu
[solder_mask_bridge]: Front solder mask aperture bridges items with different nets
    Rule: board setup solder mask min width; error
    @(85.5550 mm, 41.3500 mm): Track [ARM_SENSE] on F.Cu, length 12.5558 mm
    @(81.2500 mm, 37.5600 mm): Pad 12 [LIN_EN_DRIVE] of U1 on F.Cu
[solder_mask_bridge]: Front solder mask aperture bridges items with different nets
    Rule: board setup solder mask min width; error
    @(82.2500 mm, 1.9550 mm): Track [USB_D_MINUS] on F.Cu, length 1.0000 mm
    @(81.7500 mm, 1.9550 mm): Pad A6 [USB_D_PLUS] of J1 on F.Cu
[solder_mask_bridge]: Front solder mask aperture bridges items with different nets
    Rule: board setup solder mask min width; error
    @(84.8620 mm, 14.0500 mm): Track [USB_D_MINUS] on F.Cu, length 25.0419 mm
    @(84.8625 mm, 15.0000 mm): Pad 2 [GND] of D4 on F.Cu
[solder_mask_bridge]: Front solder mask aperture bridges items with different nets
    Rule: board setup solder mask min width; error
    @(84.8620 mm, 14.0500 mm): Track [USB_D_MINUS] on F.Cu, length 25.0419 mm
    @(84.8625 mm, 15.9500 mm): Pad 3 [USB_D_PLUS] of D4 on F.Cu
[solder_mask_bridge]: Front solder mask aperture bridges items with different nets
    Rule: board setup solder mask min width; error
    @(84.8620 mm, 14.0500 mm): Track [USB_D_MINUS] on F.Cu, length 25.0419 mm
    @(81.2500 mm, 33.7500 mm): Pad 9 [<no net>] of U1 on F.Cu
[solder_mask_bridge]: Front solder mask aperture bridges items with different nets
    Rule: board setup solder mask min width; error
    @(84.8620 mm, 14.0500 mm): Track [USB_D_MINUS] on F.Cu, length 25.0419 mm
    @(81.2500 mm, 35.0200 mm): Pad 10 [<no net>] of U1 on F.Cu
[solder_mask_bridge]: Front solder mask aperture bridges items with different nets
    Rule: board setup solder mask min width; error
    @(84.8620 mm, 14.0500 mm): Track [USB_D_MINUS] on F.Cu, length 25.0419 mm
    @(81.2500 mm, 36.2900 mm): Pad 11 [<no net>] of U1 on F.Cu
[solder_mask_bridge]: Front solder mask aperture bridges items with different nets
    Rule: board setup solder mask min width; error
    @(84.8620 mm, 14.0500 mm): Track [USB_D_MINUS] on F.Cu, length 25.0419 mm
    @(81.2500 mm, 37.5600 mm): Pad 12 [LIN_EN_DRIVE] of U1 on F.Cu
[solder_mask_bridge]: Front solder mask aperture bridges items with different nets
    Rule: board setup solder mask min width; error
    @(84.4500 mm, 1.9550 mm): Track [USB_VBUS] on F.Cu, length 4.9000 mm
    @(81.7500 mm, 1.9550 mm): Pad A6 [USB_D_PLUS] of J1 on F.Cu
[solder_mask_bridge]: Front solder mask aperture bridges items with different nets
    Rule: board setup solder mask min width; error
    @(82.7500 mm, 1.9550 mm): Track [USB_D_PLUS] on F.Cu, length 1.0000 mm
    @(82.2500 mm, 1.9550 mm): Pad A7 [USB_D_MINUS] of J1 on F.Cu
[solder_mask_bridge]: Front solder mask aperture bridges items with different nets
    Rule: board setup solder mask min width; error
    @(84.4500 mm, 1.9550 mm): Track [USB_VBUS] on F.Cu, length 4.9000 mm
    @(82.2500 mm, 1.9550 mm): Pad A7 [USB_D_MINUS] of J1 on F.Cu
[solder_mask_bridge]: Front solder mask aperture bridges items with different nets
    Rule: board setup solder mask min width; error
    @(82.7500 mm, 1.9550 mm): Track [USB_D_PLUS] on F.Cu, length 14.1535 mm
    @(84.8625 mm, 14.0500 mm): Pad 1 [USB_D_MINUS] of D4 on F.Cu
[solder_mask_bridge]: Front solder mask aperture bridges items with different nets
    Rule: board setup solder mask min width; error
    @(84.4500 mm, 1.9550 mm): Track [USB_VBUS] on F.Cu, length 4.9000 mm
    @(83.2500 mm, 1.9550 mm): Pad A8 [<no net>] of J1 on F.Cu
[solder_mask_bridge]: Front solder mask aperture bridges items with different nets
    Rule: board setup solder mask min width; error
    @(82.7500 mm, 1.9550 mm): Track [USB_D_PLUS] on F.Cu, length 14.1535 mm
    @(84.8625 mm, 15.0000 mm): Pad 2 [GND] of D4 on F.Cu
[solder_mask_bridge]: Front solder mask aperture bridges items with different nets
    Rule: board setup solder mask min width; error
    @(84.4500 mm, 1.9550 mm): Track [USB_VBUS] on F.Cu, length 4.9000 mm
    @(82.7500 mm, 1.9550 mm): Pad B6 [USB_D_PLUS] of J1 on F.Cu
[solder_mask_bridge]: Front solder mask aperture bridges items with different nets
    Rule: board setup solder mask min width; error
    @(84.4500 mm, 1.9550 mm): Track [USB_VBUS] on F.Cu, length 4.9000 mm
    @(83.7500 mm, 1.9550 mm): Pad B5 [CC2] of J1 on F.Cu
[solder_mask_bridge]: Front solder mask aperture bridges items with different nets
    Rule: board setup solder mask min width; error
    @(84.4500 mm, 1.9550 mm): Track [USB_VBUS] on F.Cu, length 4.9000 mm
    @(80.7500 mm, 1.9550 mm): Pad A5 [CC1] of J1 on F.Cu
[solder_mask_bridge]: Front solder mask aperture bridges items with different nets
    Rule: board setup solder mask min width; error
    @(84.4500 mm, 1.9550 mm): Track [USB_VBUS] on F.Cu, length 4.9000 mm
    @(81.2500 mm, 1.9550 mm): Pad B7 [USB_D_MINUS] of J1 on F.Cu
[solder_mask_bridge]: Front solder mask aperture bridges items with different nets
    Rule: board setup solder mask min width; error
    @(84.8620 mm, 15.9500 mm): Track [USB_D_PLUS] on F.Cu, length 24.4186 mm
    @(81.2500 mm, 35.0200 mm): Pad 10 [<no net>] of U1 on F.Cu
[solder_mask_bridge]: Front solder mask aperture bridges items with different nets
    Rule: board setup solder mask min width; error
    @(84.4500 mm, 1.9550 mm): Track [USB_VBUS] on F.Cu, length 4.9000 mm
    @(80.2500 mm, 1.9550 mm): Pad B8 [<no net>] of J1 on F.Cu
[solder_mask_bridge]: Front solder mask aperture bridges items with different nets
    Rule: board setup solder mask min width; error
    @(84.8620 mm, 15.9500 mm): Track [USB_D_PLUS] on F.Cu, length 24.4186 mm
    @(81.2500 mm, 36.2900 mm): Pad 11 [<no net>] of U1 on F.Cu
[solder_mask_bridge]: Front solder mask aperture bridges items with different nets
    Rule: board setup solder mask min width; error
    @(84.8620 mm, 15.9500 mm): Track [USB_D_PLUS] on F.Cu, length 24.4186 mm
    @(81.2500 mm, 37.5600 mm): Pad 12 [LIN_EN_DRIVE] of U1 on F.Cu
[solder_mask_bridge]: Front solder mask aperture bridges items with different nets
    Rule: board setup solder mask min width; error
    @(84.8620 mm, 15.9500 mm): Track [USB_D_PLUS] on F.Cu, length 24.4186 mm
    @(81.2500 mm, 38.8300 mm): Pad 13 [USB_D_MINUS] of U1 on F.Cu
[solder_mask_bridge]: Front solder mask aperture bridges items with different nets
    Rule: board setup solder mask min width; error
    @(87.1380 mm, 15.0000 mm): Track [USB_VBUS] on F.Cu, length 13.3191 mm
    @(87.1375 mm, 14.0500 mm): Pad 6 [USB_D_MINUS] of D4 on F.Cu
[holes_co_located]: Drilled holes co-located
    Local override; warning
    @(63.1750 mm, 8.0000 mm): Via [WAKE_A_N] on F.Cu - B.Cu
    @(63.1750 mm, 8.0000 mm): Via [WAKE_A_N] on F.Cu - B.Cu
[holes_co_located]: Drilled holes co-located
    Local override; warning
    @(75.1750 mm, 46.0000 mm): Via [EN] on F.Cu - B.Cu
    @(75.1750 mm, 46.0000 mm): Via [EN] on F.Cu - B.Cu
[holes_co_located]: Drilled holes co-located
    Local override; warning
    @(50.4750 mm, 31.3650 mm): Via [VBAT_PROTECTED] on F.Cu - B.Cu
    @(50.4750 mm, 31.3650 mm): Via [VBAT_PROTECTED] on F.Cu - B.Cu
[holes_co_located]: Drilled holes co-located
    Local override; warning
    @(30.8250 mm, 40.0000 mm): Via [3V3] on F.Cu - B.Cu
    @(30.8250 mm, 40.0000 mm): Via [3V3] on F.Cu - B.Cu
[holes_co_located]: Drilled holes co-located
    Local override; warning
    @(24.1750 mm, 40.0000 mm): Via [VBAT_FILTERED] on F.Cu - B.Cu
    @(24.1750 mm, 40.0000 mm): Via [VBAT_FILTERED] on F.Cu - B.Cu
[holes_co_located]: Drilled holes co-located
    Local override; warning
    @(28.5250 mm, 12.0000 mm): Via [VBAT_FILTERED] on F.Cu - B.Cu
    @(28.5250 mm, 12.0000 mm): Via [VBAT_FILTERED] on F.Cu - B.Cu
[holes_co_located]: Drilled holes co-located
    Local override; warning
    @(68.8250 mm, 32.0000 mm): Via [LIN_B_TJA] on F.Cu - B.Cu
    @(68.8250 mm, 32.0000 mm): Via [LIN_B_TJA] on F.Cu - B.Cu
[holes_co_located]: Drilled holes co-located
    Local override; warning
    @(80.1750 mm, 46.0000 mm): Via [BOOT_GPIO0] on F.Cu - B.Cu
    @(80.1750 mm, 46.0000 mm): Via [BOOT_GPIO0] on F.Cu - B.Cu
[holes_co_located]: Drilled holes co-located
    Local override; warning
    @(45.5250 mm, 31.3650 mm): Via [LIN_EN] on F.Cu - B.Cu
    @(45.5250 mm, 31.3650 mm): Via [LIN_EN] on F.Cu - B.Cu
[holes_co_located]: Drilled holes co-located
    Local override; warning
    @(63.5000 mm, 44.8000 mm): Via [LIN_EN] on F.Cu - B.Cu
    @(63.5000 mm, 44.8000 mm): Via [LIN_EN] on F.Cu - B.Cu
[holes_co_located]: Drilled holes co-located
    Local override; warning
    @(66.8250 mm, 20.0000 mm): Via [LIN_A_TJA] on F.Cu - B.Cu
    @(66.8250 mm, 20.0000 mm): Via [LIN_A_TJA] on F.Cu - B.Cu
[holes_co_located]: Drilled holes co-located
    Local override; warning
    @(45.5250 mm, 32.6350 mm): Via [WAKE_B_N] on F.Cu - B.Cu
    @(45.5250 mm, 32.6350 mm): Via [WAKE_B_N] on F.Cu - B.Cu
[lib_footprint_issues]: The current configuration does not include the footprint library 'MountingHole'
    Local override; warning
    @(4.0000 mm, 4.0000 mm): Footprint REF**
[lib_footprint_issues]: The current configuration does not include the footprint library 'MountingHole'
    Local override; warning
    @(96.0000 mm, 4.0000 mm): Footprint REF**
[lib_footprint_issues]: The current configuration does not include the footprint library 'MountingHole'
    Local override; warning
    @(4.0000 mm, 56.0000 mm): Footprint REF**
[lib_footprint_issues]: The current configuration does not include the footprint library 'MountingHole'
    Local override; warning
    @(96.0000 mm, 56.0000 mm): Footprint REF**
[lib_footprint_issues]: The current configuration does not include the footprint library 'Package_SO'
    Local override; warning
    @(16.0000 mm, 12.0000 mm): Footprint U4
[lib_footprint_issues]: The current configuration does not include the footprint library 'Capacitor_SMD'
    Local override; warning
    @(30.0000 mm, 12.0000 mm): Footprint C_IN
[lib_footprint_issues]: The current configuration does not include the footprint library 'Inductor_SMD'
    Local override; warning
    @(16.0000 mm, 24.0000 mm): Footprint L1
[lib_footprint_issues]: The current configuration does not include the footprint library 'Capacitor_SMD'
    Local override; warning
    @(30.0000 mm, 24.0000 mm): Footprint C_3V3
[lib_footprint_issues]: The current configuration does not include the footprint library 'Capacitor_SMD'
    Local override; warning
    @(22.0000 mm, 36.0000 mm): Footprint C_BST
[lib_footprint_issues]: The current configuration does not include the footprint library 'Resistor_SMD'
    Local override; warning
    @(10.0000 mm, 40.0000 mm): Footprint R_FB_TOP
[lib_footprint_issues]: The current configuration does not include the footprint library 'Resistor_SMD'
    Local override; warning
    @(15.0000 mm, 40.0000 mm): Footprint R_FB_BOT
[lib_footprint_issues]: The current configuration does not include the footprint library 'Resistor_SMD'
    Local override; warning
    @(20.0000 mm, 40.0000 mm): Footprint R_BUCK_EN
[lib_footprint_issues]: The current configuration does not include the footprint library 'Resistor_SMD'
    Local override; warning
    @(25.0000 mm, 40.0000 mm): Footprint R_BUCK_RON
[lib_footprint_issues]: The current configuration does not include the footprint library 'Resistor_SMD'
    Local override; warning
    @(30.0000 mm, 40.0000 mm): Footprint R_PGOOD_PU
[lib_footprint_issues]: The current configuration does not include the footprint library 'Package_SO'
    Local override; warning
    @(10.0000 mm, 44.0000 mm): Footprint Q1
[lib_footprint_issues]: The current configuration does not include the footprint library 'Fuse'
    Local override; warning
    @(16.0000 mm, 50.0000 mm): Footprint F1
[lib_footprint_issues]: The current configuration does not include the footprint library 'Diode_SMD'
    Local override; warning
    @(30.0000 mm, 48.0000 mm): Footprint D1
[lib_footprint_issues]: The current configuration does not include the footprint library 'Inductor_SMD'
    Local override; warning
    @(44.0000 mm, 48.0000 mm): Footprint FB1
[lib_footprint_issues]: The current configuration does not include the footprint library 'Package_SO'
    Local override; warning
    @(48.0000 mm, 8.0000 mm): Footprint U2
[lib_footprint_issues]: The current configuration does not include the footprint library 'Package_SO'
    Local override; warning
    @(48.0000 mm, 32.0000 mm): Footprint U3
[lib_footprint_issues]: The current configuration does not include the footprint library 'Resistor_SMD'
    Local override; warning
    @(64.0000 mm, 8.0000 mm): Footprint R_WAKE_A
[lib_footprint_issues]: The current configuration does not include the footprint library 'Resistor_SMD'
    Local override; warning
    @(70.0000 mm, 8.0000 mm): Footprint R_WAKE_B
[lib_footprint_issues]: The current configuration does not include the footprint library 'Resistor_SMD'
    Local override; warning
    @(66.0000 mm, 20.0000 mm): Footprint R_LINA_SER
[lib_footprint_issues]: The current configuration does not include the footprint library 'Resistor_SMD'
    Local override; warning
    @(68.0000 mm, 32.0000 mm): Footprint R_LINB_SER
[lib_footprint_issues]: The current configuration does not include the footprint library 'Resistor_SMD'
    Local override; warning
    @(73.0000 mm, 32.0000 mm): Footprint R_LINEN_PD
[lib_footprint_issues]: The current configuration does not include the footprint library 'Resistor_SMD'
    Local override; warning
    @(78.0000 mm, 32.0000 mm): Footprint R_ARMSENSE_PD
[lib_footprint_issues]: The current configuration does not include the footprint library 'Diode_SMD'
    Local override; warning
    @(74.0000 mm, 20.0000 mm): Footprint D2
[lib_footprint_issues]: The current configuration does not include the footprint library 'Diode_SMD'
    Local override; warning
    @(78.0000 mm, 40.0000 mm): Footprint D3
[lib_footprint_issues]: The current configuration does not include the footprint library 'RF_Module'
    Local override; warning
    @(90.0000 mm, 32.0000 mm): Footprint U1
[lib_footprint_issues]: The current configuration does not include the footprint library 'Button_Switch_SMD'
    Local override; warning
    @(66.0000 mm, 46.0000 mm): Footprint SW1
[lib_footprint_issues]: The current configuration does not include the footprint library 'Connector_USB'
    Local override; warning
    @(82.0000 mm, 6.0000 mm): Footprint J1
[lib_footprint_issues]: The current configuration does not include the footprint library 'Package_TO_SOT_SMD'
    Local override; warning
    @(86.0000 mm, 15.0000 mm): Footprint D4
[lib_footprint_issues]: The current configuration does not include the footprint library 'Resistor_SMD'
    Local override; warning
    @(76.0000 mm, 46.0000 mm): Footprint R_EN
[lib_footprint_issues]: The current configuration does not include the footprint library 'Resistor_SMD'
    Local override; warning
    @(81.0000 mm, 46.0000 mm): Footprint R_BOOT
[lib_footprint_issues]: The current configuration does not include the footprint library 'Resistor_SMD'
    Local override; warning
    @(76.0000 mm, 52.0000 mm): Footprint R_CC1
[lib_footprint_issues]: The current configuration does not include the footprint library 'Resistor_SMD'
    Local override; warning
    @(81.0000 mm, 52.0000 mm): Footprint R_CC2
[lib_footprint_issues]: The current configuration does not include the footprint library 'TestPoint'
    Local override; warning
    @(7.0000 mm, 54.0000 mm): Footprint TP1
[lib_footprint_issues]: The current configuration does not include the footprint library 'TestPoint'
    Local override; warning
    @(11.5000 mm, 54.0000 mm): Footprint TP2
[lib_footprint_issues]: The current configuration does not include the footprint library 'TestPoint'
    Local override; warning
    @(16.0000 mm, 54.0000 mm): Footprint TP3
[lib_footprint_issues]: The current configuration does not include the footprint library 'TestPoint'
    Local override; warning
    @(20.5000 mm, 54.0000 mm): Footprint TP4
[lib_footprint_issues]: The current configuration does not include the footprint library 'TestPoint'
    Local override; warning
    @(25.0000 mm, 54.0000 mm): Footprint TP5
[lib_footprint_issues]: The current configuration does not include the footprint library 'TestPoint'
    Local override; warning
    @(29.5000 mm, 54.0000 mm): Footprint TP6
[lib_footprint_issues]: The current configuration does not include the footprint library 'TestPoint'
    Local override; warning
    @(34.0000 mm, 54.0000 mm): Footprint TP7
[lib_footprint_issues]: The current configuration does not include the footprint library 'TestPoint'
    Local override; warning
    @(38.5000 mm, 54.0000 mm): Footprint TP8
[lib_footprint_issues]: The current configuration does not include the footprint library 'TestPoint'
    Local override; warning
    @(43.0000 mm, 54.0000 mm): Footprint TP9
[lib_footprint_issues]: The current configuration does not include the footprint library 'TestPoint'
    Local override; warning
    @(47.5000 mm, 54.0000 mm): Footprint TP10
[lib_footprint_issues]: The current configuration does not include the footprint library 'TestPoint'
    Local override; warning
    @(52.0000 mm, 54.0000 mm): Footprint TP11
[lib_footprint_issues]: The current configuration does not include the footprint library 'TestPoint'
    Local override; warning
    @(56.5000 mm, 54.0000 mm): Footprint TP12
[lib_footprint_issues]: The current configuration does not include the footprint library 'TestPoint'
    Local override; warning
    @(61.0000 mm, 54.0000 mm): Footprint TP13
[lib_footprint_issues]: The current configuration does not include the footprint library 'TestPoint'
    Local override; warning
    @(65.5000 mm, 54.0000 mm): Footprint TP14
[lib_footprint_issues]: The current configuration does not include the footprint library 'TestPoint'
    Local override; warning
    @(70.0000 mm, 54.0000 mm): Footprint TP15
[lib_footprint_issues]: The current configuration does not include the footprint library 'TestPoint'
    Local override; warning
    @(74.5000 mm, 54.0000 mm): Footprint TP16
[lib_footprint_issues]: The current configuration does not include the footprint library 'TestPoint'
    Local override; warning
    @(79.0000 mm, 54.0000 mm): Footprint TP17
[lib_footprint_issues]: The current configuration does not include the footprint library 'TestPoint'
    Local override; warning
    @(83.5000 mm, 54.0000 mm): Footprint TP18
[lib_footprint_issues]: The current configuration does not include the footprint library 'TestPoint'
    Local override; warning
    @(88.0000 mm, 54.0000 mm): Footprint TP19
[lib_footprint_issues]: The current configuration does not include the footprint library 'TestPoint'
    Local override; warning
    @(92.5000 mm, 54.0000 mm): Footprint TP20
[lib_footprint_issues]: The current configuration does not include the footprint library 'Fiducial'
    Local override; warning
    @(42.0000 mm, 5.0000 mm): Footprint FID1
[lib_footprint_issues]: The current configuration does not include the footprint library 'Fiducial'
    Local override; warning
    @(58.0000 mm, 5.0000 mm): Footprint FID2
[lib_footprint_issues]: The current configuration does not include the footprint library 'Fiducial'
    Local override; warning
    @(96.0000 mm, 56.0000 mm): Footprint FID3
[silk_overlap]: Silkscreen clearance
    Rule: board setup constraints silk; warning
    @(88.0000 mm, 54.0000 mm): Circle of TP19 on F.Silkscreen
    @(88.0000 mm, 54.0000 mm): Reference field of TP19
[silk_overlap]: Silkscreen clearance
    Rule: board setup constraints silk; warning
    @(92.5000 mm, 54.0000 mm): Circle of TP20 on F.Silkscreen
    @(92.5000 mm, 54.0000 mm): Reference field of TP20
[silk_overlap]: Silkscreen clearance
    Rule: board setup constraints silk; warning
    @(73.0000 mm, 32.0000 mm): Reference field of R_LINEN_PD
    @(78.0000 mm, 32.0000 mm): Reference field of R_ARMSENSE_PD
[silk_overlap]: Silkscreen clearance
    Rule: board setup constraints silk; warning
    @(72.7627 mm, 32.5225 mm): Segment of R_LINEN_PD on F.Silkscreen
    @(73.0000 mm, 32.0000 mm): Reference field of R_LINEN_PD
[silk_overlap]: Silkscreen clearance
    Rule: board setup constraints silk; warning
    @(72.7627 mm, 31.4775 mm): Segment of R_LINEN_PD on F.Silkscreen
    @(73.0000 mm, 32.0000 mm): Reference field of R_LINEN_PD
[silk_overlap]: Silkscreen clearance
    Rule: board setup constraints silk; warning
    @(72.7627 mm, 32.5225 mm): Segment of R_LINEN_PD on F.Silkscreen
    @(78.0000 mm, 32.0000 mm): Reference field of R_ARMSENSE_PD
[silk_overlap]: Silkscreen clearance
    Rule: board setup constraints silk; warning
    @(77.7627 mm, 32.5225 mm): Segment of R_ARMSENSE_PD on F.Silkscreen
    @(78.0000 mm, 32.0000 mm): Reference field of R_ARMSENSE_PD
[silk_overlap]: Silkscreen clearance
    Rule: board setup constraints silk; warning
    @(77.7627 mm, 31.4775 mm): Segment of R_ARMSENSE_PD on F.Silkscreen
    @(78.0000 mm, 32.0000 mm): Reference field of R_ARMSENSE_PD
[silk_overlap]: Silkscreen clearance
    Rule: board setup constraints silk; warning
    @(76.0000 mm, 46.0000 mm): Reference field of R_EN
    @(75.7627 mm, 46.5225 mm): Segment of R_EN on F.Silkscreen
[silk_overlap]: Silkscreen clearance
    Rule: board setup constraints silk; warning
    @(76.0000 mm, 46.0000 mm): Reference field of R_EN
    @(75.7627 mm, 45.4775 mm): Segment of R_EN on F.Silkscreen
[silk_overlap]: Silkscreen clearance
    Rule: board setup constraints silk; warning
    @(81.0000 mm, 46.0000 mm): Reference field of R_BOOT
    @(80.7627 mm, 45.4775 mm): Segment of R_BOOT on F.Silkscreen
[silk_overlap]: Silkscreen clearance
    Rule: board setup constraints silk; warning
    @(81.0000 mm, 46.0000 mm): Reference field of R_BOOT
    @(80.7627 mm, 46.5225 mm): Segment of R_BOOT on F.Silkscreen
[silk_overlap]: Silkscreen clearance
    Rule: board setup constraints silk; warning
    @(75.7627 mm, 52.5225 mm): Segment of R_CC1 on F.Silkscreen
    @(76.0000 mm, 52.0000 mm): Reference field of R_CC1
[silk_overlap]: Silkscreen clearance
    Rule: board setup constraints silk; warning
    @(75.7627 mm, 51.4775 mm): Segment of R_CC1 on F.Silkscreen
    @(76.0000 mm, 52.0000 mm): Reference field of R_CC1
[silk_overlap]: Silkscreen clearance
    Rule: board setup constraints silk; warning
    @(74.5000 mm, 54.0000 mm): Circle of TP16 on F.Silkscreen
    @(74.5000 mm, 54.0000 mm): Reference field of TP16
[silk_overlap]: Silkscreen clearance
    Rule: board setup constraints silk; warning
    @(79.0000 mm, 54.0000 mm): Reference field of TP17
    @(79.0000 mm, 54.0000 mm): Circle of TP17 on F.Silkscreen
[silk_overlap]: Silkscreen clearance
    Rule: board setup constraints silk; warning
    @(81.0000 mm, 52.0000 mm): Reference field of R_CC2
    @(80.7627 mm, 52.5225 mm): Segment of R_CC2 on F.Silkscreen
[silk_overlap]: Silkscreen clearance
    Rule: board setup constraints silk; warning
    @(81.0000 mm, 52.0000 mm): Reference field of R_CC2
    @(80.7627 mm, 51.4775 mm): Segment of R_CC2 on F.Silkscreen
[silk_overlap]: Silkscreen clearance
    Rule: board setup constraints silk; warning
    @(83.5000 mm, 54.0000 mm): Circle of TP18 on F.Silkscreen
    @(83.5000 mm, 54.0000 mm): Reference field of TP18
[silk_overlap]: Silkscreen clearance
    Rule: board setup constraints silk; warning
    @(22.0000 mm, 36.0000 mm): Reference field of C_BST
    @(21.8594 mm, 35.4900 mm): Segment of C_BST on F.Silkscreen
[silk_overlap]: Silkscreen clearance
    Rule: board setup constraints silk; warning
    @(21.8594 mm, 36.5100 mm): Segment of C_BST on F.Silkscreen
    @(22.0000 mm, 36.0000 mm): Reference field of C_BST
[silk_overlap]: Silkscreen clearance
    Rule: board setup constraints silk; warning
    @(25.0000 mm, 40.0000 mm): Reference field of R_BUCK_RON
    @(20.0000 mm, 40.0000 mm): Reference field of R_BUCK_EN
[silk_overlap]: Silkscreen clearance
    Rule: board setup constraints silk; warning
    @(24.7627 mm, 40.5225 mm): Segment of R_BUCK_RON on F.Silkscreen
    @(25.0000 mm, 40.0000 mm): Reference field of R_BUCK_RON
[silk_overlap]: Silkscreen clearance
    Rule: board setup constraints silk; warning
    @(25.0000 mm, 40.0000 mm): Reference field of R_BUCK_RON
    @(24.7627 mm, 39.4775 mm): Segment of R_BUCK_RON on F.Silkscreen
[silk_overlap]: Silkscreen clearance
    Rule: board setup constraints silk; warning
    @(25.0000 mm, 40.0000 mm): Reference field of R_BUCK_RON
    @(30.0000 mm, 40.0000 mm): Reference field of R_PGOOD_PU
[silk_overlap]: Silkscreen clearance
    Rule: board setup constraints silk; warning
    @(10.0000 mm, 40.0000 mm): Reference field of R_FB_TOP
    @(9.7627 mm, 39.4775 mm): Segment of R_FB_TOP on F.Silkscreen
[silk_overlap]: Silkscreen clearance
    Rule: board setup constraints silk; warning
    @(10.0000 mm, 40.0000 mm): Reference field of R_FB_TOP
    @(9.7627 mm, 40.5225 mm): Segment of R_FB_TOP on F.Silkscreen
[silk_overlap]: Silkscreen clearance
    Rule: board setup constraints silk; warning
    @(10.0000 mm, 40.0000 mm): Reference field of R_FB_TOP
    @(15.0000 mm, 40.0000 mm): Reference field of R_FB_BOT
[silk_overlap]: Silkscreen clearance
    Rule: board setup constraints silk; warning
    @(14.7627 mm, 40.5225 mm): Segment of R_FB_BOT on F.Silkscreen
    @(15.0000 mm, 40.0000 mm): Reference field of R_FB_BOT
[silk_overlap]: Silkscreen clearance
    Rule: board setup constraints silk; warning
    @(14.7627 mm, 39.4775 mm): Segment of R_FB_BOT on F.Silkscreen
    @(15.0000 mm, 40.0000 mm): Reference field of R_FB_BOT
[silk_overlap]: Silkscreen clearance
    Rule: board setup constraints silk; warning
    @(15.0000 mm, 40.0000 mm): Reference field of R_FB_BOT
    @(20.0000 mm, 40.0000 mm): Reference field of R_BUCK_EN
[silk_overlap]: Silkscreen clearance
    Rule: board setup constraints silk; warning
    @(20.0000 mm, 40.0000 mm): Reference field of R_BUCK_EN
    @(19.7627 mm, 40.5225 mm): Segment of R_BUCK_EN on F.Silkscreen
[silk_overlap]: Silkscreen clearance
    Rule: board setup constraints silk; warning
    @(19.7627 mm, 39.4775 mm): Segment of R_BUCK_EN on F.Silkscreen
    @(20.0000 mm, 40.0000 mm): Reference field of R_BUCK_EN
[silk_overlap]: Silkscreen clearance
    Rule: board setup constraints silk; warning
    @(7.0000 mm, 54.0000 mm): Reference field of TP1
    @(7.0000 mm, 54.0000 mm): Circle of TP1 on F.Silkscreen
[silk_overlap]: Silkscreen clearance
    Rule: board setup constraints silk; warning
    @(11.5000 mm, 54.0000 mm): Reference field of TP2
    @(11.5000 mm, 54.0000 mm): Circle of TP2 on F.Silkscreen
[silk_overlap]: Silkscreen clearance
    Rule: board setup constraints silk; warning
    @(16.0000 mm, 54.0000 mm): Reference field of TP3
    @(16.0000 mm, 54.0000 mm): Circle of TP3 on F.Silkscreen
[silk_overlap]: Silkscreen clearance
    Rule: board setup constraints silk; warning
    @(20.5000 mm, 54.0000 mm): Circle of TP4 on F.Silkscreen
    @(20.5000 mm, 54.0000 mm): Reference field of TP4
[silk_overlap]: Silkscreen clearance
    Rule: board setup constraints silk; warning
    @(29.7627 mm, 39.4775 mm): Segment of R_PGOOD_PU on F.Silkscreen
    @(30.0000 mm, 40.0000 mm): Reference field of R_PGOOD_PU
[silk_overlap]: Silkscreen clearance
    Rule: board setup constraints silk; warning
    @(25.0000 mm, 54.0000 mm): Reference field of TP5
    @(25.0000 mm, 54.0000 mm): Circle of TP5 on F.Silkscreen
[silk_overlap]: Silkscreen clearance
    Rule: board setup constraints silk; warning
    @(29.5000 mm, 54.0000 mm): Reference field of TP6
    @(29.5000 mm, 54.0000 mm): Circle of TP6 on F.Silkscreen
[silk_overlap]: Silkscreen clearance
    Rule: board setup constraints silk; warning
    @(34.0000 mm, 54.0000 mm): Reference field of TP7
    @(34.0000 mm, 54.0000 mm): Circle of TP7 on F.Silkscreen
[silk_overlap]: Silkscreen clearance
    Rule: board setup constraints silk; warning
    @(65.5000 mm, 54.0000 mm): Reference field of TP14
    @(65.5000 mm, 54.0000 mm): Circle of TP14 on F.Silkscreen
[silk_overlap]: Silkscreen clearance
    Rule: board setup constraints silk; warning
    @(70.0000 mm, 54.0000 mm): Circle of TP15 on F.Silkscreen
    @(70.0000 mm, 54.0000 mm): Reference field of TP15
[silk_overlap]: Silkscreen clearance
    Rule: board setup constraints silk; warning
    @(70.0000 mm, 8.0000 mm): Reference field of R_WAKE_B
    @(69.7627 mm, 7.4775 mm): Segment of R_WAKE_B on F.Silkscreen
[silk_overlap]: Silkscreen clearance
    Rule: board setup constraints silk; warning
    @(69.7627 mm, 8.5225 mm): Segment of R_WAKE_B on F.Silkscreen
    @(70.0000 mm, 8.0000 mm): Reference field of R_WAKE_B
[silk_overlap]: Silkscreen clearance
    Rule: board setup constraints silk; warning
    @(68.0000 mm, 32.0000 mm): Reference field of R_LINB_SER
    @(73.0000 mm, 32.0000 mm): Reference field of R_LINEN_PD
[silk_overlap]: Silkscreen clearance
    Rule: board setup constraints silk; warning
    @(68.0000 mm, 32.0000 mm): Reference field of R_LINB_SER
    @(78.0000 mm, 32.0000 mm): Reference field of R_ARMSENSE_PD
[silk_overlap]: Silkscreen clearance
    Rule: board setup constraints silk; warning
    @(38.5000 mm, 54.0000 mm): Reference field of TP8
    @(38.5000 mm, 54.0000 mm): Circle of TP8 on F.Silkscreen
[silk_overlap]: Silkscreen clearance
    Rule: board setup constraints silk; warning
    @(43.0000 mm, 54.0000 mm): Circle of TP9 on F.Silkscreen
    @(43.0000 mm, 54.0000 mm): Reference field of TP9
[silk_overlap]: Silkscreen clearance
    Rule: board setup constraints silk; warning
    @(47.5000 mm, 54.0000 mm): Circle of TP10 on F.Silkscreen
    @(47.5000 mm, 54.0000 mm): Reference field of TP10
[silk_overlap]: Silkscreen clearance
    Rule: board setup constraints silk; warning
    @(52.0000 mm, 54.0000 mm): Circle of TP11 on F.Silkscreen
    @(52.0000 mm, 54.0000 mm): Reference field of TP11
[silk_overlap]: Silkscreen clearance
    Rule: board setup constraints silk; warning
    @(56.5000 mm, 54.0000 mm): Circle of TP12 on F.Silkscreen
    @(56.5000 mm, 54.0000 mm): Reference field of TP12
[silk_overlap]: Silkscreen clearance
    Rule: board setup constraints silk; warning
    @(61.0000 mm, 54.0000 mm): Reference field of TP13
    @(61.0000 mm, 54.0000 mm): Circle of TP13 on F.Silkscreen
[silk_overlap]: Silkscreen clearance
    Rule: board setup constraints silk; warning
    @(64.0000 mm, 8.0000 mm): Reference field of R_WAKE_A
    @(63.7627 mm, 7.4775 mm): Segment of R_WAKE_A on F.Silkscreen
[silk_overlap]: Silkscreen clearance
    Rule: board setup constraints silk; warning
    @(64.0000 mm, 8.0000 mm): Reference field of R_WAKE_A
    @(70.0000 mm, 8.0000 mm): Reference field of R_WAKE_B
[silk_overlap]: Silkscreen clearance
    Rule: board setup constraints silk; warning
    @(65.7627 mm, 19.4775 mm): Segment of R_LINA_SER on F.Silkscreen
    @(66.0000 mm, 20.0000 mm): Reference field of R_LINA_SER
[silk_overlap]: Silkscreen clearance
    Rule: board setup constraints silk; warning
    @(65.7627 mm, 20.5225 mm): Segment of R_LINA_SER on F.Silkscreen
    @(66.0000 mm, 20.0000 mm): Reference field of R_LINA_SER
[silk_overlap]: Silkscreen clearance
    Rule: board setup constraints silk; warning
    @(68.0000 mm, 32.0000 mm): Reference field of R_LINB_SER
    @(67.7627 mm, 31.4775 mm): Segment of R_LINB_SER on F.Silkscreen
[silk_overlap]: Silkscreen clearance
    Rule: board setup constraints silk; warning
    @(68.0000 mm, 32.0000 mm): Reference field of R_LINB_SER
    @(67.7627 mm, 32.5225 mm): Segment of R_LINB_SER on F.Silkscreen
[silk_overlap]: Silkscreen clearance
    Rule: board setup constraints silk; warning
    @(64.0000 mm, 8.0000 mm): Reference field of R_WAKE_A
    @(63.7627 mm, 8.5225 mm): Segment of R_WAKE_A on F.Silkscreen
[silk_over_copper]: Silkscreen clipped by solder mask
    Local override; warning
    @(86.0000 mm, 15.0000 mm): Reference field of D4
    @(84.8625 mm, 15.0000 mm): Pad 2 [GND] of D4 on F.Cu
[silk_over_copper]: Silkscreen clipped by solder mask
    Local override; warning
    @(88.0000 mm, 54.0000 mm): Reference field of TP19
    @(88.0000 mm, 54.0000 mm): Pad 1 [INH_A_TP] of TP19 on F.Cu
[silk_over_copper]: Silkscreen clipped by solder mask
    Local override; warning
    @(92.5000 mm, 54.0000 mm): Reference field of TP20
    @(92.5000 mm, 54.0000 mm): Pad 1 [INH_B_TP] of TP20 on F.Cu
[silk_over_copper]: Silkscreen clipped by solder mask
    Local override; warning
    @(96.0000 mm, 56.0000 mm): Reference field of FID3
    @(96.0000 mm, 56.0000 mm): Pad [<no net>] of FID3 on F.Cu
[silk_over_copper]: Silkscreen clipped by solder mask
    Local override; warning
    @(73.0000 mm, 32.0000 mm): Reference field of R_LINEN_PD
    @(72.1750 mm, 32.0000 mm): Pad 1 [LIN_EN] of R_LINEN_PD on F.Cu
[silk_over_copper]: Silkscreen clipped by solder mask
    Local override; warning
    @(73.0000 mm, 32.0000 mm): Reference field of R_LINEN_PD
    @(73.8250 mm, 32.0000 mm): Pad 2 [GND] of R_LINEN_PD on F.Cu
[silk_over_copper]: Silkscreen clipped by solder mask
    Local override; warning
    @(78.0000 mm, 32.0000 mm): Reference field of R_ARMSENSE_PD
    @(73.8250 mm, 32.0000 mm): Pad 2 [GND] of R_LINEN_PD on F.Cu
[silk_over_copper]: Silkscreen clipped by solder mask
    Local override; warning
    @(78.0000 mm, 32.0000 mm): Reference field of R_ARMSENSE_PD
    @(77.1750 mm, 32.0000 mm): Pad 1 [ARM_SENSE] of R_ARMSENSE_PD on F.Cu
[silk_over_copper]: Silkscreen clipped by solder mask
    Local override; warning
    @(73.0000 mm, 32.0000 mm): Reference field of R_LINEN_PD
    @(77.1750 mm, 32.0000 mm): Pad 1 [ARM_SENSE] of R_ARMSENSE_PD on F.Cu
[silk_over_copper]: Silkscreen clipped by solder mask
    Local override; warning
    @(78.0000 mm, 32.0000 mm): Reference field of R_ARMSENSE_PD
    @(78.8250 mm, 32.0000 mm): Pad 2 [GND] of R_ARMSENSE_PD on F.Cu
[silk_over_copper]: Silkscreen clipped by solder mask
    Local override; warning
    @(78.0000 mm, 32.0000 mm): Reference field of R_ARMSENSE_PD
    @(81.2500 mm, 32.4800 mm): Pad 8 [<no net>] of U1 on F.Cu
[silk_over_copper]: Silkscreen clipped by solder mask
    Local override; warning
    @(78.0000 mm, 32.0000 mm): Reference field of R_ARMSENSE_PD
    @(81.2500 mm, 31.2100 mm): Pad 7 [LIN_B_TXD] of U1 on F.Cu
[silk_over_copper]: Silkscreen clipped by solder mask
    Local override; warning
    @(74.0000 mm, 20.0000 mm): Reference field of D2
    @(75.0500 mm, 20.0000 mm): Pad 2 [GND] of D2 on F.Cu
[silk_over_copper]: Silkscreen clipped by solder mask
    Local override; warning
    @(78.0000 mm, 40.0000 mm): Reference field of D3
    @(79.0500 mm, 40.0000 mm): Pad 2 [GND] of D3 on F.Cu
[silk_over_copper]: Silkscreen clipped by solder mask
    Local override; warning
    @(78.0000 mm, 40.0000 mm): Reference field of D3
    @(76.9500 mm, 40.0000 mm): Pad 1 [LIN_B] of D3 on F.Cu
[silk_over_copper]: Silkscreen clipped by solder mask
    Local override; warning
    @(90.0000 mm, 32.0000 mm): Reference field of U1
    @(88.5000 mm, 31.3100 mm): Pad 41 [GND] of U1 on F.Cu
[silk_over_copper]: Silkscreen clipped by solder mask
    Local override; warning
    @(90.0000 mm, 32.0000 mm): Reference field of U1
    @(89.2000 mm, 31.3100 mm): PTH pad 41 [GND] of U1
[silk_over_copper]: Silkscreen clipped by solder mask
    Local override; warning
    @(90.0000 mm, 32.0000 mm): Reference field of U1
    @(89.2000 mm, 32.7100 mm): PTH pad 41 [GND] of U1
[silk_over_copper]: Silkscreen clipped by solder mask
    Local override; warning
    @(90.0000 mm, 32.0000 mm): Reference field of U1
    @(89.9000 mm, 32.0100 mm): PTH pad 41 [GND] of U1
[silk_over_copper]: Silkscreen clipped by solder mask
    Local override; warning
    @(86.0000 mm, 15.0000 mm): Reference field of D4
    @(87.1375 mm, 15.0000 mm): Pad 5 [USB_VBUS] of D4 on F.Cu
[silk_over_copper]: Silkscreen clipped by solder mask
    Local override; warning
    @(76.0000 mm, 46.0000 mm): Reference field of R_EN
    @(75.1750 mm, 46.0000 mm): Pad 1 [EN] of R_EN on F.Cu
[silk_over_copper]: Silkscreen clipped by solder mask
    Local override; warning
    @(76.0000 mm, 46.0000 mm): Reference field of R_EN
    @(76.8250 mm, 46.0000 mm): Pad 2 [3V3] of R_EN on F.Cu
[silk_over_copper]: Silkscreen clipped by solder mask
    Local override; warning
    @(81.0000 mm, 46.0000 mm): Reference field of R_BOOT
    @(80.1750 mm, 46.0000 mm): Pad 1 [BOOT_GPIO0] of R_BOOT on F.Cu
[silk_over_copper]: Silkscreen clipped by solder mask
    Local override; warning
    @(81.0000 mm, 46.0000 mm): Reference field of R_BOOT
    @(81.8250 mm, 46.0000 mm): Pad 2 [3V3] of R_BOOT on F.Cu
[silk_over_copper]: Silkscreen clipped by solder mask
    Local override; warning
    @(76.0000 mm, 52.0000 mm): Reference field of R_CC1
    @(75.1750 mm, 52.0000 mm): Pad 1 [CC1] of R_CC1 on F.Cu
[silk_over_copper]: Silkscreen clipped by solder mask
    Local override; warning
    @(76.0000 mm, 52.0000 mm): Reference field of R_CC1
    @(76.8250 mm, 52.0000 mm): Pad 2 [GND] of R_CC1 on F.Cu
[silk_over_copper]: Silkscreen clipped by solder mask
    Local override; warning
    @(74.5000 mm, 54.0000 mm): Reference field of TP16
    @(74.5000 mm, 54.0000 mm): Pad 1 [ARM_SENSE] of TP16 on F.Cu
[silk_over_copper]: Silkscreen clipped by solder mask
    Local override; warning
    @(79.0000 mm, 54.0000 mm): Reference field of TP17
    @(79.0000 mm, 54.0000 mm): Pad 1 [WAKE_A_N] of TP17 on F.Cu
[silk_over_copper]: Silkscreen clipped by solder mask
    Local override; warning
    @(81.0000 mm, 52.0000 mm): Reference field of R_CC2
    @(80.1750 mm, 52.0000 mm): Pad 1 [CC2] of R_CC2 on F.Cu
[silk_over_copper]: Silkscreen clipped by solder mask
    Local override; warning
    @(81.0000 mm, 52.0000 mm): Reference field of R_CC2
    @(81.8250 mm, 52.0000 mm): Pad 2 [GND] of R_CC2 on F.Cu
[silk_over_copper]: Silkscreen clipped by solder mask
    Local override; warning
    @(83.5000 mm, 54.0000 mm): Reference field of TP18
    @(83.5000 mm, 54.0000 mm): Pad 1 [WAKE_B_N] of TP18 on F.Cu
[silk_over_copper]: Silkscreen clipped by solder mask
    Local override; warning
    @(16.0000 mm, 12.0000 mm): Reference field of U4
    @(16.0000 mm, 12.0000 mm): Pad 9 [GND] of U4 on F.Cu
[silk_over_copper]: Silkscreen clipped by solder mask
    Local override; warning
    @(30.0000 mm, 24.0000 mm): Reference field of C_3V3
    @(28.5250 mm, 24.0000 mm): Pad 1 [3V3] of C_3V3 on F.Cu
[silk_over_copper]: Silkscreen clipped by solder mask
    Local override; warning
    @(30.0000 mm, 24.0000 mm): Reference field of C_3V3
    @(31.4750 mm, 24.0000 mm): Pad 2 [GND] of C_3V3 on F.Cu
[silk_over_copper]: Silkscreen clipped by solder mask
    Local override; warning
    @(22.0000 mm, 36.0000 mm): Reference field of C_BST
    @(22.7750 mm, 36.0000 mm): Pad 2 [BUCK_SW] of C_BST on F.Cu
[silk_over_copper]: Silkscreen clipped by solder mask
    Local override; warning
    @(30.0000 mm, 12.0000 mm): Reference field of C_IN
    @(28.5250 mm, 12.0000 mm): Pad 1 [VBAT_FILTERED] of C_IN on F.Cu
[silk_over_copper]: Silkscreen clipped by solder mask
    Local override; warning
    @(25.0000 mm, 40.0000 mm): Reference field of R_BUCK_RON
    @(24.1750 mm, 40.0000 mm): Pad 1 [VBAT_FILTERED] of R_BUCK_RON on F.Cu
[silk_over_copper]: Silkscreen clipped by solder mask
    Local override; warning
    @(25.0000 mm, 40.0000 mm): Reference field of R_BUCK_RON
    @(25.8250 mm, 40.0000 mm): Pad 2 [BUCK_RON] of R_BUCK_RON on F.Cu
[silk_over_copper]: Silkscreen clipped by solder mask
    Local override; warning
    @(30.0000 mm, 40.0000 mm): Reference field of R_PGOOD_PU
    @(25.8250 mm, 40.0000 mm): Pad 2 [BUCK_RON] of R_BUCK_RON on F.Cu
[silk_over_copper]: Silkscreen clipped by solder mask
    Local override; warning
    @(25.0000 mm, 40.0000 mm): Reference field of R_BUCK_RON
    @(29.1750 mm, 40.0000 mm): Pad 1 [BUCK_PGOOD] of R_PGOOD_PU on F.Cu
[silk_over_copper]: Silkscreen clipped by solder mask
    Local override; warning
    @(30.0000 mm, 40.0000 mm): Reference field of R_PGOOD_PU
    @(29.1750 mm, 40.0000 mm): Pad 1 [BUCK_PGOOD] of R_PGOOD_PU on F.Cu
[silk_over_copper]: Silkscreen clipped by solder mask
    Local override; warning
    @(10.0000 mm, 40.0000 mm): Reference field of R_FB_TOP
    @(9.1750 mm, 40.0000 mm): Pad 1 [3V3] of R_FB_TOP on F.Cu
[silk_over_copper]: Silkscreen clipped by solder mask
    Local override; warning
    @(10.0000 mm, 40.0000 mm): Reference field of R_FB_TOP
    @(10.8250 mm, 40.0000 mm): Pad 2 [BUCK_FB] of R_FB_TOP on F.Cu
[silk_over_copper]: Silkscreen clipped by solder mask
    Local override; warning
    @(15.0000 mm, 40.0000 mm): Reference field of R_FB_BOT
    @(14.1750 mm, 40.0000 mm): Pad 1 [BUCK_FB] of R_FB_BOT on F.Cu
[silk_over_copper]: Silkscreen clipped by solder mask
    Local override; warning
    @(20.0000 mm, 40.0000 mm): Reference field of R_BUCK_EN
    @(15.8250 mm, 40.0000 mm): Pad 2 [GND] of R_FB_BOT on F.Cu
[silk_over_copper]: Silkscreen clipped by solder mask
    Local override; warning
    @(15.0000 mm, 40.0000 mm): Reference field of R_FB_BOT
    @(15.8250 mm, 40.0000 mm): Pad 2 [GND] of R_FB_BOT on F.Cu
[silk_over_copper]: Silkscreen clipped by solder mask
    Local override; warning
    @(20.0000 mm, 40.0000 mm): Reference field of R_BUCK_EN
    @(19.1750 mm, 40.0000 mm): Pad 1 [VBAT_FILTERED] of R_BUCK_EN on F.Cu
[silk_over_copper]: Silkscreen clipped by solder mask
    Local override; warning
    @(25.0000 mm, 40.0000 mm): Reference field of R_BUCK_RON
    @(20.8250 mm, 40.0000 mm): Pad 2 [BUCK_EN] of R_BUCK_EN on F.Cu
[silk_over_copper]: Silkscreen clipped by solder mask
    Local override; warning
    @(20.0000 mm, 40.0000 mm): Reference field of R_BUCK_EN
    @(20.8250 mm, 40.0000 mm): Pad 2 [BUCK_EN] of R_BUCK_EN on F.Cu
[silk_over_copper]: Silkscreen clipped by solder mask
    Local override; warning
    @(20.0000 mm, 40.0000 mm): Reference field of R_BUCK_EN
    @(24.1750 mm, 40.0000 mm): Pad 1 [VBAT_FILTERED] of R_BUCK_RON on F.Cu
[silk_over_copper]: Silkscreen clipped by solder mask
    Local override; warning
    @(7.0000 mm, 54.0000 mm): Reference field of TP1
    @(7.0000 mm, 54.0000 mm): Pad 1 [GND] of TP1 on F.Cu
[silk_over_copper]: Silkscreen clipped by solder mask
    Local override; warning
    @(11.5000 mm, 54.0000 mm): Reference field of TP2
    @(11.5000 mm, 54.0000 mm): Pad 1 [3V3] of TP2 on F.Cu
[silk_over_copper]: Silkscreen clipped by solder mask
    Local override; warning
    @(16.0000 mm, 54.0000 mm): Reference field of TP3
    @(16.0000 mm, 54.0000 mm): Pad 1 [VBAT_PROTECTED] of TP3 on F.Cu
[silk_over_copper]: Silkscreen clipped by solder mask
    Local override; warning
    @(20.5000 mm, 54.0000 mm): Reference field of TP4
    @(20.5000 mm, 54.0000 mm): Pad 1 [USB_D_MINUS] of TP4 on F.Cu
[silk_over_copper]: Silkscreen clipped by solder mask
    Local override; warning
    @(30.0000 mm, 40.0000 mm): Reference field of R_PGOOD_PU
    @(30.8250 mm, 40.0000 mm): Pad 2 [3V3] of R_PGOOD_PU on F.Cu
[silk_over_copper]: Silkscreen clipped by solder mask
    Local override; warning
    @(25.0000 mm, 54.0000 mm): Reference field of TP5
    @(25.0000 mm, 54.0000 mm): Pad 1 [USB_D_PLUS] of TP5 on F.Cu
[silk_over_copper]: Silkscreen clipped by solder mask
    Local override; warning
    @(29.5000 mm, 54.0000 mm): Reference field of TP6
    @(29.5000 mm, 54.0000 mm): Pad 1 [UART0_TX] of TP6 on F.Cu
[silk_over_copper]: Silkscreen clipped by solder mask
    Local override; warning
    @(34.0000 mm, 54.0000 mm): Reference field of TP7
    @(34.0000 mm, 54.0000 mm): Pad 1 [UART0_RX] of TP7 on F.Cu
[silk_over_copper]: Silkscreen clipped by solder mask
    Local override; warning
    @(30.0000 mm, 12.0000 mm): Reference field of C_IN
    @(31.4750 mm, 12.0000 mm): Pad 2 [GND] of C_IN on F.Cu
[silk_over_copper]: Silkscreen clipped by solder mask
    Local override; warning
    @(42.0000 mm, 5.0000 mm): Reference field of FID1
    @(42.0000 mm, 5.0000 mm): Pad [<no net>] of FID1 on F.Cu
[silk_over_copper]: Silkscreen clipped by solder mask
    Local override; warning
    @(68.0000 mm, 32.0000 mm): Reference field of R_LINB_SER
    @(68.8250 mm, 32.0000 mm): Pad 2 [LIN_B_TJA] of R_LINB_SER on F.Cu
[silk_over_copper]: Silkscreen clipped by solder mask
    Local override; warning
    @(66.0000 mm, 46.0000 mm): Reference field of SW1
    @(66.0000 mm, 44.8000 mm): Pad 2 [GND] of SW1 on F.Cu
[silk_over_copper]: Silkscreen clipped by solder mask
    Local override; warning
    @(66.0000 mm, 46.0000 mm): Reference field of SW1
    @(66.0000 mm, 47.2000 mm): Pad 5 [GND] of SW1 on F.Cu
[silk_over_copper]: Silkscreen clipped by solder mask
    Local override; warning
    @(65.5000 mm, 54.0000 mm): Reference field of TP14
    @(65.5000 mm, 54.0000 mm): Pad 1 [LIN_EN] of TP14 on F.Cu
[silk_over_copper]: Silkscreen clipped by solder mask
    Local override; warning
    @(70.0000 mm, 54.0000 mm): Reference field of TP15
    @(70.0000 mm, 54.0000 mm): Pad 1 [LIN_EN_DRIVE] of TP15 on F.Cu
[silk_over_copper]: Silkscreen clipped by solder mask
    Local override; warning
    @(70.0000 mm, 8.0000 mm): Reference field of R_WAKE_B
    @(69.1750 mm, 8.0000 mm): Pad 1 [WAKE_B_N] of R_WAKE_B on F.Cu
[silk_over_copper]: Silkscreen clipped by solder mask
    Local override; warning
    @(70.0000 mm, 8.0000 mm): Reference field of R_WAKE_B
    @(70.8250 mm, 8.0000 mm): Pad 2 [VBAT_PROTECTED] of R_WAKE_B on F.Cu
[silk_over_copper]: Silkscreen clipped by solder mask
    Local override; warning
    @(74.0000 mm, 20.0000 mm): Reference field of D2
    @(72.9500 mm, 20.0000 mm): Pad 1 [LIN_A] of D2 on F.Cu
[silk_over_copper]: Silkscreen clipped by solder mask
    Local override; warning
    @(73.0000 mm, 32.0000 mm): Reference field of R_LINEN_PD
    @(68.8250 mm, 32.0000 mm): Pad 2 [LIN_B_TJA] of R_LINB_SER on F.Cu
[silk_over_copper]: Silkscreen clipped by solder mask
    Local override; warning
    @(68.0000 mm, 32.0000 mm): Reference field of R_LINB_SER
    @(72.1750 mm, 32.0000 mm): Pad 1 [LIN_EN] of R_LINEN_PD on F.Cu
[silk_over_copper]: Silkscreen clipped by solder mask
    Local override; warning
    @(78.0000 mm, 32.0000 mm): Reference field of R_ARMSENSE_PD
    @(72.1750 mm, 32.0000 mm): Pad 1 [LIN_EN] of R_LINEN_PD on F.Cu
[silk_over_copper]: Silkscreen clipped by solder mask
    Local override; warning
    @(44.0000 mm, 48.0000 mm): Reference field of FB1
    @(42.4250 mm, 48.0000 mm): Pad 1 [VBAT_PROTECTED] of FB1 on F.Cu
[silk_over_copper]: Silkscreen clipped by solder mask
    Local override; warning
    @(44.0000 mm, 48.0000 mm): Reference field of FB1
    @(45.5750 mm, 48.0000 mm): Pad 2 [VBAT_FILTERED] of FB1 on F.Cu
[silk_over_copper]: Silkscreen clipped by solder mask
    Local override; warning
    @(38.5000 mm, 54.0000 mm): Reference field of TP8
    @(38.5000 mm, 54.0000 mm): Pad 1 [EN] of TP8 on F.Cu
[silk_over_copper]: Silkscreen clipped by solder mask
    Local override; warning
    @(43.0000 mm, 54.0000 mm): Reference field of TP9
    @(43.0000 mm, 54.0000 mm): Pad 1 [BOOT_GPIO0] of TP9 on F.Cu
[silk_over_copper]: Silkscreen clipped by solder mask
    Local override; warning
    @(47.5000 mm, 54.0000 mm): Reference field of TP10
    @(47.5000 mm, 54.0000 mm): Pad 1 [LIN_A] of TP10 on F.Cu
[silk_over_copper]: Silkscreen clipped by solder mask
    Local override; warning
    @(52.0000 mm, 54.0000 mm): Reference field of TP11
    @(52.0000 mm, 54.0000 mm): Pad 1 [LIN_B] of TP11 on F.Cu
[silk_over_copper]: Silkscreen clipped by solder mask
    Local override; warning
    @(56.5000 mm, 54.0000 mm): Reference field of TP12
    @(56.5000 mm, 54.0000 mm): Pad 1 [LIN_A_TJA] of TP12 on F.Cu
[silk_over_copper]: Silkscreen clipped by solder mask
    Local override; warning
    @(61.0000 mm, 54.0000 mm): Reference field of TP13
    @(61.0000 mm, 54.0000 mm): Pad 1 [LIN_B_TJA] of TP13 on F.Cu
[silk_over_copper]: Silkscreen clipped by solder mask
    Local override; warning
    @(58.0000 mm, 5.0000 mm): Reference field of FID2
    @(58.0000 mm, 5.0000 mm): Pad [<no net>] of FID2 on F.Cu
[silk_over_copper]: Silkscreen clipped by solder mask
    Local override; warning
    @(64.0000 mm, 8.0000 mm): Reference field of R_WAKE_A
    @(64.8250 mm, 8.0000 mm): Pad 2 [VBAT_PROTECTED] of R_WAKE_A on F.Cu
[silk_over_copper]: Silkscreen clipped by solder mask
    Local override; warning
    @(66.0000 mm, 20.0000 mm): Reference field of R_LINA_SER
    @(65.1750 mm, 20.0000 mm): Pad 1 [LIN_A] of R_LINA_SER on F.Cu
[silk_over_copper]: Silkscreen clipped by solder mask
    Local override; warning
    @(66.0000 mm, 20.0000 mm): Reference field of R_LINA_SER
    @(66.8250 mm, 20.0000 mm): Pad 2 [LIN_A_TJA] of R_LINA_SER on F.Cu
[silk_over_copper]: Silkscreen clipped by solder mask
    Local override; warning
    @(68.0000 mm, 32.0000 mm): Reference field of R_LINB_SER
    @(67.1750 mm, 32.0000 mm): Pad 1 [LIN_B] of R_LINB_SER on F.Cu
[silk_over_copper]: Silkscreen clipped by solder mask
    Local override; warning
    @(64.0000 mm, 8.0000 mm): Reference field of R_WAKE_A
    @(63.1750 mm, 8.0000 mm): Pad 1 [WAKE_A_N] of R_WAKE_A on F.Cu

** Found 2 unconnected pads **
[unconnected_items]: Missing connection between items
    Local override; error
    @(1.0000 mm, 1.0000 mm): Zone [GND] on F.Cu, priority 1
    @(1.0000 mm, 1.0000 mm): Zone [GND] on F.Cu, priority 1
[unconnected_items]: Missing connection between items
    Local override; error
    @(1.0000 mm, 1.0000 mm): Zone [GND] on F.Cu, priority 1
    @(1.0000 mm, 1.0000 mm): Zone [GND] on F.Cu, priority 1

** Found 0 Footprint errors **

** Ignored checks **
    - Footprint has no courtyard defined
    - Track endpoint not centered on via
    - Tuning profile track geometries
    - Footprint doesn't match symbol's footprint filters
    - Footprint component type doesn't match footprint pads

** End of Report **
